This is pdfTeX, Version 3.1415926-2.5-1.40.14 (TeX Live 2013/Debian) (format=pdflatex 2014.5.16)  25 MAY 2016 17:45
entering extended mode
 restricted \write18 enabled.
 %&-line parsing enabled.
**example_students.tex
(./example_students.tex
LaTeX2e <2011/06/27>
Babel <3.9h> and hyphenation patterns for 78 languages loaded.
(./ITRslides.cls
Document Class: ITRslides 2007/05/31 class for ITR slides
-- 2015/04/17 revision V1.1 by M. Kimmel
-- 2012/11/08 revision V1.0 by B. Weber and D. Althoff
-- 2012/09/27 revision V0.3 by B. Weber
-- 2011/10/05 revision V0.2 by M. Rank
-- 2007/05/31 revision V0.1 by M. Sobotka
-- 2007/05/31 most recent changes by Marion Sobotka
-- Report bugs to da@tum.de stating the version number.
(/usr/share/texmf/tex/latex/beamer/base/beamer.cls
(/usr/share/texmf/tex/latex/beamer/base/beamerbasercs.sty
Package: beamerbasercs 2012/11/13 (rcs-revision cb16a617839f)
)
Document Class: beamer 2012/10/15 development version 3.24 A class for typesett
ing presentations (rcs-revision 24853e6b98cf)
(/usr/share/texmf/tex/latex/beamer/base/beamerbasemodes.sty
Package: beamerbasemodes 2012/04/15 (rcs-revision cc6557182d97)
\beamer@tempbox=\box26
\beamer@tempcount=\count79
\c@beamerpauses=\count80

(/usr/share/texmf/tex/latex/beamer/base/beamerbasedecode.sty
Package: beamerbasedecode 2010/05/01 (rcs-revision efa082c6111d)
\beamer@slideinframe=\count81
\beamer@minimum=\count82
)
\beamer@commentbox=\box27
\beamer@modecount=\count83
)
(/usr/share/texlive/texmf-dist/tex/generic/oberdiek/ifpdf.sty
Package: ifpdf 2011/01/30 v2.3 Provides the ifpdf switch (HO)
Package ifpdf Info: pdfTeX in PDF mode is detected.
)
\headheight=\dimen102
\headdp=\dimen103
\footheight=\dimen104
\sidebarheight=\dimen105
\beamer@tempdim=\dimen106
\beamer@finalheight=\dimen107
\beamer@animht=\dimen108
\beamer@animdp=\dimen109
\beamer@animwd=\dimen110
\beamer@leftmargin=\dimen111
\beamer@rightmargin=\dimen112
\beamer@leftsidebar=\dimen113
\beamer@rightsidebar=\dimen114
\beamer@boxsize=\dimen115
\beamer@vboxoffset=\dimen116
\beamer@descdefault=\dimen117
\beamer@descriptionwidth=\dimen118
\beamer@lastskip=\skip41
\beamer@areabox=\box28
\beamer@animcurrent=\box29
\beamer@animshowbox=\box30
\beamer@sectionbox=\box31
\beamer@logobox=\box32
\beamer@linebox=\box33
\beamer@sectioncount=\count84
\beamer@subsubsectionmax=\count85
\beamer@subsectionmax=\count86
\beamer@sectionmax=\count87
\beamer@totalheads=\count88
\beamer@headcounter=\count89
\beamer@partstartpage=\count90
\beamer@sectionstartpage=\count91
\beamer@subsectionstartpage=\count92
\beamer@animationtempa=\count93
\beamer@animationtempb=\count94
\beamer@xpos=\count95
\beamer@ypos=\count96
\beamer@showpartnumber=\count97
\beamer@currentsubsection=\count98
\beamer@coveringdepth=\count99
\beamer@sectionadjust=\count100
\beamer@tocsectionnumber=\count101

(/usr/share/texmf/tex/latex/beamer/base/beamerbaseoptions.sty
Package: beamerbaseoptions 2010/04/27 (rcs-revision 982469101dd6)

(/usr/share/texlive/texmf-dist/tex/latex/graphics/keyval.sty
Package: keyval 1999/03/16 v1.13 key=value parser (DPC)
\KV@toks@=\toks14
))
\beamer@paperwidth=\skip42
\beamer@paperheight=\skip43

(/usr/share/texlive/texmf-dist/tex/latex/geometry/geometry.sty
Package: geometry 2010/09/12 v5.6 Page Geometry

(/usr/share/texlive/texmf-dist/tex/generic/oberdiek/ifvtex.sty
Package: ifvtex 2010/03/01 v1.5 Detect VTeX and its facilities (HO)
Package ifvtex Info: VTeX not detected.
)
(/usr/share/texlive/texmf-dist/tex/generic/ifxetex/ifxetex.sty
Package: ifxetex 2010/09/12 v0.6 Provides ifxetex conditional
)
\Gm@cnth=\count102
\Gm@cntv=\count103
\c@Gm@tempcnt=\count104
\Gm@bindingoffset=\dimen119
\Gm@wd@mp=\dimen120
\Gm@odd@mp=\dimen121
\Gm@even@mp=\dimen122
\Gm@layoutwidth=\dimen123
\Gm@layoutheight=\dimen124
\Gm@layouthoffset=\dimen125
\Gm@layoutvoffset=\dimen126
\Gm@dimlist=\toks15
)
(/usr/share/texlive/texmf-dist/tex/latex/base/size11.clo
File: size11.clo 2007/10/19 v1.4h Standard LaTeX file (size option)
)
(/usr/local/share/texmf/tex/latex/pgf/basiclayer/pgfcore.sty
(/usr/share/texlive/texmf-dist/tex/latex/graphics/graphicx.sty
Package: graphicx 1999/02/16 v1.0f Enhanced LaTeX Graphics (DPC,SPQR)

(/usr/share/texlive/texmf-dist/tex/latex/graphics/graphics.sty
Package: graphics 2009/02/05 v1.0o Standard LaTeX Graphics (DPC,SPQR)

(/usr/share/texlive/texmf-dist/tex/latex/graphics/trig.sty
Package: trig 1999/03/16 v1.09 sin cos tan (DPC)
)
(/usr/share/texlive/texmf-dist/tex/latex/latexconfig/graphics.cfg
File: graphics.cfg 2010/04/23 v1.9 graphics configuration of TeX Live
)
Package graphics Info: Driver file: pdftex.def on input line 91.

(/usr/share/texlive/texmf-dist/tex/latex/pdftex-def/pdftex.def
File: pdftex.def 2011/05/27 v0.06d Graphics/color for pdfTeX

(/usr/share/texlive/texmf-dist/tex/generic/oberdiek/infwarerr.sty
Package: infwarerr 2010/04/08 v1.3 Providing info/warning/error messages (HO)
)
(/usr/share/texlive/texmf-dist/tex/generic/oberdiek/ltxcmds.sty
Package: ltxcmds 2011/11/09 v1.22 LaTeX kernel commands for general use (HO)
)
\Gread@gobject=\count105
))
\Gin@req@height=\dimen127
\Gin@req@width=\dimen128
)
(/usr/local/share/texmf/tex/latex/pgf/systemlayer/pgfsys.sty
(/usr/local/share/texmf/tex/latex/pgf/utilities/pgfrcs.sty
(/usr/local/share/texmf/tex/generic/pgf/utilities/pgfutil-common.tex
\pgfutil@everybye=\toks16
\pgfutil@tempdima=\dimen129
\pgfutil@tempdimb=\dimen130

(/usr/local/share/texmf/tex/generic/pgf/utilities/pgfutil-common-lists.tex))
(/usr/local/share/texmf/tex/generic/pgf/utilities/pgfutil-latex.def
\pgfutil@abb=\box34

(/usr/share/texlive/texmf-dist/tex/latex/ms/everyshi.sty
Package: everyshi 2001/05/15 v3.00 EveryShipout Package (MS)
))
(/usr/local/share/texmf/tex/generic/pgf/utilities/pgfrcs.code.tex
Package: pgfrcs 2013/12/20 v3.0.0 (rcs-revision 1.28)
))
(/usr/local/share/texmf/tex/generic/pgf/systemlayer/pgfsys.code.tex
Package: pgfsys 2013/11/30 v3.0.0 (rcs-revision 1.47)

(/usr/local/share/texmf/tex/generic/pgf/utilities/pgfkeys.code.tex
\pgfkeys@pathtoks=\toks17
\pgfkeys@temptoks=\toks18

(/usr/local/share/texmf/tex/generic/pgf/utilities/pgfkeysfiltered.code.tex
\pgfkeys@tmptoks=\toks19
))
\pgf@x=\dimen131
\pgf@y=\dimen132
\pgf@xa=\dimen133
\pgf@ya=\dimen134
\pgf@xb=\dimen135
\pgf@yb=\dimen136
\pgf@xc=\dimen137
\pgf@yc=\dimen138
\w@pgf@writea=\write3
\r@pgf@reada=\read1
\c@pgf@counta=\count106
\c@pgf@countb=\count107
\c@pgf@countc=\count108
\c@pgf@countd=\count109
\t@pgf@toka=\toks20
\t@pgf@tokb=\toks21
\t@pgf@tokc=\toks22

(/usr/local/share/texmf/tex/generic/pgf/systemlayer/pgf.cfg
File: pgf.cfg 2008/05/14  (rcs-revision 1.7)
)
Driver file for pgf: pgfsys-pdftex.def

(/usr/local/share/texmf/tex/generic/pgf/systemlayer/pgfsys-pdftex.def
File: pgfsys-pdftex.def 2013/07/18  (rcs-revision 1.33)

(/usr/local/share/texmf/tex/generic/pgf/systemlayer/pgfsys-common-pdf.def
File: pgfsys-common-pdf.def 2013/10/10  (rcs-revision 1.13)
)))
(/usr/local/share/texmf/tex/generic/pgf/systemlayer/pgfsyssoftpath.code.tex
File: pgfsyssoftpath.code.tex 2013/09/09  (rcs-revision 1.9)
\pgfsyssoftpath@smallbuffer@items=\count110
\pgfsyssoftpath@bigbuffer@items=\count111
)
(/usr/local/share/texmf/tex/generic/pgf/systemlayer/pgfsysprotocol.code.tex
File: pgfsysprotocol.code.tex 2006/10/16  (rcs-revision 1.4)
))
(/usr/share/texmf/tex/latex/xcolor/xcolor.sty
Package: xcolor 2007/01/21 v2.11 LaTeX color extensions (UK)

(/usr/share/texlive/texmf-dist/tex/latex/latexconfig/color.cfg
File: color.cfg 2007/01/18 v1.5 color configuration of teTeX/TeXLive
)
Package xcolor Info: Driver file: pdftex.def on input line 225.
Package xcolor Info: Model `cmy' substituted by `cmy0' on input line 1337.
Package xcolor Info: Model `hsb' substituted by `rgb' on input line 1341.
Package xcolor Info: Model `RGB' extended on input line 1353.
Package xcolor Info: Model `HTML' substituted by `rgb' on input line 1355.
Package xcolor Info: Model `Hsb' substituted by `hsb' on input line 1356.
Package xcolor Info: Model `tHsb' substituted by `hsb' on input line 1357.
Package xcolor Info: Model `HSB' substituted by `hsb' on input line 1358.
Package xcolor Info: Model `Gray' substituted by `gray' on input line 1359.
Package xcolor Info: Model `wave' substituted by `hsb' on input line 1360.
)
(/usr/local/share/texmf/tex/generic/pgf/basiclayer/pgfcore.code.tex
Package: pgfcore 2010/04/11 v3.0.0 (rcs-revision 1.7)

(/usr/local/share/texmf/tex/generic/pgf/math/pgfmath.code.tex
(/usr/local/share/texmf/tex/generic/pgf/math/pgfmathcalc.code.tex
(/usr/local/share/texmf/tex/generic/pgf/math/pgfmathutil.code.tex)
(/usr/local/share/texmf/tex/generic/pgf/math/pgfmathparser.code.tex
\pgfmath@dimen=\dimen139
\pgfmath@count=\count112
\pgfmath@box=\box35
\pgfmath@toks=\toks23
\pgfmath@stack@operand=\toks24
\pgfmath@stack@operation=\toks25
)
(/usr/local/share/texmf/tex/generic/pgf/math/pgfmathfunctions.code.tex
(/usr/local/share/texmf/tex/generic/pgf/math/pgfmathfunctions.basic.code.tex)
(/usr/local/share/texmf/tex/generic/pgf/math/pgfmathfunctions.trigonometric.cod
e.tex)
(/usr/local/share/texmf/tex/generic/pgf/math/pgfmathfunctions.random.code.tex)
(/usr/local/share/texmf/tex/generic/pgf/math/pgfmathfunctions.comparison.code.t
ex) (/usr/local/share/texmf/tex/generic/pgf/math/pgfmathfunctions.base.code.tex
) (/usr/local/share/texmf/tex/generic/pgf/math/pgfmathfunctions.round.code.tex)
(/usr/local/share/texmf/tex/generic/pgf/math/pgfmathfunctions.misc.code.tex)
(/usr/local/share/texmf/tex/generic/pgf/math/pgfmathfunctions.integerarithmetic
s.code.tex)))
(/usr/local/share/texmf/tex/generic/pgf/math/pgfmathfloat.code.tex
\c@pgfmathroundto@lastzeros=\count113
))
(/usr/local/share/texmf/tex/generic/pgf/basiclayer/pgfcorepoints.code.tex
File: pgfcorepoints.code.tex 2013/10/07  (rcs-revision 1.27)
\pgf@picminx=\dimen140
\pgf@picmaxx=\dimen141
\pgf@picminy=\dimen142
\pgf@picmaxy=\dimen143
\pgf@pathminx=\dimen144
\pgf@pathmaxx=\dimen145
\pgf@pathminy=\dimen146
\pgf@pathmaxy=\dimen147
\pgf@xx=\dimen148
\pgf@xy=\dimen149
\pgf@yx=\dimen150
\pgf@yy=\dimen151
\pgf@zx=\dimen152
\pgf@zy=\dimen153
)
(/usr/local/share/texmf/tex/generic/pgf/basiclayer/pgfcorepathconstruct.code.te
x
File: pgfcorepathconstruct.code.tex 2013/10/07  (rcs-revision 1.29)
\pgf@path@lastx=\dimen154
\pgf@path@lasty=\dimen155
) (/usr/local/share/texmf/tex/generic/pgf/basiclayer/pgfcorepathusage.code.tex
File: pgfcorepathusage.code.tex 2013/12/13  (rcs-revision 1.23)
\pgf@shorten@end@additional=\dimen156
\pgf@shorten@start@additional=\dimen157
) (/usr/local/share/texmf/tex/generic/pgf/basiclayer/pgfcorescopes.code.tex
File: pgfcorescopes.code.tex 2013/10/09  (rcs-revision 1.44)
\pgfpic=\box36
\pgf@hbox=\box37
\pgf@layerbox@main=\box38
\pgf@picture@serial@count=\count114
)
(/usr/local/share/texmf/tex/generic/pgf/basiclayer/pgfcoregraphicstate.code.tex
File: pgfcoregraphicstate.code.tex 2013/09/19  (rcs-revision 1.11)
\pgflinewidth=\dimen158
)
(/usr/local/share/texmf/tex/generic/pgf/basiclayer/pgfcoretransformations.code.
tex
File: pgfcoretransformations.code.tex 2013/10/10  (rcs-revision 1.17)
\pgf@pt@x=\dimen159
\pgf@pt@y=\dimen160
\pgf@pt@temp=\dimen161
) (/usr/local/share/texmf/tex/generic/pgf/basiclayer/pgfcorequick.code.tex
File: pgfcorequick.code.tex 2008/10/09  (rcs-revision 1.3)
)
(/usr/local/share/texmf/tex/generic/pgf/basiclayer/pgfcoreobjects.code.tex
File: pgfcoreobjects.code.tex 2006/10/11  (rcs-revision 1.2)
)
(/usr/local/share/texmf/tex/generic/pgf/basiclayer/pgfcorepathprocessing.code.t
ex
File: pgfcorepathprocessing.code.tex 2013/09/09  (rcs-revision 1.9)
) (/usr/local/share/texmf/tex/generic/pgf/basiclayer/pgfcorearrows.code.tex
File: pgfcorearrows.code.tex 2013/11/07  (rcs-revision 1.40)
\pgfarrowsep=\dimen162
)
(/usr/local/share/texmf/tex/generic/pgf/basiclayer/pgfcoreshade.code.tex
File: pgfcoreshade.code.tex 2013/07/15  (rcs-revision 1.15)
\pgf@max=\dimen163
\pgf@sys@shading@range@num=\count115
)
(/usr/local/share/texmf/tex/generic/pgf/basiclayer/pgfcoreimage.code.tex
File: pgfcoreimage.code.tex 2013/07/15  (rcs-revision 1.18)

(/usr/local/share/texmf/tex/generic/pgf/basiclayer/pgfcoreexternal.code.tex
File: pgfcoreexternal.code.tex 2013/07/15  (rcs-revision 1.20)
\pgfexternal@startupbox=\box39
))
(/usr/local/share/texmf/tex/generic/pgf/basiclayer/pgfcorelayers.code.tex
File: pgfcorelayers.code.tex 2013/07/18  (rcs-revision 1.7)
)
(/usr/local/share/texmf/tex/generic/pgf/basiclayer/pgfcoretransparency.code.tex
File: pgfcoretransparency.code.tex 2013/09/30  (rcs-revision 1.5)
) (/usr/local/share/texmf/tex/generic/pgf/basiclayer/pgfcorepatterns.code.tex
File: pgfcorepatterns.code.tex 2013/11/07  (rcs-revision 1.5)
))) (/usr/local/share/texmf/tex/latex/pgf/utilities/xxcolor.sty
Package: xxcolor 2003/10/24 ver 0.1
\XC@nummixins=\count116
\XC@countmixins=\count117
)
(/usr/share/texlive/texmf-dist/tex/latex/hyperref/hyperref.sty
Package: hyperref 2012/11/06 v6.83m Hypertext links for LaTeX

(/usr/share/texlive/texmf-dist/tex/generic/oberdiek/hobsub-hyperref.sty
Package: hobsub-hyperref 2012/05/28 v1.13 Bundle oberdiek, subset hyperref (HO)


(/usr/share/texlive/texmf-dist/tex/generic/oberdiek/hobsub-generic.sty
Package: hobsub-generic 2012/05/28 v1.13 Bundle oberdiek, subset generic (HO)
Package: hobsub 2012/05/28 v1.13 Construct package bundles (HO)
Package hobsub Info: Skipping package `infwarerr' (already loaded).
Package hobsub Info: Skipping package `ltxcmds' (already loaded).
Package: ifluatex 2010/03/01 v1.3 Provides the ifluatex switch (HO)
Package ifluatex Info: LuaTeX not detected.
Package hobsub Info: Skipping package `ifvtex' (already loaded).
Package: intcalc 2007/09/27 v1.1 Expandable calculations with integers (HO)
Package hobsub Info: Skipping package `ifpdf' (already loaded).
Package: etexcmds 2011/02/16 v1.5 Avoid name clashes with e-TeX commands (HO)
Package etexcmds Info: Could not find \expanded.
(etexcmds)             That can mean that you are not using pdfTeX 1.50 or
(etexcmds)             that some package has redefined \expanded.
(etexcmds)             In the latter case, load this package earlier.
Package: kvsetkeys 2012/04/25 v1.16 Key value parser (HO)
Package: kvdefinekeys 2011/04/07 v1.3 Define keys (HO)
Package: pdftexcmds 2011/11/29 v0.20 Utility functions of pdfTeX for LuaTeX (HO
)
Package pdftexcmds Info: LuaTeX not detected.
Package pdftexcmds Info: \pdf@primitive is available.
Package pdftexcmds Info: \pdf@ifprimitive is available.
Package pdftexcmds Info: \pdfdraftmode found.
Package: pdfescape 2011/11/25 v1.13 Implements pdfTeX's escape features (HO)
Package: bigintcalc 2012/04/08 v1.3 Expandable calculations on big integers (HO
)
Package: bitset 2011/01/30 v1.1 Handle bit-vector datatype (HO)
Package: uniquecounter 2011/01/30 v1.2 Provide unlimited unique counter (HO)
)
Package hobsub Info: Skipping package `hobsub' (already loaded).
Package: letltxmacro 2010/09/02 v1.4 Let assignment for LaTeX macros (HO)
Package: hopatch 2012/05/28 v1.2 Wrapper for package hooks (HO)
Package: xcolor-patch 2011/01/30 xcolor patch
Package: atveryend 2011/06/30 v1.8 Hooks at the very end of document (HO)
Package atveryend Info: \enddocument detected (standard20110627).
Package: atbegshi 2011/10/05 v1.16 At begin shipout hook (HO)
Package: refcount 2011/10/16 v3.4 Data extraction from label references (HO)
Package: hycolor 2011/01/30 v1.7 Color options for hyperref/bookmark (HO)
)
(/usr/share/texlive/texmf-dist/tex/latex/oberdiek/auxhook.sty
Package: auxhook 2011/03/04 v1.3 Hooks for auxiliary files (HO)
)
(/usr/share/texlive/texmf-dist/tex/latex/oberdiek/kvoptions.sty
Package: kvoptions 2011/06/30 v3.11 Key value format for package options (HO)
)
\@linkdim=\dimen164
\Hy@linkcounter=\count118
\Hy@pagecounter=\count119

(/usr/share/texlive/texmf-dist/tex/latex/hyperref/pd1enc.def
File: pd1enc.def 2012/11/06 v6.83m Hyperref: PDFDocEncoding definition (HO)
)
\Hy@SavedSpaceFactor=\count120

(/usr/share/texlive/texmf-dist/tex/latex/latexconfig/hyperref.cfg
File: hyperref.cfg 2002/06/06 v1.2 hyperref configuration of TeXLive
)
Package hyperref Info: Option `bookmarks' set `true' on input line 4319.
Package hyperref Info: Option `bookmarksopen' set `true' on input line 4319.
Package hyperref Info: Option `pdfpagelabels' set `true' on input line 4319.
Package hyperref Info: Option `implicit' set `false' on input line 4319.
Package hyperref Info: Hyper figures OFF on input line 4443.
Package hyperref Info: Link nesting OFF on input line 4448.
Package hyperref Info: Hyper index ON on input line 4451.
Package hyperref Info: Plain pages OFF on input line 4458.
Package hyperref Info: Backreferencing OFF on input line 4463.
Package hyperref Info: Implicit mode OFF; no redefinition of LaTeX internals.
Package hyperref Info: Bookmarks ON on input line 4688.
\c@Hy@tempcnt=\count121

(/usr/share/texlive/texmf-dist/tex/latex/url/url.sty
\Urlmuskip=\muskip10
Package: url 2013/09/16  ver 3.4  Verb mode for urls, etc.
)
LaTeX Info: Redefining \url on input line 5041.
\XeTeXLinkMargin=\dimen165
\Fld@menulength=\count122
\Field@Width=\dimen166
\Fld@charsize=\dimen167
Package hyperref Info: Hyper figures OFF on input line 6295.
Package hyperref Info: Link nesting OFF on input line 6300.
Package hyperref Info: Hyper index ON on input line 6303.
Package hyperref Info: backreferencing OFF on input line 6310.
Package hyperref Info: Link coloring OFF on input line 6315.
Package hyperref Info: Link coloring with OCG OFF on input line 6320.
Package hyperref Info: PDF/A mode OFF on input line 6325.
LaTeX Info: Redefining \ref on input line 6365.
LaTeX Info: Redefining \pageref on input line 6369.
\Hy@abspage=\count123


Package hyperref Message: Stopped early.

)

Package hyperref Message: Driver (autodetected): hpdftex.

(/usr/share/texlive/texmf-dist/tex/latex/hyperref/hpdftex.def
File: hpdftex.def 2012/11/06 v6.83m Hyperref driver for pdfTeX
\Fld@listcount=\count124
\c@bookmark@seq@number=\count125

(/usr/share/texlive/texmf-dist/tex/latex/oberdiek/rerunfilecheck.sty
Package: rerunfilecheck 2011/04/15 v1.7 Rerun checks for auxiliary files (HO)
Package uniquecounter Info: New unique counter `rerunfilecheck' on input line 2
82.
))
(/usr/share/texmf/tex/latex/beamer/base/beamerbaserequires.sty
Package: beamerbaserequires 2010/05/01  (rcs-revision efa082c6111d)

(/usr/share/texmf/tex/latex/beamer/base/beamerbasecompatibility.sty
Package: beamerbasecompatibility 2012/05/01  (rcs-revision 67c48b3b652d)
)
(/usr/share/texmf/tex/latex/beamer/base/beamerbasefont.sty
Package: beamerbasefont 2012/09/19  (rcs-revision 733629cd0c6c)

(/usr/share/texlive/texmf-dist/tex/latex/amsfonts/amssymb.sty
Package: amssymb 2013/01/14 v3.01 AMS font symbols

(/usr/share/texlive/texmf-dist/tex/latex/amsfonts/amsfonts.sty
Package: amsfonts 2013/01/14 v3.01 Basic AMSFonts support
\@emptytoks=\toks26
\symAMSa=\mathgroup4
\symAMSb=\mathgroup5
LaTeX Font Info:    Overwriting math alphabet `\mathfrak' in version `bold'
(Font)                  U/euf/m/n --> U/euf/b/n on input line 106.
)))
(/usr/share/texmf/tex/latex/beamer/base/beamerbasetranslator.sty
Package: beamerbasetranslator 2010/06/11  (rcs-revision 85fd1cc7fc42)

(/usr/share/texmf/tex/latex/beamer/base/translator/translator.sty
Package: translator 2010/06/12 ver 1.10

(/usr/share/texmf/tex/latex/beamer/base/translator/translator-language-mappings
.tex))) (/usr/share/texmf/tex/latex/beamer/base/beamerbasemisc.sty
Package: beamerbasemisc 2012/02/24  (rcs-revision 2ff5461be705)
)
(/usr/share/texmf/tex/latex/beamer/base/beamerbasetwoscreens.sty
Package: beamerbasetwoscreens 2010/05/01  (rcs-revision efa082c6111d)
)
(/usr/share/texmf/tex/latex/beamer/base/beamerbaseoverlay.sty
Package: beamerbaseoverlay 2012/11/11  (rcs-revision 6afbc49b1109)
\beamer@argscount=\count126
\beamer@lastskipcover=\skip44
\beamer@trivlistdepth=\count127
)
(/usr/share/texmf/tex/latex/beamer/base/beamerbasetitle.sty
Package: beamerbasetitle 2010/09/21  (rcs-revision f0446ed0b6ae)
)
(/usr/share/texmf/tex/latex/beamer/base/beamerbasesection.sty
Package: beamerbasesection 2012/11/11  (rcs-revision 0056eef6f17f)
\c@lecture=\count128
\c@part=\count129
\c@section=\count130
\c@subsection=\count131
\c@subsubsection=\count132
)
(/usr/share/texmf/tex/latex/beamer/base/beamerbaseframe.sty
Package: beamerbaseframe 2012/09/13  (rcs-revision dcd846607320)
\beamer@framebox=\box40
\beamer@frametitlebox=\box41
\beamer@zoombox=\box42
\beamer@zoomcount=\count133
\beamer@zoomframecount=\count134
\beamer@frametextheight=\dimen168
\c@subsectionslide=\count135
\beamer@frametopskip=\skip45
\beamer@framebottomskip=\skip46
\beamer@frametopskipautobreak=\skip47
\beamer@framebottomskipautobreak=\skip48
\beamer@envbody=\toks27
\framewidth=\dimen169
\c@framenumber=\count136
)
(/usr/share/texmf/tex/latex/beamer/base/beamerbaseverbatim.sty
Package: beamerbaseverbatim 2012/08/30  (rcs-revision dfdb135076b3)
\beamer@verbatimfileout=\write4
)
(/usr/share/texmf/tex/latex/beamer/base/beamerbaseframesize.sty
Package: beamerbaseframesize 2011/09/12  (rcs-revision 70f9d8411e54)
\beamer@splitbox=\box43
\beamer@autobreakcount=\count137
\beamer@autobreaklastheight=\dimen170
\beamer@frametitletoks=\toks28
\beamer@framesubtitletoks=\toks29
)
(/usr/share/texmf/tex/latex/beamer/base/beamerbaseframecomponents.sty
Package: beamerbaseframecomponents 2012/09/13  (rcs-revision dcd846607320)
\beamer@footins=\box44
)
(/usr/share/texmf/tex/latex/beamer/base/beamerbasecolor.sty
Package: beamerbasecolor 2010/06/06  (rcs-revision d1a9b48be06d)
)
(/usr/share/texmf/tex/latex/beamer/base/beamerbasenotes.sty
Package: beamerbasenotes 2010/05/01  (rcs-revision efa082c6111d)
\beamer@frameboxcopy=\box45
)
(/usr/share/texmf/tex/latex/beamer/base/beamerbasetoc.sty
Package: beamerbasetoc 2012/10/02  (rcs-revision 5ed0f4010e8a)
)
(/usr/share/texmf/tex/latex/beamer/base/beamerbasetemplates.sty
Package: beamerbasetemplates 2010/05/01  (rcs-revision efa082c6111d)
\beamer@sbttoks=\toks30

(/usr/share/texmf/tex/latex/beamer/base/beamerbaseauxtemplates.sty
Package: beamerbaseauxtemplates 2012/05/01  (rcs-revision 67c48b3b652d)

(/usr/share/texmf/tex/latex/beamer/base/beamerbaseboxes.sty
Package: beamerbaseboxes 2012/05/13  (rcs-revision 56972908a390)
\bmb@box=\box46
\bmb@colorbox=\box47
\bmb@boxshadow=\box48
\bmb@boxshadowball=\box49
\bmb@boxshadowballlarge=\box50
\bmb@temp=\dimen171
\bmb@dima=\dimen172
\bmb@dimb=\dimen173
\bmb@prevheight=\dimen174
)
\beamer@blockheadheight=\dimen175
))
(/usr/share/texmf/tex/latex/beamer/base/beamerbaselocalstructure.sty
Package: beamerbaselocalstructure 2012/11/13  (rcs-revision ddfba79dac19)

(/usr/share/texlive/texmf-dist/tex/latex/tools/enumerate.sty
Package: enumerate 1999/03/05 v3.00 enumerate extensions (DPC)
\@enLab=\toks31
)
\c@figure=\count138
\c@table=\count139
\abovecaptionskip=\skip49
\belowcaptionskip=\skip50
)
(/usr/share/texmf/tex/latex/beamer/base/beamerbasenavigation.sty
Package: beamerbasenavigation 2012/04/03  (rcs-revision 42a0f21a412d)
\beamer@section@min@dim=\dimen176
)
(/usr/share/texmf/tex/latex/beamer/base/beamerbasetheorems.sty
Package: beamerbasetheorems 2010/06/06  (rcs-revision 7e7cc5e53e9d)

(/usr/share/texlive/texmf-dist/tex/latex/amsmath/amsmath.sty
Package: amsmath 2013/01/14 v2.14 AMS math features
\@mathmargin=\skip51

For additional information on amsmath, use the `?' option.
(/usr/share/texlive/texmf-dist/tex/latex/amsmath/amstext.sty
Package: amstext 2000/06/29 v2.01

(/usr/share/texlive/texmf-dist/tex/latex/amsmath/amsgen.sty
File: amsgen.sty 1999/11/30 v2.0
\@emptytoks=\toks32
\ex@=\dimen177
))
(/usr/share/texlive/texmf-dist/tex/latex/amsmath/amsbsy.sty
Package: amsbsy 1999/11/29 v1.2d
\pmbraise@=\dimen178
)
(/usr/share/texlive/texmf-dist/tex/latex/amsmath/amsopn.sty
Package: amsopn 1999/12/14 v2.01 operator names
)
\inf@bad=\count140
LaTeX Info: Redefining \frac on input line 210.
\uproot@=\count141
\leftroot@=\count142
LaTeX Info: Redefining \overline on input line 306.
\classnum@=\count143
\DOTSCASE@=\count144
LaTeX Info: Redefining \ldots on input line 378.
LaTeX Info: Redefining \dots on input line 381.
LaTeX Info: Redefining \cdots on input line 466.
\Mathstrutbox@=\box51
\strutbox@=\box52
\big@size=\dimen179
LaTeX Font Info:    Redeclaring font encoding OML on input line 566.
LaTeX Font Info:    Redeclaring font encoding OMS on input line 567.
\macc@depth=\count145
\c@MaxMatrixCols=\count146
\dotsspace@=\muskip11
\c@parentequation=\count147
\dspbrk@lvl=\count148
\tag@help=\toks33
\row@=\count149
\column@=\count150
\maxfields@=\count151
\andhelp@=\toks34
\eqnshift@=\dimen180
\alignsep@=\dimen181
\tagshift@=\dimen182
\tagwidth@=\dimen183
\totwidth@=\dimen184
\lineht@=\dimen185
\@envbody=\toks35
\multlinegap=\skip52
\multlinetaggap=\skip53
\mathdisplay@stack=\toks36
LaTeX Info: Redefining \[ on input line 2665.
LaTeX Info: Redefining \] on input line 2666.
)
(/usr/share/texlive/texmf-dist/tex/latex/amscls/amsthm.sty
Package: amsthm 2004/08/06 v2.20
\thm@style=\toks37
\thm@bodyfont=\toks38
\thm@headfont=\toks39
\thm@notefont=\toks40
\thm@headpunct=\toks41
\thm@preskip=\skip54
\thm@postskip=\skip55
\thm@headsep=\skip56
\dth@everypar=\toks42
)
\c@theorem=\count152
)
(/usr/share/texmf/tex/latex/beamer/base/beamerbasethemes.sty
Package: beamerbasethemes 2010/05/01  (rcs-revision efa082c6111d)
))
(/usr/share/texmf/tex/latex/beamer/base/themes/theme/beamerthemedefault.sty
Package: beamerthemedefault 2010/06/17  (rcs-revision d02a7cf4d8ae)

(/usr/share/texmf/tex/latex/beamer/base/themes/font/beamerfontthemedefault.sty
Package: beamerfontthemedefault 2010/06/17  (rcs-revision d02a7cf4d8ae)
)
(/usr/share/texmf/tex/latex/beamer/base/themes/color/beamercolorthemedefault.st
y
Package: beamercolorthemedefault 2010/06/17  (rcs-revision d02a7cf4d8ae)
)
(/usr/share/texmf/tex/latex/beamer/base/themes/inner/beamerinnerthemedefault.st
y
Package: beamerinnerthemedefault 2012/05/01  (rcs-revision 67c48b3b652d)

pdfTeX warning (Object streams): \pdfobjcompresslevel > 0 requires \pdfminorver
sion > 4. Object streams disabled now.
\beamer@dima=\dimen186
\beamer@dimb=\dimen187
)
(/usr/share/texmf/tex/latex/beamer/base/themes/outer/beamerouterthemedefault.st
y
Package: beamerouterthemedefault 2012/10/02  (rcs-revision 5ed0f4010e8a)
))) (/usr/share/texlive/texmf-dist/tex/latex/tools/multicol.sty
Package: multicol 2011/06/27 v1.7a multicolumn formatting (FMi)
\c@tracingmulticols=\count153
\mult@box=\box53
\multicol@leftmargin=\dimen188
\c@unbalance=\count154
\c@collectmore=\count155
\doublecol@number=\count156
\multicoltolerance=\count157
\multicolpretolerance=\count158
\full@width=\dimen189
\page@free=\dimen190
\premulticols=\dimen191
\postmulticols=\dimen192
\multicolsep=\skip57
\multicolbaselineskip=\skip58
\partial@page=\box54
\last@line=\box55
\mult@rightbox=\box56
\mult@grightbox=\box57
\mult@gfirstbox=\box58
\mult@firstbox=\box59
\@tempa=\box60
\@tempa=\box61
\@tempa=\box62
\@tempa=\box63
\@tempa=\box64
\@tempa=\box65
\@tempa=\box66
\@tempa=\box67
\@tempa=\box68
\@tempa=\box69
\@tempa=\box70
\@tempa=\box71
\@tempa=\box72
\@tempa=\box73
\@tempa=\box74
\@tempa=\box75
\@tempa=\box76
\c@columnbadness=\count159
\c@finalcolumnbadness=\count160
\last@try=\dimen193
\multicolovershoot=\dimen194
\multicolundershoot=\dimen195
\mult@nat@firstbox=\box77
\colbreak@box=\box78
\multicol@sort@counter=\count161
)
(/usr/share/texlive/texmf-dist/tex/latex/tcolorbox/tcolorbox.sty
Package: tcolorbox 2014/02/06 version 2.70 text color boxes

(/usr/local/share/texmf/tex/latex/pgf/basiclayer/pgf.sty
Package: pgf 2013/12/18 v3.0.0 (rcs-revision 1.14)

(/usr/local/share/texmf/tex/generic/pgf/modules/pgfmoduleshapes.code.tex
File: pgfmoduleshapes.code.tex 2013/10/31  (rcs-revision 1.34)
\pgfnodeparttextbox=\box79
)
(/usr/local/share/texmf/tex/generic/pgf/modules/pgfmoduleplot.code.tex
File: pgfmoduleplot.code.tex 2013/07/31  (rcs-revision 1.12)
)
(/usr/local/share/texmf/tex/latex/pgf/compatibility/pgfcomp-version-0-65.sty
Package: pgfcomp-version-0-65 2007/07/03 v3.0.0 (rcs-revision 1.7)
\pgf@nodesepstart=\dimen196
\pgf@nodesepend=\dimen197
)
(/usr/local/share/texmf/tex/latex/pgf/compatibility/pgfcomp-version-1-18.sty
Package: pgfcomp-version-1-18 2007/07/23 v3.0.0 (rcs-revision 1.1)
))
(/usr/share/texlive/texmf-dist/tex/latex/tools/verbatim.sty
Package: verbatim 2003/08/22 v1.5q LaTeX2e package for verbatim enhancements
\every@verbatim=\toks43
\verbatim@line=\toks44
\verbatim@in@stream=\read2
)
(/usr/share/texlive/texmf-dist/tex/latex/environ/environ.sty
Package: environ 2013/04/01 v0.3 A new environment syntax

(/usr/share/texlive/texmf-dist/tex/latex/trimspaces/trimspaces.sty
Package: trimspaces 2009/09/17 v1.1 Trim spaces around a token list
))
(/usr/share/texmf/tex/latex/etoolbox/etoolbox.sty
Package: etoolbox 2011/01/03 v2.1 e-TeX tools for LaTeX

(/usr/share/texlive/texmf-dist/tex/latex/etex-pkg/etex.sty
Package: etex 1998/03/26 v2.0 eTeX basic definition package (PEB)
\et@xins=\count162
)
\etb@tempcnta=\count163
)
\tcb@titlebox=\box80
\tcb@upperbox=\box81
\tcb@lowerbox=\box82
\tcb@phantombox=\box83
\c@tcbbreakpart=\count164
\c@tcblayer=\count165
\tcb@temp=\box84
\tcb@temp=\box85
\tcb@temp=\box86
\tcb@temp=\box87
\tcb@out=\write5
)
(/usr/share/texlive/texmf-dist/tex/latex/base/inputenc.sty
Package: inputenc 2008/03/30 v1.1d Input encoding file
\inpenc@prehook=\toks45
\inpenc@posthook=\toks46

(/usr/share/texlive/texmf-dist/tex/latex/base/utf8.def
File: utf8.def 2008/04/05 v1.1m UTF-8 support for inputenc
Now handling font encoding OML ...
... no UTF-8 mapping file for font encoding OML
Now handling font encoding T1 ...
... processing UTF-8 mapping file for font encoding T1

(/usr/share/texlive/texmf-dist/tex/latex/base/t1enc.dfu
File: t1enc.dfu 2008/04/05 v1.1m UTF-8 support for inputenc
   defining Unicode char U+00A1 (decimal 161)
   defining Unicode char U+00A3 (decimal 163)
   defining Unicode char U+00AB (decimal 171)
   defining Unicode char U+00BB (decimal 187)
   defining Unicode char U+00BF (decimal 191)
   defining Unicode char U+00C0 (decimal 192)
   defining Unicode char U+00C1 (decimal 193)
   defining Unicode char U+00C2 (decimal 194)
   defining Unicode char U+00C3 (decimal 195)
   defining Unicode char U+00C4 (decimal 196)
   defining Unicode char U+00C5 (decimal 197)
   defining Unicode char U+00C6 (decimal 198)
   defining Unicode char U+00C7 (decimal 199)
   defining Unicode char U+00C8 (decimal 200)
   defining Unicode char U+00C9 (decimal 201)
   defining Unicode char U+00CA (decimal 202)
   defining Unicode char U+00CB (decimal 203)
   defining Unicode char U+00CC (decimal 204)
   defining Unicode char U+00CD (decimal 205)
   defining Unicode char U+00CE (decimal 206)
   defining Unicode char U+00CF (decimal 207)
   defining Unicode char U+00D0 (decimal 208)
   defining Unicode char U+00D1 (decimal 209)
   defining Unicode char U+00D2 (decimal 210)
   defining Unicode char U+00D3 (decimal 211)
   defining Unicode char U+00D4 (decimal 212)
   defining Unicode char U+00D5 (decimal 213)
   defining Unicode char U+00D6 (decimal 214)
   defining Unicode char U+00D8 (decimal 216)
   defining Unicode char U+00D9 (decimal 217)
   defining Unicode char U+00DA (decimal 218)
   defining Unicode char U+00DB (decimal 219)
   defining Unicode char U+00DC (decimal 220)
   defining Unicode char U+00DD (decimal 221)
   defining Unicode char U+00DE (decimal 222)
   defining Unicode char U+00DF (decimal 223)
   defining Unicode char U+00E0 (decimal 224)
   defining Unicode char U+00E1 (decimal 225)
   defining Unicode char U+00E2 (decimal 226)
   defining Unicode char U+00E3 (decimal 227)
   defining Unicode char U+00E4 (decimal 228)
   defining Unicode char U+00E5 (decimal 229)
   defining Unicode char U+00E6 (decimal 230)
   defining Unicode char U+00E7 (decimal 231)
   defining Unicode char U+00E8 (decimal 232)
   defining Unicode char U+00E9 (decimal 233)
   defining Unicode char U+00EA (decimal 234)
   defining Unicode char U+00EB (decimal 235)
   defining Unicode char U+00EC (decimal 236)
   defining Unicode char U+00ED (decimal 237)
   defining Unicode char U+00EE (decimal 238)
   defining Unicode char U+00EF (decimal 239)
   defining Unicode char U+00F0 (decimal 240)
   defining Unicode char U+00F1 (decimal 241)
   defining Unicode char U+00F2 (decimal 242)
   defining Unicode char U+00F3 (decimal 243)
   defining Unicode char U+00F4 (decimal 244)
   defining Unicode char U+00F5 (decimal 245)
   defining Unicode char U+00F6 (decimal 246)
   defining Unicode char U+00F8 (decimal 248)
   defining Unicode char U+00F9 (decimal 249)
   defining Unicode char U+00FA (decimal 250)
   defining Unicode char U+00FB (decimal 251)
   defining Unicode char U+00FC (decimal 252)
   defining Unicode char U+00FD (decimal 253)
   defining Unicode char U+00FE (decimal 254)
   defining Unicode char U+00FF (decimal 255)
   defining Unicode char U+0102 (decimal 258)
   defining Unicode char U+0103 (decimal 259)
   defining Unicode char U+0104 (decimal 260)
   defining Unicode char U+0105 (decimal 261)
   defining Unicode char U+0106 (decimal 262)
   defining Unicode char U+0107 (decimal 263)
   defining Unicode char U+010C (decimal 268)
   defining Unicode char U+010D (decimal 269)
   defining Unicode char U+010E (decimal 270)
   defining Unicode char U+010F (decimal 271)
   defining Unicode char U+0110 (decimal 272)
   defining Unicode char U+0111 (decimal 273)
   defining Unicode char U+0118 (decimal 280)
   defining Unicode char U+0119 (decimal 281)
   defining Unicode char U+011A (decimal 282)
   defining Unicode char U+011B (decimal 283)
   defining Unicode char U+011E (decimal 286)
   defining Unicode char U+011F (decimal 287)
   defining Unicode char U+0130 (decimal 304)
   defining Unicode char U+0131 (decimal 305)
   defining Unicode char U+0132 (decimal 306)
   defining Unicode char U+0133 (decimal 307)
   defining Unicode char U+0139 (decimal 313)
   defining Unicode char U+013A (decimal 314)
   defining Unicode char U+013D (decimal 317)
   defining Unicode char U+013E (decimal 318)
   defining Unicode char U+0141 (decimal 321)
   defining Unicode char U+0142 (decimal 322)
   defining Unicode char U+0143 (decimal 323)
   defining Unicode char U+0144 (decimal 324)
   defining Unicode char U+0147 (decimal 327)
   defining Unicode char U+0148 (decimal 328)
   defining Unicode char U+014A (decimal 330)
   defining Unicode char U+014B (decimal 331)
   defining Unicode char U+0150 (decimal 336)
   defining Unicode char U+0151 (decimal 337)
   defining Unicode char U+0152 (decimal 338)
   defining Unicode char U+0153 (decimal 339)
   defining Unicode char U+0154 (decimal 340)
   defining Unicode char U+0155 (decimal 341)
   defining Unicode char U+0158 (decimal 344)
   defining Unicode char U+0159 (decimal 345)
   defining Unicode char U+015A (decimal 346)
   defining Unicode char U+015B (decimal 347)
   defining Unicode char U+015E (decimal 350)
   defining Unicode char U+015F (decimal 351)
   defining Unicode char U+0160 (decimal 352)
   defining Unicode char U+0161 (decimal 353)
   defining Unicode char U+0162 (decimal 354)
   defining Unicode char U+0163 (decimal 355)
   defining Unicode char U+0164 (decimal 356)
   defining Unicode char U+0165 (decimal 357)
   defining Unicode char U+016E (decimal 366)
   defining Unicode char U+016F (decimal 367)
   defining Unicode char U+0170 (decimal 368)
   defining Unicode char U+0171 (decimal 369)
   defining Unicode char U+0178 (decimal 376)
   defining Unicode char U+0179 (decimal 377)
   defining Unicode char U+017A (decimal 378)
   defining Unicode char U+017B (decimal 379)
   defining Unicode char U+017C (decimal 380)
   defining Unicode char U+017D (decimal 381)
   defining Unicode char U+017E (decimal 382)
   defining Unicode char U+200C (decimal 8204)
   defining Unicode char U+2013 (decimal 8211)
   defining Unicode char U+2014 (decimal 8212)
   defining Unicode char U+2018 (decimal 8216)
   defining Unicode char U+2019 (decimal 8217)
   defining Unicode char U+201A (decimal 8218)
   defining Unicode char U+201C (decimal 8220)
   defining Unicode char U+201D (decimal 8221)
   defining Unicode char U+201E (decimal 8222)
   defining Unicode char U+2030 (decimal 8240)
   defining Unicode char U+2031 (decimal 8241)
   defining Unicode char U+2039 (decimal 8249)
   defining Unicode char U+203A (decimal 8250)
   defining Unicode char U+2423 (decimal 9251)
)
Now handling font encoding OT1 ...
... processing UTF-8 mapping file for font encoding OT1

(/usr/share/texlive/texmf-dist/tex/latex/base/ot1enc.dfu
File: ot1enc.dfu 2008/04/05 v1.1m UTF-8 support for inputenc
   defining Unicode char U+00A1 (decimal 161)
   defining Unicode char U+00A3 (decimal 163)
   defining Unicode char U+00B8 (decimal 184)
   defining Unicode char U+00BF (decimal 191)
   defining Unicode char U+00C5 (decimal 197)
   defining Unicode char U+00C6 (decimal 198)
   defining Unicode char U+00D8 (decimal 216)
   defining Unicode char U+00DF (decimal 223)
   defining Unicode char U+00E6 (decimal 230)
   defining Unicode char U+00EC (decimal 236)
   defining Unicode char U+00ED (decimal 237)
   defining Unicode char U+00EE (decimal 238)
   defining Unicode char U+00EF (decimal 239)
   defining Unicode char U+00F8 (decimal 248)
   defining Unicode char U+0131 (decimal 305)
   defining Unicode char U+0141 (decimal 321)
   defining Unicode char U+0142 (decimal 322)
   defining Unicode char U+0152 (decimal 338)
   defining Unicode char U+0153 (decimal 339)
   defining Unicode char U+2013 (decimal 8211)
   defining Unicode char U+2014 (decimal 8212)
   defining Unicode char U+2018 (decimal 8216)
   defining Unicode char U+2019 (decimal 8217)
   defining Unicode char U+201C (decimal 8220)
   defining Unicode char U+201D (decimal 8221)
)
Now handling font encoding OMS ...
... processing UTF-8 mapping file for font encoding OMS

(/usr/share/texlive/texmf-dist/tex/latex/base/omsenc.dfu
File: omsenc.dfu 2008/04/05 v1.1m UTF-8 support for inputenc
   defining Unicode char U+00A7 (decimal 167)
   defining Unicode char U+00B6 (decimal 182)
   defining Unicode char U+00B7 (decimal 183)
   defining Unicode char U+2020 (decimal 8224)
   defining Unicode char U+2021 (decimal 8225)
   defining Unicode char U+2022 (decimal 8226)
)
Now handling font encoding OMX ...
... no UTF-8 mapping file for font encoding OMX
Now handling font encoding U ...
... no UTF-8 mapping file for font encoding U
Now handling font encoding PD1 ...
... no UTF-8 mapping file for font encoding PD1
   defining Unicode char U+00A9 (decimal 169)
   defining Unicode char U+00AA (decimal 170)
   defining Unicode char U+00AE (decimal 174)
   defining Unicode char U+00BA (decimal 186)
   defining Unicode char U+02C6 (decimal 710)
   defining Unicode char U+02DC (decimal 732)
   defining Unicode char U+200C (decimal 8204)
   defining Unicode char U+2026 (decimal 8230)
   defining Unicode char U+2122 (decimal 8482)
   defining Unicode char U+2423 (decimal 9251)
))
(/usr/share/texlive/texmf-dist/tex/latex/biblatex/biblatex.sty
Package: biblatex 2013/11/25 v2.8a programmable bibliographies (PK/JW/AB)

(/usr/share/texlive/texmf-dist/tex/latex/biblatex/biblatex1.sty
Package: biblatex1 2013/11/25 v2.8a programmable bibliographies (bibtex) (PK/JW
/AB)

(/usr/share/texmf/tex/latex/logreq/logreq.sty
Package: logreq 2010/08/04 v1.0 xml request logger
\lrq@indent=\count166

(/usr/share/texmf/tex/latex/logreq/logreq.def
File: logreq.def 2010/08/04 v1.0 logreq spec v1.0
))
(/usr/share/texlive/texmf-dist/tex/latex/base/ifthen.sty
Package: ifthen 2001/05/26 v1.1c Standard LaTeX ifthen package (DPC)
)
\c@tabx@nest=\count167
\c@listtotal=\count168
\c@listcount=\count169
\c@liststart=\count170
\c@liststop=\count171
\c@citecount=\count172
\c@citetotal=\count173
\c@multicitecount=\count174
\c@multicitetotal=\count175
\c@instcount=\count176
\c@maxnames=\count177
\c@minnames=\count178
\c@maxitems=\count179
\c@minitems=\count180
\c@citecounter=\count181
\c@savedcitecounter=\count182
\c@uniquelist=\count183
\c@uniquename=\count184
\c@refsection=\count185
\c@refsegment=\count186
\c@maxextrayear=\count187
\c@maxextraalpha=\count188
\c@abbrvpenalty=\count189
\c@highnamepenalty=\count190
\c@lownamepenalty=\count191
\c@maxparens=\count192
\c@parenlevel=\count193
\blx@tempcnta=\count194
\blx@tempcntb=\count195
\blx@tempcntc=\count196
\blx@maxsection=\count197
\blx@maxsegment=\count198
\blx@notetype=\count199
\blx@parenlevel@text=\count200
\blx@parenlevel@foot=\count201
\labelnumberwidth=\skip59
\labelalphawidth=\skip60
\shorthandwidth=\skip61
\biblabelsep=\skip62
\bibitemsep=\skip63
\bibnamesep=\skip64
\bibinitsep=\skip65
\bibparsep=\skip66
\bibhang=\skip67
\blx@auxin=\read3
\blx@auxout=\write6
\c@mincomprange=\count202
\c@maxcomprange=\count203
\c@mincompwidth=\count204
\c@labelname=\count205
\c@savedlabelname=\count206
\c@author=\count207
\c@savedauthor=\count208
\c@shortauthor=\count209
\c@savedshortauthor=\count210
\c@editor=\count211
\c@savededitor=\count212
\c@editora=\count213
\c@savededitora=\count214
\c@editorb=\count215
\c@savededitorb=\count216
\c@editorc=\count217
\c@savededitorc=\count218
\c@shorteditor=\count219
\c@savedshorteditor=\count220
\c@bookauthor=\count221
\c@savedbookauthor=\count222
\c@translator=\count223
\c@savedtranslator=\count224
\c@annotator=\count225
\c@savedannotator=\count226
\c@commentator=\count227
\c@savedcommentator=\count228
\c@introduction=\count229
\c@savedintroduction=\count230
\c@foreword=\count231
\c@savedforeword=\count232
\c@afterword=\count233
Normal \count register pool exhausted, switching to extended pool.
\c@savedafterword=\count277
\c@holder=\count278
\c@savedholder=\count279
\c@namea=\count280
\c@savednamea=\count281
\c@nameb=\count282
\c@savednameb=\count283
\c@namec=\count284
\c@savednamec=\count285
\c@institution=\count286
\c@savedinstitution=\count287
\c@language=\count288
\c@savedlanguage=\count289
\c@location=\count290
\c@savedlocation=\count291
\c@organization=\count292
\c@savedorganization=\count293
\c@origlocation=\count294
\c@savedoriglocation=\count295
\c@origpublisher=\count296
\c@savedorigpublisher=\count297
\c@pageref=\count298
\c@savedpageref=\count299
\c@publisher=\count300
\c@savedpublisher=\count301
\c@lista=\count302
\c@savedlista=\count303
\c@listb=\count304
\c@savedlistb=\count305
\c@listc=\count306
\c@savedlistc=\count307
\c@listd=\count308
\c@savedlistd=\count309
\c@liste=\count310
\c@savedliste=\count311
\c@listf=\count312
\c@savedlistf=\count313
Package biblatex Info: Trying to load compatibility code...
Package biblatex Info: ... file 'blx-compat.def' found.

(/usr/share/texlive/texmf-dist/tex/latex/biblatex/blx-compat.def
File: blx-compat.def 2013/11/25 v2.8a biblatex compatibility (PK/JW/AB)
)
Package biblatex Info: Trying to load generic definitions...
Package biblatex Info: ... file 'biblatex.def' found.

(/usr/share/texlive/texmf-dist/tex/latex/biblatex/biblatex.def
File: biblatex.def 
\c@textcitecount=\count314
\c@textcitetotal=\count315
\c@textcitemaxnames=\count316
\c@biburlnumpenalty=\count317
\c@biburlucpenalty=\count318
\c@biburllcpenalty=\count319
\c@smartand=\count320
)
Package biblatex Info: Trying to load bibliography style 'numeric'...
Package biblatex Info: ... file 'numeric.bbx' found.

(/usr/share/texlive/texmf-dist/tex/latex/biblatex/bbx/numeric.bbx
File: numeric.bbx 2013/11/25 v2.8a biblatex bibliography style (PK/JW/AB)
Package biblatex Info: Trying to load bibliography style 'standard'...
Package biblatex Info: ... file 'standard.bbx' found.

(/usr/share/texlive/texmf-dist/tex/latex/biblatex/bbx/standard.bbx
File: standard.bbx 2013/11/25 v2.8a biblatex bibliography style (PK/JW/AB)
\c@bbx:relatedcount=\count321
\c@bbx:relatedtotal=\count322
))
Package biblatex Info: Trying to load citation style 'authoryear'...
Package biblatex Info: ... file 'authoryear.cbx' found.

(/usr/share/texlive/texmf-dist/tex/latex/biblatex/cbx/authoryear.cbx
File: authoryear.cbx 2013/11/25 v2.8a biblatex citation style (PK/JW/AB)
Package biblatex Info: Redefining '\cite'.
Package biblatex Info: Redefining '\parencite'.
Package biblatex Info: Redefining '\footcite'.
Package biblatex Info: Redefining '\footcitetext'.
Package biblatex Info: Redefining '\smartcite'.
Package biblatex Info: Redefining '\textcite'.
Package biblatex Info: Redefining '\textcites'.
)
Package biblatex Info: Trying to load configuration file...
Package biblatex Info: ... file 'biblatex.cfg' found.

(/usr/share/texlive/texmf-dist/tex/latex/biblatex/biblatex.cfg
File: biblatex.cfg 
)))
(/usr/share/texlive/texmf-dist/tex/latex/enumitem/enumitem.sty
Package: enumitem 2011/09/28 v3.5.2 Customized lists
\labelindent=\skip68
\enit@outerparindent=\dimen198
\enit@toks=\toks47
\enit@inbox=\box88
\enitdp@description=\count323
)
\bottomlinelen=\skip69
\blockwidth=\skip70

(/usr/share/texmf/tex/latex/beamer/base/themes/font/beamerfontthemeserif.sty
Package: beamerfontthemeserif 2010/06/17  (rcs-revision d02a7cf4d8ae)
)
(/usr/share/texlive/texmf-dist/tex/latex/tcolorbox/tcbskins.code.tex
Library (tcolorbox): 'tcbskins.code.tex' version '2.70'
(/usr/local/share/texmf/tex/latex/pgf/frontendlayer/tikz.sty
(/usr/local/share/texmf/tex/latex/pgf/utilities/pgffor.sty
(/usr/local/share/texmf/tex/latex/pgf/utilities/pgfkeys.sty
(/usr/local/share/texmf/tex/generic/pgf/utilities/pgfkeys.code.tex))
(/usr/local/share/texmf/tex/latex/pgf/math/pgfmath.sty
(/usr/local/share/texmf/tex/generic/pgf/math/pgfmath.code.tex))
(/usr/local/share/texmf/tex/generic/pgf/utilities/pgffor.code.tex
Package: pgffor 2013/12/13 v3.0.0 (rcs-revision 1.25)

(/usr/local/share/texmf/tex/generic/pgf/math/pgfmath.code.tex)
\pgffor@iter=\dimen199
\pgffor@skip=\dimen200
\pgffor@stack=\toks48
\pgffor@toks=\toks49
))
(/usr/local/share/texmf/tex/generic/pgf/frontendlayer/tikz/tikz.code.tex
Package: tikz 2013/12/13 v3.0.0 (rcs-revision 1.142)

(/usr/local/share/texmf/tex/generic/pgf/libraries/pgflibraryplothandlers.code.t
ex
File: pgflibraryplothandlers.code.tex 2013/08/31 v3.0.0 (rcs-revision 1.20)
\pgf@plot@mark@count=\count324
\pgfplotmarksize=\dimen201
)
\tikz@lastx=\dimen202
\tikz@lasty=\dimen203
\tikz@lastxsaved=\dimen204
\tikz@lastysaved=\dimen205
\tikzleveldistance=\dimen206
\tikzsiblingdistance=\dimen207
\tikz@figbox=\box89
\tikz@figbox@bg=\box90
\tikz@tempbox=\box91
\tikz@tempbox@bg=\box92
\tikztreelevel=\count325
\tikznumberofchildren=\count326
\tikznumberofcurrentchild=\count327
\tikz@fig@count=\count328
 (/usr/local/share/texmf/tex/generic/pgf/modules/pgfmodulematrix.code.tex
File: pgfmodulematrix.code.tex 2013/09/17  (rcs-revision 1.8)
\pgfmatrixcurrentrow=\count329
\pgfmatrixcurrentcolumn=\count330
\pgf@matrix@numberofcolumns=\count331
)
\tikz@expandcount=\count332

(/usr/local/share/texmf/tex/generic/pgf/frontendlayer/tikz/libraries/tikzlibrar
ytopaths.code.tex
File: tikzlibrarytopaths.code.tex 2008/06/17 v3.0.0 (rcs-revision 1.2)
)))
\tcb@waterbox=\box93

(/usr/share/texlive/texmf-dist/tex/latex/tcolorbox/tcbskinsjigsaw.code.tex
Library (tcolorbox): 'tcbskinsjigsaw.code.tex' version '2.70'
))
(/usr/local/share/texmf/tex/generic/pgf/frontendlayer/tikz/libraries/tikzlibrar
yshadows.code.tex
File: tikzlibraryshadows.code.tex 2008/01/13 v3.0.0 (rcs-revision 1.3)

(/usr/local/share/texmf/tex/generic/pgf/frontendlayer/tikz/libraries/tikzlibrar
yfadings.code.tex
File: tikzlibraryfadings.code.tex 2009/11/15 v3.0.0 (rcs-revision 1.2)

(/usr/local/share/texmf/tex/generic/pgf/libraries/pgflibraryfadings.code.tex
File: pgflibraryfadings.code.tex 2008/02/07 v3.0.0 (rcs-revision 1.3)
)))) (/usr/local/share/texmf/tex/latex/pgfplots/pgfplots.sty
(/usr/local/share/texmf/tex/generic/pgfplots/pgfplots.revision.tex)
Package: pgfplots 2015/01/31 v1.12 Data Visualization (1.12)

(/usr/local/share/texmf/tex/generic/pgfplots/pgfplots.code.tex
(/usr/local/share/texmf/tex/generic/pgfplots/pgfplotscore.code.tex
\t@pgfplots@toka=\toks50
\t@pgfplots@tokb=\toks51
\t@pgfplots@tokc=\toks52
\pgfplots@tmpa=\dimen208
\c@pgfplots@coordindex=\count333
\c@pgfplots@scanlineindex=\count334

(/usr/local/share/texmf/tex/generic/pgfplots/sys/pgfplotssysgeneric.code.tex))
(/usr/local/share/texmf/tex/generic/pgfplots/libs/pgfplotslibrary.code.tex)
(/usr/local/share/texmf/tex/generic/pgfplots/oldpgfcompatib/pgfplotsoldpgfsupp_
loader.code.tex
(/usr/local/share/texmf/tex/generic/pgf/libraries/pgflibraryfpu.code.tex)
Package pgfplots: loading complementary arithmetics for your pgf version...

(/usr/local/share/texmf/tex/generic/pgfplots/oldpgfcompatib/pgfplotsoldpgfsupp_
pgflibraryfpu.code.tex)
(/usr/local/share/texmf/tex/generic/pgfplots/oldpgfcompatib/pgfplotsoldpgfsupp_
pgfmathfloat.code.tex
\c@pgfmathroundto@lastzeros=\count335
)
(/usr/local/share/texmf/tex/generic/pgfplots/oldpgfcompatib/pgfplotsoldpgfsupp_
trig_format.code.tex))
(/usr/local/share/texmf/tex/generic/pgfplots/util/pgfplotsutil.code.tex
(/usr/local/share/texmf/tex/generic/pgfplots/liststructure/pgfplotsliststructur
e.code.tex)
(/usr/local/share/texmf/tex/generic/pgfplots/liststructure/pgfplotsliststructur
eext.code.tex)
(/usr/local/share/texmf/tex/generic/pgfplots/liststructure/pgfplotsarray.code.t
ex
\c@pgfplotsarray@tmp=\count336
)
(/usr/local/share/texmf/tex/generic/pgfplots/liststructure/pgfplotsmatrix.code.
tex)
(/usr/local/share/texmf/tex/generic/pgfplots/numtable/pgfplotstableshared.code.
tex
\c@pgfplotstable@counta=\count337
\t@pgfplotstable@a=\toks53
)
(/usr/local/share/texmf/tex/generic/pgfplots/liststructure/pgfplotsdeque.code.t
ex) (/usr/local/share/texmf/tex/generic/pgfplots/util/pgfplotsbinary.code.tex
(/usr/local/share/texmf/tex/generic/pgfplots/util/pgfplotsbinary.data.code.tex)
) (/usr/local/share/texmf/tex/generic/pgfplots/util/pgfplotsutil.verb.code.tex)

(/usr/local/share/texmf/tex/generic/pgfplots/libs/pgflibrarypgfplots.surfshadin
g.code.tex
\c@pgfplotslibrarysurf@no=\count338

(/usr/local/share/texmf/tex/generic/pgfplots/sys/pgflibrarypgfplots.surfshading
.pgfsys-pdftex.def)))
(/usr/local/share/texmf/tex/generic/pgfplots/util/pgfplotscolormap.code.tex
(/usr/local/share/texmf/tex/generic/pgfplots/util/pgfplotscolor.code.tex))
(/usr/local/share/texmf/tex/generic/pgfplots/pgfplotsstackedplots.code.tex)
(/usr/local/share/texmf/tex/generic/pgfplots/pgfplotsplothandlers.code.tex
(/usr/local/share/texmf/tex/generic/pgfplots/pgfplotsmeshplothandler.code.tex))
(/usr/local/share/texmf/tex/generic/pgfplots/pgfplots.scaling.code.tex)
(/usr/local/share/texmf/tex/generic/pgfplots/pgfplotscoordprocessing.code.tex)
(/usr/local/share/texmf/tex/generic/pgfplots/pgfplots.errorbars.code.tex)
(/usr/local/share/texmf/tex/generic/pgfplots/pgfplots.markers.code.tex)
(/usr/local/share/texmf/tex/generic/pgfplots/pgfplotsticks.code.tex)
(/usr/local/share/texmf/tex/generic/pgfplots/pgfplots.paths.code.tex)
(/usr/local/share/texmf/tex/generic/pgf/frontendlayer/tikz/libraries/tikzlibrar
ydecorations.code.tex
(/usr/local/share/texmf/tex/generic/pgf/modules/pgfmoduledecorations.code.tex
\pgfdecoratedcompleteddistance=\dimen209
\pgfdecoratedremainingdistance=\dimen210
\pgfdecoratedinputsegmentcompleteddistance=\dimen211
\pgfdecoratedinputsegmentremainingdistance=\dimen212
\pgf@decorate@distancetomove=\dimen213
\pgf@decorate@repeatstate=\count339
\pgfdecorationsegmentamplitude=\dimen214
\pgfdecorationsegmentlength=\dimen215
)
\tikz@lib@dec@box=\box94
)
(/usr/local/share/texmf/tex/generic/pgf/frontendlayer/tikz/libraries/tikzlibrar
ydecorations.pathmorphing.code.tex
(/usr/local/share/texmf/tex/generic/pgf/libraries/decorations/pgflibrarydecorat
ions.pathmorphing.code.tex))
(/usr/local/share/texmf/tex/generic/pgf/frontendlayer/tikz/libraries/tikzlibrar
ydecorations.pathreplacing.code.tex
(/usr/local/share/texmf/tex/generic/pgf/libraries/decorations/pgflibrarydecorat
ions.pathreplacing.code.tex))
\pgfplots@numplots=\count340
\pgfplots@xmin@reg=\dimen216
\pgfplots@xmax@reg=\dimen217
\pgfplots@ymin@reg=\dimen218
\pgfplots@ymax@reg=\dimen219
\pgfplots@zmin@reg=\dimen220
\pgfplots@zmax@reg=\dimen221
)
(/usr/local/share/texmf/tex/generic/pgf/frontendlayer/tikz/libraries/tikzlibrar
yplotmarks.code.tex
File: tikzlibraryplotmarks.code.tex 2008/01/09 v3.0.0 (rcs-revision 1.1)

(/usr/local/share/texmf/tex/generic/pgf/libraries/pgflibraryplotmarks.code.tex
File: pgflibraryplotmarks.code.tex 2013/07/20 v3.0.0 (rcs-revision 1.13)
))) (/usr/share/texlive/texmf-dist/tex/latex/oberdiek/epstopdf.sty
Package: epstopdf 2010/02/09 v2.5 Conversion with epstopdf on the fly (HO)

(/usr/share/texlive/texmf-dist/tex/latex/oberdiek/epstopdf-base.sty
Package: epstopdf-base 2010/02/09 v2.5 Base part for package epstopdf

(/usr/share/texlive/texmf-dist/tex/latex/oberdiek/grfext.sty
Package: grfext 2010/08/19 v1.1 Manage graphics extensions (HO)
)
Package grfext Info: Graphics extension search list:
(grfext)             [.png,.pdf,.jpg,.mps,.jpeg,.jbig2,.jb2,.PNG,.PDF,.JPG,.JPE
G,.JBIG2,.JB2,.eps]
(grfext)             \AppendGraphicsExtensions on input line 452.

(/usr/share/texlive/texmf-dist/tex/latex/latexconfig/epstopdf-sys.cfg
File: epstopdf-sys.cfg 2010/07/13 v1.3 Configuration of (r)epstopdf for TeX Liv
e
)))
(/usr/share/texlive/texmf-dist/tex/latex/psfrag/psfrag.sty
Package: psfrag 1998/04/11 v3.04 PSfrag (MCG)
\pfg@pcount=\count341
\pfg@scount=\count342
\pfg@temp=\write7
)
(/usr/share/texlive/texmf-dist/tex/latex/pstricks/pstricks.sty
Package: pstricks 2013/12/12 v0.60 LaTeX wrapper for `PSTricks' (RN,HV)

(/usr/share/texlive/texmf-dist/tex/generic/pstricks/pstricks.tex
(/usr/share/texlive/texmf-dist/tex/generic/xkeyval/pst-xkey.tex
File: pst-xkey.tex 2005/11/25 v1.6 PSTricks specialization of xkeyval (HA)

(/usr/share/texlive/texmf-dist/tex/latex/xkeyval/xkeyval.sty
Package: xkeyval 2012/10/14 v2.6b package option processing (HA)

(/usr/share/texlive/texmf-dist/tex/generic/xkeyval/xkeyval.tex
\XKV@toks=\toks54
\XKV@tempa@toks=\toks55
\XKV@depth=\count343
File: xkeyval.tex 2012/10/14 v2.6b key=value parser (HA)
)))
(/usr/share/texlive/texmf-dist/tex/generic/pstricks/pst-fp.tex
`pst-fp' v0.05, 2010/01/17 (hv)
\pstFP@xs=\count344
\pstFP@xia=\count345
\pstFP@xib=\count346
\pstFP@xfa=\count347
\pstFP@xfb=\count348
\pstFP@rega=\count349
\pstFP@regb=\count350
\pstFP@regs=\count351
\pstFP@times=\count352
)
(/usr/local/share/texmf/tex/generic/pgf/utilities/pgfutil-common.tex
\pgfutil@everybye=\toks56
\pgfutil@tempdima=\dimen222
\pgfutil@tempdimb=\dimen223

(/usr/local/share/texmf/tex/generic/pgf/utilities/pgfutil-common-lists.tex))
(/usr/local/share/texmf/tex/generic/pgf/utilities/pgfkeys.code.tex)
(/usr/local/share/texmf/tex/generic/pgf/utilities/pgffor.code.tex
(/usr/local/share/texmf/tex/generic/pgf/math/pgfmath.code.tex)
\pgffor@iter=\dimen224
\pgffor@skip=\dimen225
\pgffor@stack=\toks57
\pgffor@toks=\toks58
)
\psLoopIndex=\count353

`PSTricks' v2.51  <2014/02/03> (tvz)
\pst@dima=\dimen226
\pst@dimb=\dimen227
\pst@dimc=\dimen228
\pst@dimd=\dimen229
\pst@dimg=\dimen230
\pst@dimh=\dimen231
\pst@dimm=\dimen232
\pst@dimn=\dimen233
Normal \dimen register pool exhausted, switching to extended pool.
\pst@dimo=\dimen256
\pst@dimp=\dimen257
\pst@hbox=\box95
\pst@ibox=\box96
\pst@boxg=\box97
\pst@cnta=\count354
\pst@cntb=\count355
\pst@cntc=\count356
\pst@cntd=\count357
\pst@cntg=\count358
\pst@cnth=\count359
\pst@cntm=\count360
\pst@cntn=\count361
\pst@cnto=\count362
\pst@cntp=\count363
\@zero=\count364
\pst@toks=\toks59
(/usr/share/texlive/texmf-dist/tex/generic/pstricks/pstricks.con)
\psunit=\dimen258
\psxunit=\dimen259
\psyunit=\dimen260
\pst@C@@rType=\count365
\pslinewidth=\dimen261
\psk@startLW=\dimen262
\psk@endLW=\dimen263
\pst@customdefs=\toks60
\pslinearc=\dimen264
\pst@symbolStep=\dimen265
\pst@symbolWidth=\dimen266
\pst@symbolLinewidth=\dimen267
\everypsbox=\toks61
\psframesep=\dimen268
\pslabelsep=\dimen269
\sh@wgridXunit=\dimen270
\sh@wgridYunit=\dimen271
\pst@shift=\dimen272
)
File: pstricks.tex 2014/02/03 v2.51 `PSTricks' (tvz,hv)

(/usr/share/texlive/texmf-dist/tex/generic/pstricks/pst-fp.tex)
File: pst-fp.tex 2014/02/03 v2.51 `PST-fp' (hv)
)
(/usr/local/share/texmf/tex/generic/pgfplots/libs/tikzlibrarypgfplots.groupplot
s.code.tex
\pgfplots@group@current@plot=\count366
\pgfplots@group@current@row=\count367
\pgfplots@group@current@column=\count368

(/usr/local/share/texmf/tex/generic/pgf/frontendlayer/tikz/libraries/tikzlibrar
ycalc.code.tex
File: tikzlibrarycalc.code.tex 2013/07/15 v3.0.0 (rcs-revision 1.9)
))
(/usr/local/share/texmf/tex/generic/pgf/frontendlayer/tikz/libraries/tikzlibrar
ymatrix.code.tex
File: tikzlibrarymatrix.code.tex 2013/07/12 v3.0.0 (rcs-revision 1.4)
)
Package biblatex Info: Trying to load language 'english'...
Package biblatex Info: ... file 'english.lbx' found.

(/usr/share/texlive/texmf-dist/tex/latex/biblatex/lbx/english.lbx
File: english.lbx 2013/11/25 v2.8a biblatex localization (PK/JW/AB)
)

Package biblatex Warning: Patching footnotes failed.
(biblatex)                Footnote detection will not work.

\@quotelevel=\count369
\@quotereset=\count370
(./example_students.aux (./DIPCc.aux) (./StrIPC.aux) (./EBTT.aux))
\openout1 = `example_students.aux'.

LaTeX Font Info:    Checking defaults for OML/cmm/m/it on input line 26.
LaTeX Font Info:    ... okay on input line 26.
LaTeX Font Info:    Checking defaults for T1/cmr/m/n on input line 26.
LaTeX Font Info:    ... okay on input line 26.
LaTeX Font Info:    Checking defaults for OT1/cmr/m/n on input line 26.
LaTeX Font Info:    ... okay on input line 26.
LaTeX Font Info:    Checking defaults for OMS/cmsy/m/n on input line 26.
LaTeX Font Info:    ... okay on input line 26.
LaTeX Font Info:    Checking defaults for OMX/cmex/m/n on input line 26.
LaTeX Font Info:    ... okay on input line 26.
LaTeX Font Info:    Checking defaults for U/cmr/m/n on input line 26.
LaTeX Font Info:    ... okay on input line 26.
LaTeX Font Info:    Checking defaults for PD1/pdf/m/n on input line 26.
LaTeX Font Info:    ... okay on input line 26.

*geometry* driver: auto-detecting
*geometry* detected driver: pdftex
*geometry* verbose mode - [ preamble ] result:
* driver: pdftex
* paper: custom
* layout: <same size as paper>
* layoutoffset:(h,v)=(0.0pt,0.0pt)
* modes: includehead includefoot 
* h-part:(L,W,R)=(28.45274pt, 307.28987pt, 28.45274pt)
* v-part:(T,H,B)=(0.0pt, 273.14662pt, 0.0pt)
* \paperwidth=364.19536pt
* \paperheight=273.14662pt
* \textwidth=307.28987pt
* \textheight=244.6939pt
* \oddsidemargin=-43.81725pt
* \evensidemargin=-43.81725pt
* \topmargin=-72.26999pt
* \headheight=14.22636pt
* \headsep=0.0pt
* \topskip=11.0pt
* \footskip=14.22636pt
* \marginparwidth=4.0pt
* \marginparsep=10.0pt
* \columnsep=10.0pt
* \skip\footins=10.0pt plus 4.0pt minus 2.0pt
* \hoffset=0.0pt
* \voffset=0.0pt
* \mag=1000
* \@twocolumnfalse
* \@twosidefalse
* \@mparswitchfalse
* \@reversemarginfalse
* (1in=72.27pt=25.4mm, 1cm=28.453pt)

(/usr/share/texlive/texmf-dist/tex/context/base/supp-pdf.mkii
[Loading MPS to PDF converter (version 2006.09.02).]
\scratchcounter=\count371
\scratchdimen=\dimen273
\scratchbox=\box98
\nofMPsegments=\count372
\nofMParguments=\count373
\everyMPshowfont=\toks62
\MPscratchCnt=\count374
\MPscratchDim=\dimen274
\MPnumerator=\count375
\makeMPintoPDFobject=\count376
\everyMPtoPDFconversion=\toks63
) ABD: EveryShipout initializing macros
\AtBeginShipoutBox=\box99
Package hyperref Info: Link coloring OFF on input line 26.

(/usr/share/texlive/texmf-dist/tex/latex/hyperref/nameref.sty
Package: nameref 2012/10/27 v2.43 Cross-referencing by name of section

(/usr/share/texlive/texmf-dist/tex/generic/oberdiek/gettitlestring.sty
Package: gettitlestring 2010/12/03 v1.4 Cleanup title references (HO)
)
\c@section@level=\count377
)
LaTeX Info: Redefining \ref on input line 26.
LaTeX Info: Redefining \pageref on input line 26.
LaTeX Info: Redefining \nameref on input line 26.

(./example_students.out) (./example_students.out)
\@outlinefile=\write8
\openout8 = `example_students.out'.


(/usr/share/texmf/tex/latex/beamer/base/translator/dicts/translator-basic-dicti
onary/translator-basic-dictionary-English.dict
Dictionary: translator-basic-dictionary, Language: English 
)
(/usr/share/texmf/tex/latex/beamer/base/translator/dicts/translator-bibliograph
y-dictionary/translator-bibliography-dictionary-English.dict
Dictionary: translator-bibliography-dictionary, Language: English 
)
(/usr/share/texmf/tex/latex/beamer/base/translator/dicts/translator-environment
-dictionary/translator-environment-dictionary-English.dict
Dictionary: translator-environment-dictionary, Language: English 
)
(/usr/share/texmf/tex/latex/beamer/base/translator/dicts/translator-months-dict
ionary/translator-months-dictionary-English.dict
Dictionary: translator-months-dictionary, Language: English 
)
(/usr/share/texmf/tex/latex/beamer/base/translator/dicts/translator-numbers-dic
tionary/translator-numbers-dictionary-English.dict
Dictionary: translator-numbers-dictionary, Language: English 
)
(/usr/share/texmf/tex/latex/beamer/base/translator/dicts/translator-theorem-dic
tionary/translator-theorem-dictionary-English.dict
Dictionary: translator-theorem-dictionary, Language: English 
)
LaTeX Info: Redefining \includegraphics on input line 26.
Package biblatex Info: Input encoding 'utf8' detected.
Package biblatex Info: Automatic encoding selection.
(biblatex)             Assuming data encoding 'utf8'.
\openout6 = `example_students-blx.bib'.

Package biblatex Info: Trying to load bibliographic data...
Package biblatex Info: ... file 'example_students.bbl' found.
 (./example_students.bbl

Package biblatex Warning: BibTeX reported the following issues
(biblatex)                with 'Gioioso_2014':
(biblatex)                - Invalid format of field 'month'.


Package biblatex Warning: BibTeX reported the following issues
(biblatex)                with 'Hogan_84b':
(biblatex)                - Invalid format of field 'month'.


Package biblatex Warning: BibTeX reported the following issues
(biblatex)                with 'Lee_05':
(biblatex)                - Invalid format of field 'month'.


Package biblatex Warning: BibTeX reported the following issues
(biblatex)                with 'Ortega_01':
(biblatex)                - Invalid format of field 'month'.


Package biblatex Warning: BibTeX reported the following issues
(biblatex)                with 'Scheggi_14':
(biblatex)                - Invalid format of field 'month'.


Package biblatex Warning: BibTeX reported the following issues
(biblatex)                with 'Sieber_15':
(biblatex)                - Invalid format of field 'month'.


Package biblatex Warning: BibTeX reported the following issues
(biblatex)                with 'Tadele_14':
(biblatex)                - Invalid format of field 'month'.

)
Package biblatex Info: Reference section=0 on input line 26.
Package biblatex Info: Reference segment=0 on input line 26.

Package pgfplots notification 'compat/show suggested version=true': you might b
enefit from \pgfplotsset{compat=1.12} (current compat level: 1.9).

(./example_students.nav)
<logos/itr_logo_foot_full_small.pdf, id=53, 364.1943pt x 17.46936pt>
File: logos/itr_logo_foot_full_small.pdf Graphic file (type pdf)

<use logos/itr_logo_foot_full_small.pdf>
Package pdftex.def Info: logos/itr_logo_foot_full_small.pdf used on input line 
26.
(pdftex.def)             Requested size: 364.19527pt x 17.46957pt.
File: logos/itr_logo_foot_full_small.pdf Graphic file (type pdf)

<use logos/itr_logo_foot_full_small.pdf>
Package pdftex.def Info: logos/itr_logo_foot_full_small.pdf used on input line 
31.
(pdftex.def)             Requested size: 364.19527pt x 17.46957pt.
 [1
Non-PDF special ignored!
Non-PDF special ignored!
Non-PDF special ignored!
Non-PDF special ignored!
Non-PDF special ignored!


Non-PDF special ignored!
Non-PDF special ignored!
Non-PDF special ignored!{/var/lib/texmf/fonts/map/pdftex/updmap/pdftex.map} <./
logos/itr_logo_foot_full_small.pdf>]
<pics/handcontrol.jpg, id=83, 243.15843pt x 171.26485pt>
File: pics/handcontrol.jpg Graphic file (type jpg)

<use pics/handcontrol.jpg>
Package pdftex.def Info: pics/handcontrol.jpg used on input line 62.
(pdftex.def)             Requested size: 150.57137pt x 106.05243pt.
LaTeX Font Info:    Try loading font information for U+msa on input line 62.

(/usr/share/texlive/texmf-dist/tex/latex/amsfonts/umsa.fd
File: umsa.fd 2013/01/14 v3.01 AMS symbols A
)
LaTeX Font Info:    Try loading font information for U+msb on input line 62.

(/usr/share/texlive/texmf-dist/tex/latex/amsfonts/umsb.fd
File: umsb.fd 2013/01/14 v3.01 AMS symbols B
)
<logos/itr_logo_foot_full_small_3.pdf, id=84, 364.19528pt x 17.07166pt>
File: logos/itr_logo_foot_full_small_3.pdf Graphic file (type pdf)

<use logos/itr_logo_foot_full_small_3.pdf>
Package pdftex.def Info: logos/itr_logo_foot_full_small_3.pdf used on input lin
e 62.
(pdftex.def)             Requested size: 362.77263pt x 17.00516pt.
 [2

 <./pics/handcontrol.jpg> <./logos/itr_logo_foot_full_small_3.pdf>]
Package epstopdf Info: Source file: <pics/general_setup.eps>
(epstopdf)                    date: 2015-03-04 13:12:28
(epstopdf)                    size: 24276 bytes
(epstopdf)             Output file: <pics/general_setup-eps-converted-to.pdf>
(epstopdf)                    date: 2016-01-20 15:00:30
(epstopdf)                    size: 8868 bytes
(epstopdf)             Command: <repstopdf --outfile=pics/general_setup-eps-con
verted-to.pdf pics/general_setup.eps>
(epstopdf)             \includegraphics on input line 99.
Package epstopdf Info: Output file is already uptodate.

<pics/general_setup-eps-converted-to.pdf, id=140, 266.9975pt x 186.6975pt>
File: pics/general_setup-eps-converted-to.pdf Graphic file (type pdf)

<use pics/general_setup-eps-converted-to.pdf>
Package pdftex.def Info: pics/general_setup-eps-converted-to.pdf used on input 
line 99.
(pdftex.def)             Requested size: 122.9164pt x 85.95026pt.
File: logos/itr_logo_foot_full_small_3.pdf Graphic file (type pdf)

<use logos/itr_logo_foot_full_small_3.pdf>
Package pdftex.def Info: logos/itr_logo_foot_full_small_3.pdf used on input lin
e 99.
(pdftex.def)             Requested size: 362.77263pt x 17.00516pt.
 [3

 <./pics/general_setup-eps-converted-to.pdf>]
File: logos/itr_logo_foot_full_small_3.pdf Graphic file (type pdf)
 <use logos/itr_logo_foot_full_small_3.pdf>
Package pdftex.def Info: logos/itr_logo_foot_full_small_3.pdf used on input lin
e 128.
(pdftex.def)             Requested size: 362.77263pt x 17.00516pt.
 [4

]
(./pics/overview.eps_tex
Package epstopdf Info: Source file: <pics/overview.eps>
(epstopdf)                    date: 2016-05-14 20:07:16
(epstopdf)                    size: 103046 bytes
(epstopdf)             Output file: <pics/overview-eps-converted-to.pdf>
(epstopdf)                    date: 2016-05-14 20:07:21
(epstopdf)                    size: 56346 bytes
(epstopdf)             Command: <repstopdf --outfile=pics/overview-eps-converte
d-to.pdf pics/overview.eps>
(epstopdf)             \includegraphics on input line 52.
Package epstopdf Info: Output file is already uptodate.

<pics/overview-eps-converted-to.pdf, id=190, 328.22626pt x 90.3375pt>
File: pics/overview-eps-converted-to.pdf Graphic file (type pdf)

<use pics/overview-eps-converted-to.pdf>
Package pdftex.def Info: pics/overview-eps-converted-to.pdf used on input line 
52.
(pdftex.def)             Requested size: 304.21866pt x 83.73041pt.
)
File: logos/itr_logo_foot_full_small_3.pdf Graphic file (type pdf)

<use logos/itr_logo_foot_full_small_3.pdf>
Package pdftex.def Info: logos/itr_logo_foot_full_small_3.pdf used on input lin
e 200.
(pdftex.def)             Requested size: 362.77263pt x 17.00516pt.
 [5

 <./pics/overview-eps-converted-to.pdf>]
File: logos/itr_logo_foot_full_small_3.pdf Graphic file (type pdf)
 <use logos/itr_logo_foot_full_small_3.pdf>
Package pdftex.def Info: logos/itr_logo_foot_full_small_3.pdf used on input lin
e 255.
(pdftex.def)             Requested size: 362.77263pt x 17.00516pt.
 [6

]
(./pics/virtualstructure.eps_tex
Package epstopdf Info: Source file: <pics/virtualstructure.eps>
(epstopdf)                    date: 2016-05-14 19:44:03
(epstopdf)                    size: 822984 bytes
(epstopdf)             Output file: <pics/virtualstructure-eps-converted-to.pdf
>
(epstopdf)                    date: 2016-05-14 19:58:45
(epstopdf)                    size: 142007 bytes
(epstopdf)             Command: <repstopdf --outfile=pics/virtualstructure-eps-
converted-to.pdf pics/virtualstructure.eps>
(epstopdf)             \includegraphics on input line 52.
Package epstopdf Info: Output file is already uptodate.

<pics/virtualstructure-eps-converted-to.pdf, id=247, 555.07375pt x 395.4775pt>
File: pics/virtualstructure-eps-converted-to.pdf Graphic file (type pdf)

<use pics/virtualstructure-eps-converted-to.pdf>
Package pdftex.def Info: pics/virtualstructure-eps-converted-to.pdf used on inp
ut line 52.
(pdftex.def)             Requested size: 122.91406pt x 87.57256pt.
)
File: logos/itr_logo_foot_full_small_3.pdf Graphic file (type pdf)

<use logos/itr_logo_foot_full_small_3.pdf>
Package pdftex.def Info: logos/itr_logo_foot_full_small_3.pdf used on input lin
e 283.
(pdftex.def)             Requested size: 362.77263pt x 17.00516pt.
 [7

 <./pics/virtualstructure-eps-converted-to.pdf>] (./pics/controlderivation1.eps
_tex
Package epstopdf Info: Source file: <pics/controlderivation1.eps>
(epstopdf)                    date: 2016-05-17 10:29:23
(epstopdf)                    size: 2708 bytes
(epstopdf)             Output file: <pics/controlderivation1-eps-converted-to.p
df>
(epstopdf)                    date: 2016-05-17 10:29:23
(epstopdf)                    size: 2599 bytes
(epstopdf)             Command: <repstopdf --outfile=pics/controlderivation1-ep
s-converted-to.pdf pics/controlderivation1.eps>
(epstopdf)             \includegraphics on input line 52.
Package epstopdf Info: Output file is already uptodate.

<pics/controlderivation1-eps-converted-to.pdf, id=280, 56.21pt x 57.21375pt>
File: pics/controlderivation1-eps-converted-to.pdf Graphic file (type pdf)

<use pics/controlderivation1-eps-converted-to.pdf>
Package pdftex.def Info: pics/controlderivation1-eps-converted-to.pdf used on i
nput line 52.
(pdftex.def)             Requested size: 30.73085pt x 31.27995pt.
)
File: logos/itr_logo_foot_full_small_3.pdf Graphic file (type pdf)

<use logos/itr_logo_foot_full_small_3.pdf>
Package pdftex.def Info: logos/itr_logo_foot_full_small_3.pdf used on input lin
e 418.
(pdftex.def)             Requested size: 362.77263pt x 17.00516pt.
 [8

 <./pics/controlderivation1-eps-converted-to.pdf>] (./pics/controlderivation2.e
ps_tex
Package epstopdf Info: Source file: <pics/controlderivation2.eps>
(epstopdf)                    date: 2016-05-17 10:29:23
(epstopdf)                    size: 5843 bytes
(epstopdf)             Output file: <pics/controlderivation2-eps-converted-to.p
df>
(epstopdf)                    date: 2016-05-17 10:29:23
(epstopdf)                    size: 3737 bytes
(epstopdf)             Command: <repstopdf --outfile=pics/controlderivation2-ep
s-converted-to.pdf pics/controlderivation2.eps>
(epstopdf)             \includegraphics on input line 52.
Package epstopdf Info: Output file is already uptodate.

<pics/controlderivation2-eps-converted-to.pdf, id=308, 139.52126pt x 57.21375pt
>
File: pics/controlderivation2-eps-converted-to.pdf Graphic file (type pdf)
 <use pics/controlderivation2-eps-converted-to.pdf>
Package pdftex.def Info: pics/controlderivation2-eps-converted-to.pdf used on i
nput line 52.
(pdftex.def)             Requested size: 76.82246pt x 31.50343pt.
)
File: logos/itr_logo_foot_full_small_3.pdf Graphic file (type pdf)

<use logos/itr_logo_foot_full_small_3.pdf>
Package pdftex.def Info: logos/itr_logo_foot_full_small_3.pdf used on input lin
e 418.
(pdftex.def)             Requested size: 362.77263pt x 17.00516pt.
 [9

 <./pics/controlderivation2-eps-converted-to.pdf>] (./pics/controlderivation3.e
ps_tex
Package epstopdf Info: Source file: <pics/controlderivation3.eps>
(epstopdf)                    date: 2016-05-17 10:29:23
(epstopdf)                    size: 8147 bytes
(epstopdf)             Output file: <pics/controlderivation3-eps-converted-to.p
df>
(epstopdf)                    date: 2016-05-17 10:29:23
(epstopdf)                    size: 4625 bytes
(epstopdf)             Command: <repstopdf --outfile=pics/controlderivation3-ep
s-converted-to.pdf pics/controlderivation3.eps>
(epstopdf)             \includegraphics on input line 52.
Package epstopdf Info: Output file is already uptodate.

<pics/controlderivation3-eps-converted-to.pdf, id=337, 200.75pt x 57.21375pt>
File: pics/controlderivation3-eps-converted-to.pdf Graphic file (type pdf)

<use pics/controlderivation3-eps-converted-to.pdf>
Package pdftex.def Info: pics/controlderivation3-eps-converted-to.pdf used on i
nput line 52.
(pdftex.def)             Requested size: 122.91406pt x 35.03127pt.
)
File: logos/itr_logo_foot_full_small_3.pdf Graphic file (type pdf)

<use logos/itr_logo_foot_full_small_3.pdf>
Package pdftex.def Info: logos/itr_logo_foot_full_small_3.pdf used on input lin
e 418.
(pdftex.def)             Requested size: 362.77263pt x 17.00516pt.
 [10

 <./pics/controlderivation3-eps-converted-to.pdf>]
File: logos/itr_logo_foot_full_small_3.pdf Graphic file (type pdf)
 <use logos/itr_logo_foot_full_small_3.pdf>
Package pdftex.def Info: logos/itr_logo_foot_full_small_3.pdf used on input lin
e 437.
(pdftex.def)             Requested size: 362.77263pt x 17.00516pt.
 [11

]
File: logos/itr_logo_foot_full_small_3.pdf Graphic file (type pdf)

<use logos/itr_logo_foot_full_small_3.pdf>
Package pdftex.def Info: logos/itr_logo_foot_full_small_3.pdf used on input lin
e 458.
(pdftex.def)             Requested size: 362.77263pt x 17.00516pt.
 [12

] (./pics/energytank.eps_tex
Package epstopdf Info: Source file: <pics/energytank.eps>
(epstopdf)                    date: 2016-05-17 10:29:24
(epstopdf)                    size: 51698 bytes
(epstopdf)             Output file: <pics/energytank-eps-converted-to.pdf>
(epstopdf)                    date: 2016-05-17 15:28:05
(epstopdf)                    size: 53650 bytes
(epstopdf)             Command: <repstopdf --outfile=pics/energytank-eps-conver
ted-to.pdf pics/energytank.eps>
(epstopdf)             \includegraphics on input line 52.
Package epstopdf Info: Output file is already uptodate.

<pics/energytank-eps-converted-to.pdf, id=409, 305.14pt x 100.375pt>
File: pics/energytank-eps-converted-to.pdf Graphic file (type pdf)

<use pics/energytank-eps-converted-to.pdf>
Package pdftex.def Info: pics/energytank-eps-converted-to.pdf used on input lin
e 52.
(pdftex.def)             Requested size: 291.92444pt x 96.03113pt.
)
File: logos/itr_logo_foot_full_small_3.pdf Graphic file (type pdf)

<use logos/itr_logo_foot_full_small_3.pdf>
Package pdftex.def Info: logos/itr_logo_foot_full_small_3.pdf used on input lin
e 474.
(pdftex.def)             Requested size: 362.77263pt x 17.00516pt.
 [13

 <./pics/energytank-eps-converted-to.pdf>]
File: logos/itr_logo_foot_full_small_3.pdf Graphic file (type pdf)
 <use logos/itr_logo_foot_full_small_3.pdf>
Package pdftex.def Info: logos/itr_logo_foot_full_small_3.pdf used on input lin
e 495.
(pdftex.def)             Requested size: 362.77263pt x 17.00516pt.
 [14

]
\openout2 = `DIPCc.aux'.

 (./DIPCc.tex
PGFPlots: reading {../../plotdata/DIPCctrans_errPos.txt}
PGFPlots: reading {../../plotdata/DIPCcrot_errOrient.txt}
PGFPlots: reading {../../plotdata/DIPCctrans_errVeloc.txt}
PGFPlots: reading {../../plotdata/DIPCcrot_errAngVel.txt}
PGFPlots: reading {"../../plotdata/DIPCctrans_Manipulator wrench_tx.txt"}
PGFPlots: reading {"../../plotdata/DIPCctrans_Manipulator wrench_ty.txt"}
PGFPlots: reading {"../../plotdata/DIPCctrans_Manipulator wrench_rz.txt"}
PGFPlots: reading {"../../plotdata/DIPCcrot_Manipulator wrench_tx.txt"}
PGFPlots: reading {"../../plotdata/DIPCcrot_Manipulator wrench_ty.txt"}
PGFPlots: reading {"../../plotdata/DIPCcrot_Manipulator wrench_rz.txt"}
)
Overfull \vbox (17.15839pt too high) detected at line 528
 []

File: logos/itr_logo_foot_full_small_3.pdf Graphic file (type pdf)
<use logos/itr_logo_foot_full_small_3.pdf>
Package pdftex.def Info: logos/itr_logo_foot_full_small_3.pdf used on input lin
e 528.
(pdftex.def)             Requested size: 362.77263pt x 17.00516pt.
 [15



\newlabel{plots:forcex}{{\expandafter\protect\csname pgfplots@show@ref@plots:fo
rcex\endcsname}{13}{dummy}{Doc-Start}{}}
\@writefile{snm}{\defcounter {refsection}{0}\relax }\@writefile{snm}{\beamer@sl
ide {plots:forcex}{15}}
\newlabel{plots:forcey}{{\expandafter\protect\csname pgfplots@show@ref@plots:fo
rcey\endcsname}{13}{dummy}{Doc-Start}{}}
\@writefile{snm}{\defcounter {refsection}{0}\relax }\@writefile{snm}{\beamer@sl
ide {plots:forcey}{15}}
\newlabel{plots:torquez}{{\expandafter\protect\csname pgfplots@show@ref@plots:t
orquez\endcsname}{13}{dummy}{Doc-Start}{}}
\@writefile{snm}{\defcounter {refsection}{0}\relax }\@writefile{snm}{\beamer@sl
ide {plots:torquez}{15}}

]
\openout2 = `StrIPC.aux'.

 (./StrIPC.tex
PGFPlots: reading {../../plotdata/StrIPCtrans_errPos.txt}
PGFPlots: reading {../../plotdata/StrIPCrot_errOrient.txt}
PGFPlots: reading {../../plotdata/StrIPCtrans_errVeloc.txt}
PGFPlots: reading {../../plotdata/StrIPCrot_errAngVel.txt}
PGFPlots: reading {"../../plotdata/StrIPCtrans_Manipulator wrench_tx.txt"}
PGFPlots: reading {"../../plotdata/StrIPCtrans_Manipulator wrench_ty.txt"}
PGFPlots: reading {"../../plotdata/StrIPCtrans_Manipulator wrench_rz.txt"}
PGFPlots: reading {"../../plotdata/StrIPCrot_Manipulator wrench_tx.txt"}
pdfTeX warning (ext4): destination with the same identifier (name{plots:forcex}
) has been already used, duplicate ignored
<to be read again> 
                   \relax 
l.80 ...ulator wrench_tx.txt};\label{plots:forcex}
                                                  
PGFPlots: reading {"../../plotdata/StrIPCrot_Manipulator wrench_ty.txt"}
pdfTeX warning (ext4): destination with the same identifier (name{plots:forcey}
) has been already used, duplicate ignored
<to be read again> 
                   \relax 
l.81 ...ulator wrench_ty.txt};\label{plots:forcey}
                                                  
PGFPlots: reading {"../../plotdata/StrIPCrot_Manipulator wrench_rz.txt"}
pdfTeX warning (ext4): destination with the same identifier (name{plots:torquez
}) has been already used, duplicate ignored
<to be read again> 
                   \relax 
l.82 ...lator wrench_rz.txt};\label{plots:torquez}
                                                  )
Overfull \vbox (17.95895pt too high) detected at line 539
 []

File: logos/itr_logo_foot_full_small_3.pdf Graphic file (type pdf)
<use logos/itr_logo_foot_full_small_3.pdf>
Package pdftex.def Info: logos/itr_logo_foot_full_small_3.pdf used on input lin
e 539.
(pdftex.def)             Requested size: 362.77263pt x 17.00516pt.
 [16



\newlabel{plots:forcex}{{\expandafter\protect\csname pgfplots@show@ref@plots:fo
rcex\endcsname}{14}{dummy}{Doc-Start}{}}
\@writefile{snm}{\defcounter {refsection}{0}\relax }\@writefile{snm}{\beamer@sl
ide {plots:forcex}{16}}
\newlabel{plots:forcey}{{\expandafter\protect\csname pgfplots@show@ref@plots:fo
rcey\endcsname}{14}{dummy}{Doc-Start}{}}
\@writefile{snm}{\defcounter {refsection}{0}\relax }\@writefile{snm}{\beamer@sl
ide {plots:forcey}{16}}
\newlabel{plots:torquez}{{\expandafter\protect\csname pgfplots@show@ref@plots:t
orquez\endcsname}{14}{dummy}{Doc-Start}{}}
\@writefile{snm}{\defcounter {refsection}{0}\relax }\@writefile{snm}{\beamer@sl
ide {plots:torquez}{16}}

]
\openout2 = `EBTT.aux'.

 (./EBTT.tex
PGFPlots: reading {"../../plotdata/VarStifftrans_desired velocity.txt"}
PGFPlots: reading {../../plotdata/VarStifftrans_Velocity.txt}
PGFPlots: reading {../../plotdata/VarStifftrans_TankLevel.txt}
)
Overfull \vbox (2.36012pt too high) detected at line 570
 []

File: logos/itr_logo_foot_full_small_3.pdf Graphic file (type pdf)
<use logos/itr_logo_foot_full_small_3.pdf>
Package pdftex.def Info: logos/itr_logo_foot_full_small_3.pdf used on input lin
e 570.
(pdftex.def)             Requested size: 362.77263pt x 17.00516pt.
 [17



]
File: logos/itr_logo_foot_full_small_3.pdf Graphic file (type pdf)

<use logos/itr_logo_foot_full_small_3.pdf>
Package pdftex.def Info: logos/itr_logo_foot_full_small_3.pdf used on input lin
e 641.
(pdftex.def)             Requested size: 362.77263pt x 17.00516pt.
 [18

]

Package hyperref Warning: Suppressing link with empty target on input line 651.


<logos/pdf_logo.pdf, id=565, 175.48561pt x 184.46918pt>
File: logos/pdf_logo.pdf Graphic file (type pdf)

<use logos/pdf_logo.pdf>
Package pdftex.def Info: logos/pdf_logo.pdf used on input line 651.
(pdftex.def)             Requested size: 11.38109pt x 11.96277pt.


Package hyperref Warning: Suppressing link with empty target on input line 651.


File: logos/pdf_logo.pdf Graphic file (type pdf)
<use logos/pdf_logo.pdf>
Package pdftex.def Info: logos/pdf_logo.pdf used on input line 651.
(pdftex.def)             Requested size: 11.38109pt x 11.96277pt.


Package hyperref Warning: Suppressing link with empty target on input line 651.


File: logos/pdf_logo.pdf Graphic file (type pdf)
<use logos/pdf_logo.pdf>
Package pdftex.def Info: logos/pdf_logo.pdf used on input line 651.
(pdftex.def)             Requested size: 11.38109pt x 11.96277pt.


Package hyperref Warning: Suppressing link with empty target on input line 651.


File: logos/pdf_logo.pdf Graphic file (type pdf)
<use logos/pdf_logo.pdf>
Package pdftex.def Info: logos/pdf_logo.pdf used on input line 651.
(pdftex.def)             Requested size: 11.38109pt x 11.96277pt.


Package hyperref Warning: Suppressing link with empty target on input line 651.


File: logos/pdf_logo.pdf Graphic file (type pdf)
<use logos/pdf_logo.pdf>
Package pdftex.def Info: logos/pdf_logo.pdf used on input line 651.
(pdftex.def)             Requested size: 11.38109pt x 11.96277pt.


Package hyperref Warning: Suppressing link with empty target on input line 651.


File: logos/pdf_logo.pdf Graphic file (type pdf)
<use logos/pdf_logo.pdf>
Package pdftex.def Info: logos/pdf_logo.pdf used on input line 651.
(pdftex.def)             Requested size: 11.38109pt x 11.96277pt.


Package hyperref Warning: Suppressing link with empty target on input line 651.


File: logos/pdf_logo.pdf Graphic file (type pdf)
<use logos/pdf_logo.pdf>
Package pdftex.def Info: logos/pdf_logo.pdf used on input line 651.
(pdftex.def)             Requested size: 11.38109pt x 11.96277pt.


Package hyperref Warning: Suppressing link with empty target on input line 651.


File: logos/pdf_logo.pdf Graphic file (type pdf)
<use logos/pdf_logo.pdf>
Package pdftex.def Info: logos/pdf_logo.pdf used on input line 651.
(pdftex.def)             Requested size: 11.38109pt x 11.96277pt.


Package hyperref Warning: Suppressing link with empty target on input line 651.


File: logos/pdf_logo.pdf Graphic file (type pdf)
<use logos/pdf_logo.pdf>
Package pdftex.def Info: logos/pdf_logo.pdf used on input line 651.
(pdftex.def)             Requested size: 11.38109pt x 11.96277pt.


Package hyperref Warning: Suppressing link with empty target on input line 651.


File: logos/pdf_logo.pdf Graphic file (type pdf)
<use logos/pdf_logo.pdf>
Package pdftex.def Info: logos/pdf_logo.pdf used on input line 651.
(pdftex.def)             Requested size: 11.38109pt x 11.96277pt.


Package hyperref Warning: Suppressing link with empty target on input line 651.


File: logos/pdf_logo.pdf Graphic file (type pdf)
<use logos/pdf_logo.pdf>
Package pdftex.def Info: logos/pdf_logo.pdf used on input line 651.
(pdftex.def)             Requested size: 11.38109pt x 11.96277pt.


Package hyperref Warning: Suppressing link with empty target on input line 651.


File: logos/pdf_logo.pdf Graphic file (type pdf)
<use logos/pdf_logo.pdf>
Package pdftex.def Info: logos/pdf_logo.pdf used on input line 651.
(pdftex.def)             Requested size: 11.38109pt x 11.96277pt.
File: logos/itr_logo_foot_full_small_3.pdf Graphic file (type pdf)
 <use logos/itr_logo_foot_full_small_3.pdf>
Package pdftex.def Info: logos/itr_logo_foot_full_small_3.pdf used on input lin
e 651.
(pdftex.def)             Requested size: 362.77263pt x 17.00516pt.
 [19

 <./logos/pdf_logo.pdf>]
File: logos/itr_logo_foot_full_small_3.pdf Graphic file (type pdf)
 <use logos/itr_logo_foot_full_small_3.pdf>
Package pdftex.def Info: logos/itr_logo_foot_full_small_3.pdf used on input lin
e 651.
(pdftex.def)             Requested size: 362.77263pt x 17.00516pt.
 [20


]
\tf@nav=\write9
\openout9 = `example_students.nav'.

\tf@toc=\write10
\openout10 = `example_students.toc'.

\tf@snm=\write11
\openout11 = `example_students.snm'.

Package atveryend Info: Empty hook `BeforeClearDocument' on input line 654.
Package atveryend Info: Empty hook `AfterLastShipout' on input line 654.

(./example_students.aux (./DIPCc.aux) (./StrIPC.aux) (./EBTT.aux))
Package atveryend Info: Executing hook `AtVeryEndDocument' on input line 654.
Package atveryend Info: Executing hook `AtEndAfterFileList' on input line 654.
Package rerunfilecheck Info: File `example_students.out' has not changed.
(rerunfilecheck)             Checksum: 6FB7DEA76F6AF00C0B09832FE48ED772;177.
Package logreq Info: Writing requests to 'example_students.run.xml'.
\openout1 = `example_students.run.xml'.

Package atveryend Info: Empty hook `AtVeryVeryEnd' on input line 654.
 ) 
Here is how much of TeX's memory you used:
 37922 strings out of 493304
 861819 string characters out of 6139871
 1442328 words of memory out of 5000000
 40485 multiletter control sequences out of 15000+600000
 15078 words of font info for 56 fonts, out of 8000000 for 9000
 957 hyphenation exceptions out of 8191
 61i,18n,104p,1659b,2206s stack positions out of 5000i,500n,10000p,200000b,80000s
</usr/share/texlive/texmf-dist/fonts/type1/public/amsfonts/cm/cmex10.pfb></us
r/share/texlive/texmf-dist/fonts/type1/public/amsfonts/cm/cmmi10.pfb></usr/shar
e/texlive/texmf-dist/fonts/type1/public/amsfonts/cm/cmmi5.pfb></usr/share/texli
ve/texmf-dist/fonts/type1/public/amsfonts/cm/cmmi6.pfb></usr/share/texlive/texm
f-dist/fonts/type1/public/amsfonts/cm/cmmi8.pfb></usr/share/texlive/texmf-dist/
fonts/type1/public/amsfonts/cm/cmmi9.pfb></usr/share/texlive/texmf-dist/fonts/t
ype1/public/amsfonts/cm/cmr10.pfb></usr/share/texlive/texmf-dist/fonts/type1/pu
blic/amsfonts/cm/cmr5.pfb></usr/share/texlive/texmf-dist/fonts/type1/public/ams
fonts/cm/cmr6.pfb></usr/share/texlive/texmf-dist/fonts/type1/public/amsfonts/cm
/cmr8.pfb></usr/share/texlive/texmf-dist/fonts/type1/public/amsfonts/cm/cmr9.pf
b></usr/share/texlive/texmf-dist/fonts/type1/public/amsfonts/cm/cmss10.pfb></us
r/share/texlive/texmf-dist/fonts/type1/public/amsfonts/cm/cmss8.pfb></usr/share
/texlive/texmf-dist/fonts/type1/public/amsfonts/cm/cmss9.pfb></usr/share/texliv
e/texmf-dist/fonts/type1/public/amsfonts/cm/cmssbx10.pfb></usr/share/texlive/te
xmf-dist/fonts/type1/public/amsfonts/cm/cmssi10.pfb></usr/share/texlive/texmf-d
ist/fonts/type1/public/amsfonts/cm/cmssi8.pfb></usr/share/texlive/texmf-dist/fo
nts/type1/public/amsfonts/cm/cmsy10.pfb></usr/share/texlive/texmf-dist/fonts/ty
pe1/public/amsfonts/cm/cmsy5.pfb></usr/share/texlive/texmf-dist/fonts/type1/pub
lic/amsfonts/cm/cmsy6.pfb></usr/share/texlive/texmf-dist/fonts/type1/public/ams
fonts/cm/cmsy8.pfb></usr/share/texlive/texmf-dist/fonts/type1/public/amsfonts/c
m/cmsy9.pfb></usr/share/texlive/texmf-dist/fonts/type1/public/amsfonts/symbols/
msam7.pfb>
Output written on example_students.pdf (20 pages, 1032902 bytes).
PDF statistics:
 707 PDF objects out of 1000 (max. 8388607)
 65 named destinations out of 1000 (max. 500000)
 214 words of extra memory for PDF output out of 10000 (max. 10000000)

