\BOOKMARK [0][-]{chapter.1}{Introduction}{}% 1
\BOOKMARK [1][-]{section.1.1}{Problem Statement}{chapter.1}% 2
\BOOKMARK [1][-]{section.1.2}{Cooperative manipulation and energy regulation control}{chapter.1}% 3
\BOOKMARK [0][-]{chapter.2}{port-Hamiltonian modelling in cooperative manipualtion tasks}{}% 4
\BOOKMARK [1][-]{section.2.1}{Energy-based modelling and control}{chapter.2}% 5
\BOOKMARK [1][-]{section.2.2}{port-Hamiltonian description of mechanical systems}{chapter.2}% 6
\BOOKMARK [2][-]{subsection.2.2.1}{Dirac structures and interconnection ports}{section.2.2}% 7
\BOOKMARK [2][-]{subsection.2.2.2}{Interconnection of port-Hamiltonian systems}{section.2.2}% 8
\BOOKMARK [2][-]{subsection.2.2.3}{port-Hamiltonian systems and passivity}{section.2.2}% 9
\BOOKMARK [1][-]{section.2.3}{3D-space modelling of mechanical systems}{chapter.2}% 10
\BOOKMARK [2][-]{subsection.2.3.1}{Euclidean space and motions}{section.2.3}% 11
\BOOKMARK [2][-]{subsection.2.3.2}{Input-state-output port-Hamiltonian systems in 3D space}{section.2.3}% 12
\BOOKMARK [2][-]{subsection.2.3.3}{Modelling of atomic mechanical elements}{section.2.3}% 13
\BOOKMARK [1][-]{section.2.4}{Spring-mass-damper systems in 3D space}{chapter.2}% 14
\BOOKMARK [1][-]{section.2.5}{Imposing constraints}{chapter.2}% 15
\BOOKMARK [1][-]{section.2.6}{Model-based controllers for cooperative manipulation}{chapter.2}% 16
\BOOKMARK [2][-]{subsection.2.6.1}{Compliant trajectory generating dynamic IPC}{section.2.6}% 17
\BOOKMARK [2][-]{subsection.2.6.2}{Constrained dynamics IPC}{section.2.6}% 18
\BOOKMARK [0][-]{chapter.3}{Energy regulating control}{}% 19
\BOOKMARK [1][-]{section.3.1}{Passivity and safe energy levels}{chapter.3}% 20
\BOOKMARK [1][-]{section.3.2}{Energy tanks}{chapter.3}% 21
\BOOKMARK [2][-]{subsection.3.2.1}{Energy-adapted stiffness and damping}{section.3.2}% 22
\BOOKMARK [2][-]{subsection.3.2.2}{Energy exchange with the robotic system and environment}{section.3.2}% 23
\BOOKMARK [0][-]{chapter.4}{Simulation results}{}% 24
\BOOKMARK [1][-]{section.4.1}{State-of-the-art control schemes for cooperative manipulation}{chapter.4}% 25
\BOOKMARK [2][-]{subsection.4.1.1}{Internal and external impedance based reference trajectory generation}{section.4.1}% 26
\BOOKMARK [2][-]{subsection.4.1.2}{Internal impedance control with feed-forward of the object dynamics}{section.4.1}% 27
\BOOKMARK [2][-]{subsection.4.1.3}{Classic IPC by Stramigioli}{section.4.1}% 28
\BOOKMARK [1][-]{section.4.2}{Simulation of the constrained dynamics IPC}{chapter.4}% 29
\BOOKMARK [1][-]{section.4.3}{Compliant trajectory generating IPC}{chapter.4}% 30
\BOOKMARK [1][-]{section.4.4}{Energy-bounded trajectory tracking}{chapter.4}% 31
\BOOKMARK [0][-]{chapter.5}{Conclusion}{}% 32
\BOOKMARK [0][-]{chapter.5}{List of Figures}{}% 33
\BOOKMARK [0][-]{chapter*.14}{Bibliography}{}% 34
