This is pdfTeX, Version 3.1415926-2.5-1.40.14 (TeX Live 2013/Debian) (format=pdflatex 2014.5.16)  3 JUN 2016 22:36
entering extended mode
 restricted \write18 enabled.
 %&-line parsing enabled.
**MAngerer_draft4.tex
(./MAngerer_draft4.tex
LaTeX2e <2011/06/27>
Babel <3.9h> and hyphenation patterns for 78 languages loaded.
(/usr/share/texlive/texmf-dist/tex/latex/base/report.cls
Document Class: report 2007/10/19 v1.4h Standard LaTeX document class
(/usr/share/texlive/texmf-dist/tex/latex/base/size12.clo
File: size12.clo 2007/10/19 v1.4h Standard LaTeX file (size option)
)
\c@part=\count79
\c@chapter=\count80
\c@section=\count81
\c@subsection=\count82
\c@subsubsection=\count83
\c@paragraph=\count84
\c@subparagraph=\count85
\c@figure=\count86
\c@table=\count87
\abovecaptionskip=\skip41
\belowcaptionskip=\skip42
\bibindent=\dimen102
)
(/usr/share/texlive/texmf-dist/tex/latex/psfrag/psfrag.sty
Package: psfrag 1998/04/11 v3.04 PSfrag (MCG)

(/usr/share/texlive/texmf-dist/tex/latex/graphics/graphics.sty
Package: graphics 2009/02/05 v1.0o Standard LaTeX Graphics (DPC,SPQR)

(/usr/share/texlive/texmf-dist/tex/latex/graphics/trig.sty
Package: trig 1999/03/16 v1.09 sin cos tan (DPC)
)
(/usr/share/texlive/texmf-dist/tex/latex/latexconfig/graphics.cfg
File: graphics.cfg 2010/04/23 v1.9 graphics configuration of TeX Live
)
Package graphics Info: Driver file: pdftex.def on input line 91.

(/usr/share/texlive/texmf-dist/tex/latex/pdftex-def/pdftex.def
File: pdftex.def 2011/05/27 v0.06d Graphics/color for pdfTeX

(/usr/share/texlive/texmf-dist/tex/generic/oberdiek/infwarerr.sty
Package: infwarerr 2010/04/08 v1.3 Providing info/warning/error messages (HO)
)
(/usr/share/texlive/texmf-dist/tex/generic/oberdiek/ltxcmds.sty
Package: ltxcmds 2011/11/09 v1.22 LaTeX kernel commands for general use (HO)
)
\Gread@gobject=\count88
))
\pfg@pcount=\count89
\pfg@scount=\count90
\pfg@temp=\write3
)
(/usr/share/texlive/texmf-dist/tex/latex/pstricks/pstricks.sty
Package: pstricks 2013/12/12 v0.60 LaTeX wrapper for `PSTricks' (RN,HV)

(/usr/share/texlive/texmf-dist/tex/generic/oberdiek/ifpdf.sty
Package: ifpdf 2011/01/30 v2.3 Provides the ifpdf switch (HO)
Package ifpdf Info: pdfTeX in PDF mode is detected.
)
(/usr/share/texlive/texmf-dist/tex/generic/pstricks/pstricks.tex
(/usr/share/texlive/texmf-dist/tex/generic/xkeyval/pst-xkey.tex
File: pst-xkey.tex 2005/11/25 v1.6 PSTricks specialization of xkeyval (HA)

(/usr/share/texlive/texmf-dist/tex/latex/xkeyval/xkeyval.sty
Package: xkeyval 2012/10/14 v2.6b package option processing (HA)

(/usr/share/texlive/texmf-dist/tex/generic/xkeyval/xkeyval.tex
\XKV@toks=\toks14
\XKV@tempa@toks=\toks15
\XKV@depth=\count91
File: xkeyval.tex 2012/10/14 v2.6b key=value parser (HA)

(/usr/share/texlive/texmf-dist/tex/generic/xkeyval/keyval.tex))))
(/usr/share/texlive/texmf-dist/tex/generic/pstricks/pst-fp.tex
`pst-fp' v0.05, 2010/01/17 (hv)
\pstFP@xs=\count92
\pstFP@xia=\count93
\pstFP@xib=\count94
\pstFP@xfa=\count95
\pstFP@xfb=\count96
\pstFP@rega=\count97
\pstFP@regb=\count98
\pstFP@regs=\count99
\pstFP@times=\count100
)
(/usr/local/share/texmf/tex/generic/pgf/utilities/pgfutil-common.tex
\pgfutil@everybye=\toks16
\pgfutil@tempdima=\dimen103
\pgfutil@tempdimb=\dimen104

(/usr/local/share/texmf/tex/generic/pgf/utilities/pgfutil-common-lists.tex))
(/usr/local/share/texmf/tex/generic/pgf/utilities/pgfkeys.code.tex
\pgfkeys@pathtoks=\toks17
\pgfkeys@temptoks=\toks18

(/usr/local/share/texmf/tex/generic/pgf/utilities/pgfkeysfiltered.code.tex
\pgfkeys@tmptoks=\toks19
))
(/usr/local/share/texmf/tex/generic/pgf/utilities/pgffor.code.tex
(/usr/local/share/texmf/tex/generic/pgf/math/pgfmath.code.tex
(/usr/local/share/texmf/tex/generic/pgf/math/pgfmathcalc.code.tex
(/usr/local/share/texmf/tex/generic/pgf/math/pgfmathutil.code.tex
\pgf@x=\dimen105
\pgf@xa=\dimen106
\pgf@xb=\dimen107
\pgf@xc=\dimen108
\pgf@y=\dimen109
\pgf@ya=\dimen110
\pgf@yb=\dimen111
\pgf@yc=\dimen112
\c@pgf@counta=\count101
\c@pgf@countb=\count102
\c@pgf@countc=\count103
\c@pgf@countd=\count104
\pgfutil@tempcnta=\count105
\pgfutil@tempcntb=\count106
)
(/usr/local/share/texmf/tex/generic/pgf/math/pgfmathparser.code.tex
\pgfmath@dimen=\dimen113
\pgfmath@count=\count107
\pgfmath@box=\box26
\pgfmath@toks=\toks20
\pgfmath@stack@operand=\toks21
\pgfmath@stack@operation=\toks22
)
(/usr/local/share/texmf/tex/generic/pgf/math/pgfmathfunctions.code.tex
(/usr/local/share/texmf/tex/generic/pgf/math/pgfmathfunctions.basic.code.tex)
(/usr/local/share/texmf/tex/generic/pgf/math/pgfmathfunctions.trigonometric.cod
e.tex)
(/usr/local/share/texmf/tex/generic/pgf/math/pgfmathfunctions.random.code.tex)
(/usr/local/share/texmf/tex/generic/pgf/math/pgfmathfunctions.comparison.code.t
ex) (/usr/local/share/texmf/tex/generic/pgf/math/pgfmathfunctions.base.code.tex
) (/usr/local/share/texmf/tex/generic/pgf/math/pgfmathfunctions.round.code.tex)
(/usr/local/share/texmf/tex/generic/pgf/math/pgfmathfunctions.misc.code.tex)
(/usr/local/share/texmf/tex/generic/pgf/math/pgfmathfunctions.integerarithmetic
s.code.tex)))
(/usr/local/share/texmf/tex/generic/pgf/math/pgfmathfloat.code.tex
\c@pgfmathroundto@lastzeros=\count108
))
\pgffor@iter=\dimen114
\pgffor@skip=\dimen115
\pgffor@stack=\toks23
\pgffor@toks=\toks24
)
\psLoopIndex=\count109

`PSTricks' v2.51  <2014/02/03> (tvz)
\pst@dima=\dimen116
\pst@dimb=\dimen117
\pst@dimc=\dimen118
\pst@dimd=\dimen119
\pst@dimg=\dimen120
\pst@dimh=\dimen121
\pst@dimm=\dimen122
\pst@dimn=\dimen123
\pst@dimo=\dimen124
\pst@dimp=\dimen125
\pst@hbox=\box27
\pst@ibox=\box28
\pst@boxg=\box29
\pst@cnta=\count110
\pst@cntb=\count111
\pst@cntc=\count112
\pst@cntd=\count113
\pst@cntg=\count114
\pst@cnth=\count115
\pst@cntm=\count116
\pst@cntn=\count117
\pst@cnto=\count118
\pst@cntp=\count119
\@zero=\count120
\pst@toks=\toks25
(/usr/share/texlive/texmf-dist/tex/generic/pstricks/pstricks.con)
\psunit=\dimen126
\psxunit=\dimen127
\psyunit=\dimen128
\pst@C@@rType=\count121
\pslinewidth=\dimen129
\psk@startLW=\dimen130
\psk@endLW=\dimen131
\pst@customdefs=\toks26
\pslinearc=\dimen132
\pst@symbolStep=\dimen133
\pst@symbolWidth=\dimen134
\pst@symbolLinewidth=\dimen135
\everypsbox=\toks27
\psframesep=\dimen136
\pslabelsep=\dimen137
\sh@wgridXunit=\dimen138
\sh@wgridYunit=\dimen139
\pst@shift=\dimen140
)
File: pstricks.tex 2014/02/03 v2.51 `PSTricks' (tvz,hv)

(/usr/share/texlive/texmf-dist/tex/generic/pstricks/pst-fp.tex)
File: pst-fp.tex 2014/02/03 v2.51 `PST-fp' (hv)

(/usr/share/texmf/tex/latex/xcolor/xcolor.sty
Package: xcolor 2007/01/21 v2.11 LaTeX color extensions (UK)

(/usr/share/texlive/texmf-dist/tex/latex/latexconfig/color.cfg
File: color.cfg 2007/01/18 v1.5 color configuration of teTeX/TeXLive
)
Package xcolor Info: Driver file: pdftex.def on input line 225.
Package xcolor Info: Model `cmy' substituted by `cmy0' on input line 1337.
Package xcolor Info: Model `hsb' substituted by `rgb' on input line 1341.
Package xcolor Info: Model `RGB' extended on input line 1353.
Package xcolor Info: Model `HTML' substituted by `rgb' on input line 1355.
Package xcolor Info: Model `Hsb' substituted by `hsb' on input line 1356.
Package xcolor Info: Model `tHsb' substituted by `hsb' on input line 1357.
Package xcolor Info: Model `HSB' substituted by `hsb' on input line 1358.
Package xcolor Info: Model `Gray' substituted by `gray' on input line 1359.
Package xcolor Info: Model `wave' substituted by `hsb' on input line 1360.
))
(/usr/share/texlive/texmf-dist/tex/latex/amsmath/amsbsy.sty
Package: amsbsy 1999/11/29 v1.2d

(/usr/share/texlive/texmf-dist/tex/latex/amsmath/amsgen.sty
File: amsgen.sty 1999/11/30 v2.0
\@emptytoks=\toks28
\ex@=\dimen141
)
\pmbraise@=\dimen142
)
(/usr/share/texlive/texmf-dist/tex/latex/float/float.sty
Package: float 2001/11/08 v1.3d Float enhancements (AL)
\c@float@type=\count122
\float@exts=\toks29
\float@box=\box30
\@float@everytoks=\toks30
\@floatcapt=\box31
)
(/usr/share/texlive/texmf-dist/tex/latex/amsmath/amsmath.sty
Package: amsmath 2013/01/14 v2.14 AMS math features
\@mathmargin=\skip43

For additional information on amsmath, use the `?' option.
(/usr/share/texlive/texmf-dist/tex/latex/amsmath/amstext.sty
Package: amstext 2000/06/29 v2.01
)
(/usr/share/texlive/texmf-dist/tex/latex/amsmath/amsopn.sty
Package: amsopn 1999/12/14 v2.01 operator names
)
\inf@bad=\count123
LaTeX Info: Redefining \frac on input line 210.
\uproot@=\count124
\leftroot@=\count125
LaTeX Info: Redefining \overline on input line 306.
\classnum@=\count126
\DOTSCASE@=\count127
LaTeX Info: Redefining \ldots on input line 378.
LaTeX Info: Redefining \dots on input line 381.
LaTeX Info: Redefining \cdots on input line 466.
\Mathstrutbox@=\box32
\strutbox@=\box33
\big@size=\dimen143
LaTeX Font Info:    Redeclaring font encoding OML on input line 566.
LaTeX Font Info:    Redeclaring font encoding OMS on input line 567.
\macc@depth=\count128
\c@MaxMatrixCols=\count129
\dotsspace@=\muskip10
\c@parentequation=\count130
\dspbrk@lvl=\count131
\tag@help=\toks31
\row@=\count132
\column@=\count133
\maxfields@=\count134
\andhelp@=\toks32
\eqnshift@=\dimen144
\alignsep@=\dimen145
\tagshift@=\dimen146
\tagwidth@=\dimen147
\totwidth@=\dimen148
\lineht@=\dimen149
\@envbody=\toks33
\multlinegap=\skip44
\multlinetaggap=\skip45
\mathdisplay@stack=\toks34
LaTeX Info: Redefining \[ on input line 2665.
LaTeX Info: Redefining \] on input line 2666.
)
(/usr/share/texlive/texmf-dist/tex/latex/amsfonts/amssymb.sty
Package: amssymb 2013/01/14 v3.01 AMS font symbols

(/usr/share/texlive/texmf-dist/tex/latex/amsfonts/amsfonts.sty
Package: amsfonts 2013/01/14 v3.01 Basic AMSFonts support
\symAMSa=\mathgroup4
\symAMSb=\mathgroup5
LaTeX Font Info:    Overwriting math alphabet `\mathfrak' in version `bold'
(Font)                  U/euf/m/n --> U/euf/b/n on input line 106.
))
(/usr/share/texlive/texmf-dist/tex/latex/oberdiek/epstopdf.sty
Package: epstopdf 2010/02/09 v2.5 Conversion with epstopdf on the fly (HO)

(/usr/share/texlive/texmf-dist/tex/latex/oberdiek/epstopdf-base.sty
Package: epstopdf-base 2010/02/09 v2.5 Base part for package epstopdf

(/usr/share/texlive/texmf-dist/tex/latex/oberdiek/grfext.sty
Package: grfext 2010/08/19 v1.1 Manage graphics extensions (HO)

(/usr/share/texlive/texmf-dist/tex/generic/oberdiek/kvdefinekeys.sty
Package: kvdefinekeys 2011/04/07 v1.3 Define keys (HO)
))
(/usr/share/texlive/texmf-dist/tex/latex/oberdiek/kvoptions.sty
Package: kvoptions 2011/06/30 v3.11 Key value format for package options (HO)

(/usr/share/texlive/texmf-dist/tex/generic/oberdiek/kvsetkeys.sty
Package: kvsetkeys 2012/04/25 v1.16 Key value parser (HO)

(/usr/share/texlive/texmf-dist/tex/generic/oberdiek/etexcmds.sty
Package: etexcmds 2011/02/16 v1.5 Avoid name clashes with e-TeX commands (HO)

(/usr/share/texlive/texmf-dist/tex/generic/oberdiek/ifluatex.sty
Package: ifluatex 2010/03/01 v1.3 Provides the ifluatex switch (HO)
Package ifluatex Info: LuaTeX not detected.
)
Package etexcmds Info: Could not find \expanded.
(etexcmds)             That can mean that you are not using pdfTeX 1.50 or
(etexcmds)             that some package has redefined \expanded.
(etexcmds)             In the latter case, load this package earlier.
)))
(/usr/share/texlive/texmf-dist/tex/generic/oberdiek/pdftexcmds.sty
Package: pdftexcmds 2011/11/29 v0.20 Utility functions of pdfTeX for LuaTeX (HO
)
Package pdftexcmds Info: LuaTeX not detected.
Package pdftexcmds Info: \pdf@primitive is available.
Package pdftexcmds Info: \pdf@ifprimitive is available.
Package pdftexcmds Info: \pdfdraftmode found.
)
Package grfext Info: Graphics extension search list:
(grfext)             [.png,.pdf,.jpg,.mps,.jpeg,.jbig2,.jb2,.PNG,.PDF,.JPG,.JPE
G,.JBIG2,.JB2,.eps]
(grfext)             \AppendGraphicsExtensions on input line 452.

(/usr/share/texlive/texmf-dist/tex/latex/latexconfig/epstopdf-sys.cfg
File: epstopdf-sys.cfg 2010/07/13 v1.3 Configuration of (r)epstopdf for TeX Liv
e
)))
(/usr/share/texlive/texmf-dist/tex/latex/graphics/graphicx.sty
Package: graphicx 1999/02/16 v1.0f Enhanced LaTeX Graphics (DPC,SPQR)
\Gin@req@height=\dimen150
\Gin@req@width=\dimen151
)
(/usr/share/texlive/texmf-dist/tex/latex/mh/mathtools.sty
Package: mathtools 2013/02/12 v1.13 mathematical typesetting tools

(/usr/share/texlive/texmf-dist/tex/latex/tools/calc.sty
Package: calc 2007/08/22 v4.3 Infix arithmetic (KKT,FJ)
\calc@Acount=\count135
\calc@Bcount=\count136
\calc@Adimen=\dimen152
\calc@Bdimen=\dimen153
\calc@Askip=\skip46
\calc@Bskip=\skip47
LaTeX Info: Redefining \setlength on input line 76.
LaTeX Info: Redefining \addtolength on input line 77.
\calc@Ccount=\count137
\calc@Cskip=\skip48
)
(/usr/share/texlive/texmf-dist/tex/latex/mh/mhsetup.sty
Package: mhsetup 2010/01/21 v1.2a programming setup (MH)
)
LaTeX Info: Thecontrolsequence`\['isalreadyrobust on input line 129.
LaTeX Info: Thecontrolsequence`\]'isalreadyrobust on input line 129.
\g_MT_multlinerow_int=\count138
\l_MT_multwidth_dim=\dimen154
\origjot=\skip49
\l_MT_shortvdotswithinadjustabove_dim=\dimen155
\l_MT_shortvdotswithinadjustbelow_dim=\dimen156
\l_MT_above_intertext_sep=\dimen157
\l_MT_below_intertext_sep=\dimen158
\l_MT_above_shortintertext_sep=\dimen159
\l_MT_below_shortintertext_sep=\dimen160
)
(/usr/local/share/texmf/tex/latex/pgf/frontendlayer/tikz.sty
(/usr/local/share/texmf/tex/latex/pgf/basiclayer/pgf.sty
(/usr/local/share/texmf/tex/latex/pgf/utilities/pgfrcs.sty
(/usr/local/share/texmf/tex/generic/pgf/utilities/pgfutil-common.tex
\pgfutil@everybye=\toks35
\pgfutil@tempdima=\dimen161
\pgfutil@tempdimb=\dimen162

(/usr/local/share/texmf/tex/generic/pgf/utilities/pgfutil-common-lists.tex))
(/usr/local/share/texmf/tex/generic/pgf/utilities/pgfutil-latex.def
\pgfutil@abb=\box34

(/usr/share/texlive/texmf-dist/tex/latex/ms/everyshi.sty
Package: everyshi 2001/05/15 v3.00 EveryShipout Package (MS)
))
(/usr/local/share/texmf/tex/generic/pgf/utilities/pgfrcs.code.tex
Package: pgfrcs 2013/12/20 v3.0.0 (rcs-revision 1.28)
))
Package: pgf 2013/12/18 v3.0.0 (rcs-revision 1.14)

(/usr/local/share/texmf/tex/latex/pgf/basiclayer/pgfcore.sty
(/usr/local/share/texmf/tex/latex/pgf/systemlayer/pgfsys.sty
(/usr/local/share/texmf/tex/generic/pgf/systemlayer/pgfsys.code.tex
Package: pgfsys 2013/11/30 v3.0.0 (rcs-revision 1.47)

(/usr/local/share/texmf/tex/generic/pgf/utilities/pgfkeys.code.tex)
\pgf@x=\dimen163
\pgf@y=\dimen164
\pgf@xa=\dimen165
\pgf@ya=\dimen166
\pgf@xb=\dimen167
\pgf@yb=\dimen168
\pgf@xc=\dimen169
\pgf@yc=\dimen170
\w@pgf@writea=\write4
\r@pgf@reada=\read1
\c@pgf@counta=\count139
\c@pgf@countb=\count140
\c@pgf@countc=\count141
\c@pgf@countd=\count142
\t@pgf@toka=\toks36
\t@pgf@tokb=\toks37
\t@pgf@tokc=\toks38

(/usr/local/share/texmf/tex/generic/pgf/systemlayer/pgf.cfg
File: pgf.cfg 2008/05/14  (rcs-revision 1.7)
)
Driver file for pgf: pgfsys-pdftex.def

(/usr/local/share/texmf/tex/generic/pgf/systemlayer/pgfsys-pdftex.def
File: pgfsys-pdftex.def 2013/07/18  (rcs-revision 1.33)

(/usr/local/share/texmf/tex/generic/pgf/systemlayer/pgfsys-common-pdf.def
File: pgfsys-common-pdf.def 2013/10/10  (rcs-revision 1.13)
)))
(/usr/local/share/texmf/tex/generic/pgf/systemlayer/pgfsyssoftpath.code.tex
File: pgfsyssoftpath.code.tex 2013/09/09  (rcs-revision 1.9)
\pgfsyssoftpath@smallbuffer@items=\count143
\pgfsyssoftpath@bigbuffer@items=\count144
)
(/usr/local/share/texmf/tex/generic/pgf/systemlayer/pgfsysprotocol.code.tex
File: pgfsysprotocol.code.tex 2006/10/16  (rcs-revision 1.4)
))
(/usr/local/share/texmf/tex/generic/pgf/basiclayer/pgfcore.code.tex
Package: pgfcore 2010/04/11 v3.0.0 (rcs-revision 1.7)

(/usr/local/share/texmf/tex/generic/pgf/math/pgfmath.code.tex)
(/usr/local/share/texmf/tex/generic/pgf/basiclayer/pgfcorepoints.code.tex
File: pgfcorepoints.code.tex 2013/10/07  (rcs-revision 1.27)
\pgf@picminx=\dimen171
\pgf@picmaxx=\dimen172
\pgf@picminy=\dimen173
\pgf@picmaxy=\dimen174
\pgf@pathminx=\dimen175
\pgf@pathmaxx=\dimen176
\pgf@pathminy=\dimen177
\pgf@pathmaxy=\dimen178
\pgf@xx=\dimen179
\pgf@xy=\dimen180
\pgf@yx=\dimen181
\pgf@yy=\dimen182
\pgf@zx=\dimen183
\pgf@zy=\dimen184
)
(/usr/local/share/texmf/tex/generic/pgf/basiclayer/pgfcorepathconstruct.code.te
x
File: pgfcorepathconstruct.code.tex 2013/10/07  (rcs-revision 1.29)
\pgf@path@lastx=\dimen185
\pgf@path@lasty=\dimen186
) (/usr/local/share/texmf/tex/generic/pgf/basiclayer/pgfcorepathusage.code.tex
File: pgfcorepathusage.code.tex 2013/12/13  (rcs-revision 1.23)
\pgf@shorten@end@additional=\dimen187
\pgf@shorten@start@additional=\dimen188
) (/usr/local/share/texmf/tex/generic/pgf/basiclayer/pgfcorescopes.code.tex
File: pgfcorescopes.code.tex 2013/10/09  (rcs-revision 1.44)
\pgfpic=\box35
\pgf@hbox=\box36
\pgf@layerbox@main=\box37
\pgf@picture@serial@count=\count145
)
(/usr/local/share/texmf/tex/generic/pgf/basiclayer/pgfcoregraphicstate.code.tex
File: pgfcoregraphicstate.code.tex 2013/09/19  (rcs-revision 1.11)
\pgflinewidth=\dimen189
)
(/usr/local/share/texmf/tex/generic/pgf/basiclayer/pgfcoretransformations.code.
tex
File: pgfcoretransformations.code.tex 2013/10/10  (rcs-revision 1.17)
\pgf@pt@x=\dimen190
\pgf@pt@y=\dimen191
\pgf@pt@temp=\dimen192
) (/usr/local/share/texmf/tex/generic/pgf/basiclayer/pgfcorequick.code.tex
File: pgfcorequick.code.tex 2008/10/09  (rcs-revision 1.3)
)
(/usr/local/share/texmf/tex/generic/pgf/basiclayer/pgfcoreobjects.code.tex
File: pgfcoreobjects.code.tex 2006/10/11  (rcs-revision 1.2)
)
(/usr/local/share/texmf/tex/generic/pgf/basiclayer/pgfcorepathprocessing.code.t
ex
File: pgfcorepathprocessing.code.tex 2013/09/09  (rcs-revision 1.9)
) (/usr/local/share/texmf/tex/generic/pgf/basiclayer/pgfcorearrows.code.tex
File: pgfcorearrows.code.tex 2013/11/07  (rcs-revision 1.40)
\pgfarrowsep=\dimen193
)
(/usr/local/share/texmf/tex/generic/pgf/basiclayer/pgfcoreshade.code.tex
File: pgfcoreshade.code.tex 2013/07/15  (rcs-revision 1.15)
\pgf@max=\dimen194
\pgf@sys@shading@range@num=\count146
)
(/usr/local/share/texmf/tex/generic/pgf/basiclayer/pgfcoreimage.code.tex
File: pgfcoreimage.code.tex 2013/07/15  (rcs-revision 1.18)

(/usr/local/share/texmf/tex/generic/pgf/basiclayer/pgfcoreexternal.code.tex
File: pgfcoreexternal.code.tex 2013/07/15  (rcs-revision 1.20)
\pgfexternal@startupbox=\box38
))
(/usr/local/share/texmf/tex/generic/pgf/basiclayer/pgfcorelayers.code.tex
File: pgfcorelayers.code.tex 2013/07/18  (rcs-revision 1.7)
)
(/usr/local/share/texmf/tex/generic/pgf/basiclayer/pgfcoretransparency.code.tex
File: pgfcoretransparency.code.tex 2013/09/30  (rcs-revision 1.5)
) (/usr/local/share/texmf/tex/generic/pgf/basiclayer/pgfcorepatterns.code.tex
File: pgfcorepatterns.code.tex 2013/11/07  (rcs-revision 1.5)
))) (/usr/local/share/texmf/tex/generic/pgf/modules/pgfmoduleshapes.code.tex
File: pgfmoduleshapes.code.tex 2013/10/31  (rcs-revision 1.34)
\pgfnodeparttextbox=\box39
)
(/usr/local/share/texmf/tex/generic/pgf/modules/pgfmoduleplot.code.tex
File: pgfmoduleplot.code.tex 2013/07/31  (rcs-revision 1.12)
)
(/usr/local/share/texmf/tex/latex/pgf/compatibility/pgfcomp-version-0-65.sty
Package: pgfcomp-version-0-65 2007/07/03 v3.0.0 (rcs-revision 1.7)
\pgf@nodesepstart=\dimen195
\pgf@nodesepend=\dimen196
)
(/usr/local/share/texmf/tex/latex/pgf/compatibility/pgfcomp-version-1-18.sty
Package: pgfcomp-version-1-18 2007/07/23 v3.0.0 (rcs-revision 1.1)
))
(/usr/local/share/texmf/tex/latex/pgf/utilities/pgffor.sty
(/usr/local/share/texmf/tex/latex/pgf/utilities/pgfkeys.sty
(/usr/local/share/texmf/tex/generic/pgf/utilities/pgfkeys.code.tex))
(/usr/local/share/texmf/tex/latex/pgf/math/pgfmath.sty
(/usr/local/share/texmf/tex/generic/pgf/math/pgfmath.code.tex))
(/usr/local/share/texmf/tex/generic/pgf/utilities/pgffor.code.tex
Package: pgffor 2013/12/13 v3.0.0 (rcs-revision 1.25)

(/usr/local/share/texmf/tex/generic/pgf/math/pgfmath.code.tex)
\pgffor@iter=\dimen197
\pgffor@skip=\dimen198
\pgffor@stack=\toks39
\pgffor@toks=\toks40
))
(/usr/local/share/texmf/tex/generic/pgf/frontendlayer/tikz/tikz.code.tex
Package: tikz 2013/12/13 v3.0.0 (rcs-revision 1.142)

(/usr/local/share/texmf/tex/generic/pgf/libraries/pgflibraryplothandlers.code.t
ex
File: pgflibraryplothandlers.code.tex 2013/08/31 v3.0.0 (rcs-revision 1.20)
\pgf@plot@mark@count=\count147
\pgfplotmarksize=\dimen199
)
\tikz@lastx=\dimen200
\tikz@lasty=\dimen201
\tikz@lastxsaved=\dimen202
\tikz@lastysaved=\dimen203
\tikzleveldistance=\dimen204
\tikzsiblingdistance=\dimen205
\tikz@figbox=\box40
\tikz@figbox@bg=\box41
\tikz@tempbox=\box42
\tikz@tempbox@bg=\box43
\tikztreelevel=\count148
\tikznumberofchildren=\count149
\tikznumberofcurrentchild=\count150
\tikz@fig@count=\count151
 (/usr/local/share/texmf/tex/generic/pgf/modules/pgfmodulematrix.code.tex
File: pgfmodulematrix.code.tex 2013/09/17  (rcs-revision 1.8)
\pgfmatrixcurrentrow=\count152
\pgfmatrixcurrentcolumn=\count153
\pgf@matrix@numberofcolumns=\count154
)
\tikz@expandcount=\count155

(/usr/local/share/texmf/tex/generic/pgf/frontendlayer/tikz/libraries/tikzlibrar
ytopaths.code.tex
File: tikzlibrarytopaths.code.tex 2008/06/17 v3.0.0 (rcs-revision 1.2)
))) (/usr/local/share/texmf/tex/latex/pgfplots/pgfplots.sty
(/usr/local/share/texmf/tex/generic/pgfplots/pgfplots.revision.tex)
Package: pgfplots 2015/01/31 v1.12 Data Visualization (1.12)

(/usr/local/share/texmf/tex/generic/pgfplots/pgfplots.code.tex
(/usr/local/share/texmf/tex/generic/pgfplots/pgfplotscore.code.tex
\t@pgfplots@toka=\toks41
\t@pgfplots@tokb=\toks42
\t@pgfplots@tokc=\toks43
\pgfplots@tmpa=\dimen206
\c@pgfplots@coordindex=\count156
\c@pgfplots@scanlineindex=\count157

(/usr/local/share/texmf/tex/generic/pgfplots/sys/pgfplotssysgeneric.code.tex))
(/usr/local/share/texmf/tex/generic/pgfplots/libs/pgfplotslibrary.code.tex)
(/usr/local/share/texmf/tex/generic/pgfplots/oldpgfcompatib/pgfplotsoldpgfsupp_
loader.code.tex
(/usr/local/share/texmf/tex/generic/pgf/libraries/pgflibraryfpu.code.tex)
Package pgfplots: loading complementary arithmetics for your pgf version...

(/usr/local/share/texmf/tex/generic/pgfplots/oldpgfcompatib/pgfplotsoldpgfsupp_
pgflibraryfpu.code.tex)
(/usr/local/share/texmf/tex/generic/pgfplots/oldpgfcompatib/pgfplotsoldpgfsupp_
pgfmathfloat.code.tex
\c@pgfmathroundto@lastzeros=\count158
)
(/usr/local/share/texmf/tex/generic/pgfplots/oldpgfcompatib/pgfplotsoldpgfsupp_
trig_format.code.tex))
(/usr/local/share/texmf/tex/generic/pgfplots/util/pgfplotsutil.code.tex
(/usr/local/share/texmf/tex/generic/pgfplots/liststructure/pgfplotsliststructur
e.code.tex)
(/usr/local/share/texmf/tex/generic/pgfplots/liststructure/pgfplotsliststructur
eext.code.tex)
(/usr/local/share/texmf/tex/generic/pgfplots/liststructure/pgfplotsarray.code.t
ex
\c@pgfplotsarray@tmp=\count159
)
(/usr/local/share/texmf/tex/generic/pgfplots/liststructure/pgfplotsmatrix.code.
tex)
(/usr/local/share/texmf/tex/generic/pgfplots/numtable/pgfplotstableshared.code.
tex
\c@pgfplotstable@counta=\count160
\t@pgfplotstable@a=\toks44
)
(/usr/local/share/texmf/tex/generic/pgfplots/liststructure/pgfplotsdeque.code.t
ex) (/usr/local/share/texmf/tex/generic/pgfplots/util/pgfplotsbinary.code.tex
(/usr/local/share/texmf/tex/generic/pgfplots/util/pgfplotsbinary.data.code.tex)
) (/usr/local/share/texmf/tex/generic/pgfplots/util/pgfplotsutil.verb.code.tex)

(/usr/local/share/texmf/tex/generic/pgfplots/libs/pgflibrarypgfplots.surfshadin
g.code.tex
\c@pgfplotslibrarysurf@no=\count161

(/usr/local/share/texmf/tex/generic/pgfplots/sys/pgflibrarypgfplots.surfshading
.pgfsys-pdftex.def)))
(/usr/local/share/texmf/tex/generic/pgfplots/util/pgfplotscolormap.code.tex
(/usr/local/share/texmf/tex/generic/pgfplots/util/pgfplotscolor.code.tex))
(/usr/local/share/texmf/tex/generic/pgfplots/pgfplotsstackedplots.code.tex)
(/usr/local/share/texmf/tex/generic/pgfplots/pgfplotsplothandlers.code.tex
(/usr/local/share/texmf/tex/generic/pgfplots/pgfplotsmeshplothandler.code.tex))
(/usr/local/share/texmf/tex/generic/pgfplots/pgfplots.scaling.code.tex)
(/usr/local/share/texmf/tex/generic/pgfplots/pgfplotscoordprocessing.code.tex)
(/usr/local/share/texmf/tex/generic/pgfplots/pgfplots.errorbars.code.tex)
(/usr/local/share/texmf/tex/generic/pgfplots/pgfplots.markers.code.tex)
(/usr/local/share/texmf/tex/generic/pgfplots/pgfplotsticks.code.tex)
(/usr/local/share/texmf/tex/generic/pgfplots/pgfplots.paths.code.tex)
(/usr/local/share/texmf/tex/generic/pgf/frontendlayer/tikz/libraries/tikzlibrar
ydecorations.code.tex
(/usr/local/share/texmf/tex/generic/pgf/modules/pgfmoduledecorations.code.tex
\pgfdecoratedcompleteddistance=\dimen207
\pgfdecoratedremainingdistance=\dimen208
\pgfdecoratedinputsegmentcompleteddistance=\dimen209
\pgfdecoratedinputsegmentremainingdistance=\dimen210
\pgf@decorate@distancetomove=\dimen211
\pgf@decorate@repeatstate=\count162
\pgfdecorationsegmentamplitude=\dimen212
\pgfdecorationsegmentlength=\dimen213
)
\tikz@lib@dec@box=\box44
)
(/usr/local/share/texmf/tex/generic/pgf/frontendlayer/tikz/libraries/tikzlibrar
ydecorations.pathmorphing.code.tex
(/usr/local/share/texmf/tex/generic/pgf/libraries/decorations/pgflibrarydecorat
ions.pathmorphing.code.tex))
(/usr/local/share/texmf/tex/generic/pgf/frontendlayer/tikz/libraries/tikzlibrar
ydecorations.pathreplacing.code.tex
(/usr/local/share/texmf/tex/generic/pgf/libraries/decorations/pgflibrarydecorat
ions.pathreplacing.code.tex))
\pgfplots@numplots=\count163
\pgfplots@xmin@reg=\dimen214
\pgfplots@xmax@reg=\dimen215
\pgfplots@ymin@reg=\dimen216
\pgfplots@ymax@reg=\dimen217
\pgfplots@zmin@reg=\dimen218
\pgfplots@zmax@reg=\dimen219
)
(/usr/local/share/texmf/tex/generic/pgf/frontendlayer/tikz/libraries/tikzlibrar
yplotmarks.code.tex
File: tikzlibraryplotmarks.code.tex 2008/01/09 v3.0.0 (rcs-revision 1.1)

(/usr/local/share/texmf/tex/generic/pgf/libraries/pgflibraryplotmarks.code.tex
File: pgflibraryplotmarks.code.tex 2013/07/20 v3.0.0 (rcs-revision 1.13)
))) (/usr/share/texlive/texmf-dist/tex/latex/graphics/lscape.sty
Package: lscape 2000/10/22 v3.01 Landscape Pages (DPC)
)
(/usr/share/texlive/texmf-dist/tex/latex/tools/verbatim.sty
Package: verbatim 2003/08/22 v1.5q LaTeX2e package for verbatim enhancements
\every@verbatim=\toks45
\verbatim@line=\toks46
\verbatim@in@stream=\read2
)
(/usr/share/texlive/texmf-dist/tex/latex/tools/bm.sty
Package: bm 2004/02/26 v1.1c Bold Symbol Support (DPC/FMi)
\symboldoperators=\mathgroup6
\symboldletters=\mathgroup7
\symboldsymbols=\mathgroup8
LaTeX Font Info:    Redeclaring math alphabet \mathbf on input line 138.
LaTeX Info: Redefining \bm on input line 204.
)
(/usr/share/texlive/texmf-dist/tex/latex/base/inputenc.sty
Package: inputenc 2008/03/30 v1.1d Input encoding file
\inpenc@prehook=\toks47
\inpenc@posthook=\toks48

(/usr/share/texlive/texmf-dist/tex/latex/base/latin1.def
File: latin1.def 2008/03/30 v1.1d Input encoding file
))
(/usr/local/share/texmf/tex/generic/pgfplots/libs/tikzlibrarypgfplots.groupplot
s.code.tex
\pgfplots@group@current@plot=\count164
\pgfplots@group@current@row=\count165
\pgfplots@group@current@column=\count166

(/usr/local/share/texmf/tex/generic/pgf/frontendlayer/tikz/libraries/tikzlibrar
ycalc.code.tex
File: tikzlibrarycalc.code.tex 2013/07/15 v3.0.0 (rcs-revision 1.9)
))
(/usr/local/share/texmf/tex/generic/pgf/frontendlayer/tikz/libraries/tikzlibrar
ymatrix.code.tex
File: tikzlibrarymatrix.code.tex 2013/07/12 v3.0.0 (rcs-revision 1.4)
)
(/usr/share/texlive/texmf-dist/tex/latex/fancyhdr/fancyhdr.sty
\fancy@headwidth=\skip50
\f@ncyO@elh=\skip51
\f@ncyO@erh=\skip52
\f@ncyO@olh=\skip53
\f@ncyO@orh=\skip54
\f@ncyO@elf=\skip55
\f@ncyO@erf=\skip56
\f@ncyO@olf=\skip57
\f@ncyO@orf=\skip58
)
(/usr/share/texlive/texmf-dist/tex/latex/hyperref/hyperref.sty
Package: hyperref 2012/11/06 v6.83m Hypertext links for LaTeX

(/usr/share/texlive/texmf-dist/tex/generic/oberdiek/hobsub-hyperref.sty
Package: hobsub-hyperref 2012/05/28 v1.13 Bundle oberdiek, subset hyperref (HO)


(/usr/share/texlive/texmf-dist/tex/generic/oberdiek/hobsub-generic.sty
Package: hobsub-generic 2012/05/28 v1.13 Bundle oberdiek, subset generic (HO)
Package: hobsub 2012/05/28 v1.13 Construct package bundles (HO)
Package hobsub Info: Skipping package `infwarerr' (already loaded).
Package hobsub Info: Skipping package `ltxcmds' (already loaded).
Package hobsub Info: Skipping package `ifluatex' (already loaded).
Package: ifvtex 2010/03/01 v1.5 Detect VTeX and its facilities (HO)
Package ifvtex Info: VTeX not detected.
Package: intcalc 2007/09/27 v1.1 Expandable calculations with integers (HO)
Package hobsub Info: Skipping package `ifpdf' (already loaded).
Package hobsub Info: Skipping package `etexcmds' (already loaded).
Package hobsub Info: Skipping package `kvsetkeys' (already loaded).
Package hobsub Info: Skipping package `kvdefinekeys' (already loaded).
Package hobsub Info: Skipping package `pdftexcmds' (already loaded).
Package: pdfescape 2011/11/25 v1.13 Implements pdfTeX's escape features (HO)
Package: bigintcalc 2012/04/08 v1.3 Expandable calculations on big integers (HO
)
Package: bitset 2011/01/30 v1.1 Handle bit-vector datatype (HO)
Package: uniquecounter 2011/01/30 v1.2 Provide unlimited unique counter (HO)
)
Package hobsub Info: Skipping package `hobsub' (already loaded).
Package: letltxmacro 2010/09/02 v1.4 Let assignment for LaTeX macros (HO)
Package: hopatch 2012/05/28 v1.2 Wrapper for package hooks (HO)
Package: xcolor-patch 2011/01/30 xcolor patch
Package: atveryend 2011/06/30 v1.8 Hooks at the very end of document (HO)
Package atveryend Info: \enddocument detected (standard20110627).
Package: atbegshi 2011/10/05 v1.16 At begin shipout hook (HO)
Package: refcount 2011/10/16 v3.4 Data extraction from label references (HO)
Package: hycolor 2011/01/30 v1.7 Color options for hyperref/bookmark (HO)
)
(/usr/share/texlive/texmf-dist/tex/generic/ifxetex/ifxetex.sty
Package: ifxetex 2010/09/12 v0.6 Provides ifxetex conditional
)
(/usr/share/texlive/texmf-dist/tex/latex/oberdiek/auxhook.sty
Package: auxhook 2011/03/04 v1.3 Hooks for auxiliary files (HO)
)
\@linkdim=\dimen220
\Hy@linkcounter=\count167
\Hy@pagecounter=\count168

(/usr/share/texlive/texmf-dist/tex/latex/hyperref/pd1enc.def
File: pd1enc.def 2012/11/06 v6.83m Hyperref: PDFDocEncoding definition (HO)
)
\Hy@SavedSpaceFactor=\count169

(/usr/share/texlive/texmf-dist/tex/latex/latexconfig/hyperref.cfg
File: hyperref.cfg 2002/06/06 v1.2 hyperref configuration of TeXLive
)
Package hyperref Info: Hyper figures OFF on input line 4443.
Package hyperref Info: Link nesting OFF on input line 4448.
Package hyperref Info: Hyper index ON on input line 4451.
Package hyperref Info: Plain pages OFF on input line 4458.
Package hyperref Info: Backreferencing OFF on input line 4463.
Package hyperref Info: Implicit mode ON; LaTeX internals redefined.
Package hyperref Info: Bookmarks ON on input line 4688.
\c@Hy@tempcnt=\count170

(/usr/share/texlive/texmf-dist/tex/latex/url/url.sty
\Urlmuskip=\muskip11
Package: url 2013/09/16  ver 3.4  Verb mode for urls, etc.
)
LaTeX Info: Redefining \url on input line 5041.
\XeTeXLinkMargin=\dimen221
\Fld@menulength=\count171
\Field@Width=\dimen222
\Fld@charsize=\dimen223
Package hyperref Info: Hyper figures OFF on input line 6295.
Package hyperref Info: Link nesting OFF on input line 6300.
Package hyperref Info: Hyper index ON on input line 6303.
Package hyperref Info: backreferencing OFF on input line 6310.
Package hyperref Info: Link coloring OFF on input line 6315.
Package hyperref Info: Link coloring with OCG OFF on input line 6320.
Package hyperref Info: PDF/A mode OFF on input line 6325.
LaTeX Info: Redefining \ref on input line 6365.
LaTeX Info: Redefining \pageref on input line 6369.
\Hy@abspage=\count172
\c@Item=\count173
\c@Hfootnote=\count174
)

Package hyperref Message: Driver (autodetected): hpdftex.

(/usr/share/texlive/texmf-dist/tex/latex/hyperref/hpdftex.def
File: hpdftex.def 2012/11/06 v6.83m Hyperref driver for pdfTeX
\Fld@listcount=\count175
\c@bookmark@seq@number=\count176

(/usr/share/texlive/texmf-dist/tex/latex/oberdiek/rerunfilecheck.sty
Package: rerunfilecheck 2011/04/15 v1.7 Rerun checks for auxiliary files (HO)
Package uniquecounter Info: New unique counter `rerunfilecheck' on input line 2
82.
)
\Hy@SectionHShift=\skip59
)
No file MAngerer_draft4.aux.
\openout1 = `MAngerer_draft4.aux'.

LaTeX Font Info:    Checking defaults for OML/cmm/m/it on input line 55.
LaTeX Font Info:    ... okay on input line 55.
LaTeX Font Info:    Checking defaults for T1/cmr/m/n on input line 55.
LaTeX Font Info:    ... okay on input line 55.
LaTeX Font Info:    Checking defaults for OT1/cmr/m/n on input line 55.
LaTeX Font Info:    ... okay on input line 55.
LaTeX Font Info:    Checking defaults for OMS/cmsy/m/n on input line 55.
LaTeX Font Info:    ... okay on input line 55.
LaTeX Font Info:    Checking defaults for OMX/cmex/m/n on input line 55.
LaTeX Font Info:    ... okay on input line 55.
LaTeX Font Info:    Checking defaults for U/cmr/m/n on input line 55.
LaTeX Font Info:    ... okay on input line 55.
LaTeX Font Info:    Checking defaults for PD1/pdf/m/n on input line 55.
LaTeX Font Info:    ... okay on input line 55.
(/usr/share/texlive/texmf-dist/tex/context/base/supp-pdf.mkii
[Loading MPS to PDF converter (version 2006.09.02).]
\scratchcounter=\count177
\scratchdimen=\dimen224
\scratchbox=\box45
\nofMPsegments=\count178
\nofMParguments=\count179
\everyMPshowfont=\toks49
\MPscratchCnt=\count180
\MPscratchDim=\dimen225
\MPnumerator=\count181
\makeMPintoPDFobject=\count182
\everyMPtoPDFconversion=\toks50
) ABD: EveryShipout initializing macros
Package pgfplots notification 'compat/show suggested version=true': you might b
enefit from \pgfplotsset{compat=1.12} (current compat level: 1.9).

\AtBeginShipoutBox=\box46
Package hyperref Info: Link coloring OFF on input line 55.
(/usr/share/texlive/texmf-dist/tex/latex/hyperref/nameref.sty
Package: nameref 2012/10/27 v2.43 Cross-referencing by name of section

(/usr/share/texlive/texmf-dist/tex/generic/oberdiek/gettitlestring.sty
Package: gettitlestring 2010/12/03 v1.4 Cleanup title references (HO)
)
\c@section@level=\count183
)
LaTeX Info: Redefining \ref on input line 55.
LaTeX Info: Redefining \pageref on input line 55.
LaTeX Info: Redefining \nameref on input line 55.
\@outlinefile=\write5
\openout5 = `MAngerer_draft4.out'.

LaTeX Font Info:    Try loading font information for U+msa on input line 85.

(/usr/share/texlive/texmf-dist/tex/latex/amsfonts/umsa.fd
File: umsa.fd 2013/01/14 v3.01 AMS symbols A
)
LaTeX Font Info:    Try loading font information for U+msb on input line 85.

(/usr/share/texlive/texmf-dist/tex/latex/amsfonts/umsb.fd
File: umsb.fd 2013/01/14 v3.01 AMS symbols B
) [1
Non-PDF special ignored!
Non-PDF special ignored!
Non-PDF special ignored!
Non-PDF special ignored!
Non-PDF special ignored!


Non-PDF special ignored!
Non-PDF special ignored!
Non-PDF special ignored!{/var/lib/texmf/fonts/map/pdftex/updmap/pdftex.map}]
[2

] [3]pdfTeX warning (ext4): destination with the same identifier (name{page.1})
 has been already used, duplicate ignored
<to be read again> 
                   \relax 
l.112 \begin{abstract}
                       [1]
Overfull \hbox (1.06119pt too wide) in paragraph at lines 126--129
\OT1/cmr/m/n/12 Eingabeschnittstelle, er-fordern die Ber^^?ucksichtigung be-lie
biger Be-fehle, ein-schlie^^Ylich
 []

pdfTeX warning (ext4): destination with the same identifier (name{page.1}) has 
been already used, duplicate ignored
<to be read again> 
                   \relax 
l.129 \end{abstract}
                     [1]
LaTeX Font Info:    Try loading font information for OT1+phv on input line 147.


(/usr/share/texlive/texmf-dist/tex/latex/psnfss/ot1phv.fd
File: ot1phv.fd 2001/06/04 scalable font definitions for OT1/phv.
)

LaTeX Font Warning: Font shape `OT1/phv/a/n' undefined
(Font)              using `OT1/phv/m/n' instead on input line 147.


Package Fancyhdr Warning: \headheight is too small (12.0pt): 
 Make it at least 14.49998pt.
 We now make it that large for the rest of the document.
 This may cause the page layout to be inconsistent, however.

pdfTeX warning (ext4): destination with the same identifier (name{page.2}) has 
been already used, duplicate ignored
<to be read again> 
                   \relax 
l.147 \tableofcontents
                       [2]
\tf@toc=\write6
\openout6 = `MAngerer_draft4.toc'.



Package Fancyhdr Warning: \headheight is too small (12.0pt): 
 Make it at least 14.49998pt.
 We now make it that large for the rest of the document.
 This may cause the page layout to be inconsistent, however.

pdfTeX warning (ext4): destination with the same identifier (name{page.3}) has 
been already used, duplicate ignored
<to be read again> 
                   \relax 
l.283 \chapter
              {Introduction} [3

]

Package Fancyhdr Warning: \headheight is too small (12.0pt): 
 Make it at least 14.49998pt.
 We now make it that large for the rest of the document.
 This may cause the page layout to be inconsistent, however.

[4

]
Chapter 1.

LaTeX Warning: Citation `CoopManipHandbook' on page 5 undefined on input line 2
90.


LaTeX Warning: Citation `Hirche_12' on page 5 undefined on input line 291.


LaTeX Warning: Citation `Goertz_52' on page 5 undefined on input line 291.


LaTeX Warning: Citation `Peters_15' on page 5 undefined on input line 291.


LaTeX Warning: Citation `Sheridian_92' on page 5 undefined on input line 291.


LaTeX Warning: Citation `TeleoperationHandbook' on page 5 undefined on input li
ne 292.


LaTeX Warning: Citation `Lee_05' on page 5 undefined on input line 293.


LaTeX Warning: Citation `Hogan_89' on page 5 undefined on input line 293.


LaTeX Warning: Citation `Peters_15' on page 5 undefined on input line 293.


LaTeX Warning: Citation `Sieber_15' on page 5 undefined on input line 293.


LaTeX Warning: Citation `Gioioso_2014' on page 5 undefined on input line 293.


LaTeX Warning: Reference `FIG:MEISTeR' on page 5 undefined on input line 293.

<meistercomb.jpg, id=42, 1023.825pt x 486.81876pt>
File: meistercomb.jpg Graphic file (type jpg)
 <use meistercomb.jpg>
Package pdftex.def Info: meistercomb.jpg used on input line 297.
(pdftex.def)             Requested size: 426.79134pt x 202.93227pt.

Overfull \hbox (7.83238pt too wide) in paragraph at lines 301--302
 [][] 
 []


LaTeX Warning: Citation `MHI-MEISTeR' on page 5 undefined on input line 302.


LaTeX Warning: Citation `MHI-MEISTeR' on page 5 undefined on input line 302.


LaTeX Warning: Reference `FIG:MEISTeR' on page 5 undefined on input line 306.


LaTeX Warning: Citation `Haddadin_14' on page 5 undefined on input line 307.


LaTeX Warning: Citation `Laffranchi_12' on page 5 undefined on input line 307.


LaTeX Warning: Citation `Tadele_14' on page 5 undefined on input line 307.


LaTeX Warning: Citation `Wood_71' on page 5 undefined on input line 307.


LaTeX Warning: Citation `Yoganandan_96' on page 5 undefined on input line 307.


LaTeX Warning: Citation `Peters_15' on page 5 undefined on input line 308.


LaTeX Warning: Reference `C:pHS modelling' on page 5 undefined on input line 30
9.


LaTeX Warning: Reference `C:Energy-aware control' on page 5 undefined on input 
line 309.


LaTeX Warning: Reference `C:Energy-aware control' on page 5 undefined on input 
line 313.


Underfull \vbox (badness 2662) has occurred while \output is active []



Package Fancyhdr Warning: \headheight is too small (12.0pt): 
 Make it at least 14.49998pt.
 We now make it that large for the rest of the document.
 This may cause the page layout to be inconsistent, however.

[5]

Package Fancyhdr Warning: \headheight is too small (12.0pt): 
 Make it at least 14.49998pt.
 We now make it that large for the rest of the document.
 This may cause the page layout to be inconsistent, however.

[6 <./meistercomb.jpg>]

LaTeX Warning: Reference `FIG:ProblemOverview' on page 7 undefined on input lin
e 323.

Package epstopdf Info: Source file: <general_setup.eps>
(epstopdf)                    date: 2015-03-04 13:12:28
(epstopdf)                    size: 24276 bytes
(epstopdf)             Output file: <general_setup-eps-converted-to.pdf>
(epstopdf)                    date: 2016-05-19 16:20:00
(epstopdf)                    size: 8868 bytes
(epstopdf)             Command: <repstopdf --outfile=general_setup-eps-converte
d-to.pdf general_setup.eps>
(epstopdf)             \includegraphics on input line 327.
Package epstopdf Info: Output file is already uptodate.
<general_setup-eps-converted-to.pdf, id=54, 266.9975pt x 186.6975pt>
File: general_setup-eps-converted-to.pdf Graphic file (type pdf)

<use general_setup-eps-converted-to.pdf>
Package pdftex.def Info: general_setup-eps-converted-to.pdf used on input line 
327.
(pdftex.def)             Requested size: 170.71393pt x 119.37488pt.

Underfull \hbox (badness 10000) in paragraph at lines 322--333

 []


Package Fancyhdr Warning: \headheight is too small (12.0pt): 
 Make it at least 14.49998pt.
 We now make it that large for the rest of the document.
 This may cause the page layout to be inconsistent, however.

[7]

LaTeX Warning: Citation `Hogan_84' on page 8 undefined on input line 342.


LaTeX Warning: Citation `Schneider_92' on page 8 undefined on input line 342.


LaTeX Warning: Citation `Bonitz_96' on page 8 undefined on input line 342.


LaTeX Warning: Citation `Caccavale_01' on page 8 undefined on input line 342.


LaTeX Warning: Citation `Caccavale_08' on page 8 undefined on input line 342.


LaTeX Warning: Citation `Heck_13' on page 8 undefined on input line 342.


LaTeX Warning: Citation `Stramigioli_01' on page 8 undefined on input line 343.



LaTeX Warning: Citation `Wimboeck_06' on page 8 undefined on input line 343.


LaTeX Warning: Citation `Wimboeck_08' on page 8 undefined on input line 343.


LaTeX Warning: Citation `Ortega_08' on page 8 undefined on input line 343.


LaTeX Warning: Citation `Lawton_03' on page 8 undefined on input line 343.


LaTeX Warning: Citation `VosDiss_15' on page 8 undefined on input line 343.


LaTeX Warning: Citation `Vos_14' on page 8 undefined on input line 343.


LaTeX Warning: Citation `Stramigioli_15' on page 8 undefined on input line 343.



LaTeX Warning: Citation `Sieber_15' on page 8 undefined on input line 343.


LaTeX Warning: Citation `Scheggi_14' on page 8 undefined on input line 344.


LaTeX Warning: Citation `Sieber_15' on page 8 undefined on input line 344.


LaTeX Warning: Citation `Wimboeck_06' on page 8 undefined on input line 344.


LaTeX Warning: Citation `Stramigioli_01' on page 8 undefined on input line 344.



LaTeX Warning: Citation `Hirche_12' on page 8 undefined on input line 345.


LaTeX Warning: Citation `Stramigioli_15' on page 8 undefined on input line 345.



LaTeX Warning: Citation `Lee_10' on page 8 undefined on input line 345.


LaTeX Warning: Citation `Franken_11' on page 8 undefined on input line 345.


LaTeX Warning: Citation `Ortega_99' on page 8 undefined on input line 346.


LaTeX Warning: Citation `Laffranchi_09' on page 8 undefined on input line 346.


LaTeX Warning: Citation `Tadele_14' on page 8 undefined on input line 346.


LaTeX Warning: Citation `Geravand_16' on page 8 undefined on input line 346.


Package Fancyhdr Warning: \headheight is too small (12.0pt): 
 Make it at least 14.49998pt.
 We now make it that large for the rest of the document.
 This may cause the page layout to be inconsistent, however.

[8 <./general_setup-eps-converted-to.pdf>]

Package Fancyhdr Warning: \headheight is too small (12.0pt): 
 Make it at least 14.49998pt.
 We now make it that large for the rest of the document.
 This may cause the page layout to be inconsistent, however.

[9]

Package Fancyhdr Warning: \headheight is too small (12.0pt): 
 Make it at least 14.49998pt.
 We now make it that large for the rest of the document.
 This may cause the page layout to be inconsistent, however.

[10

]
Chapter 2.

LaTeX Warning: Reference `S:HSdescription' on page 11 undefined on input line 3
59.


LaTeX Warning: Reference `S:3Dspace-modelling' on page 11 undefined on input li
ne 359.


LaTeX Warning: Reference `S:springmassdampers' on page 11 undefined on input li
ne 359.


LaTeX Warning: Reference `S:ImposingConstraints' on page 11 undefined on input 
line 359.


LaTeX Warning: Citation `Lawton_03' on page 11 undefined on input line 359.


LaTeX Warning: Reference `S:modelbasedcontrol' on page 11 undefined on input li
ne 359.


LaTeX Warning: Citation `Ortega_01' on page 11 undefined on input line 362.


LaTeX Warning: Reference `C:Energy-aware control' on page 11 undefined on input
 line 362.


LaTeX Warning: Citation `Stramigioli_15' on page 11 undefined on input line 362
.


LaTeX Warning: Reference `C:Energy-aware control' on page 11 undefined on input
 line 363.


Overfull \hbox (3.61115pt too wide) in paragraph at lines 362--365
\OT1/cmr/m/n/12 For the energy-consistent mod-elling of me-chan-i-cal sys-tems 
two ap-proaches are known:
 []


Package Fancyhdr Warning: \headheight is too small (12.0pt): 
 Make it at least 14.49998pt.
 We now make it that large for the rest of the document.
 This may cause the page layout to be inconsistent, however.

[11]
Overfull \hbox (17.63243pt too wide) in paragraph at lines 369--369
[]\OT1/cmr/bx/n/17.28 port-Hamiltonian de-scrip-tion of me-chan-i-cal sys-
 []


Package Fancyhdr Warning: \headheight is too small (12.0pt): 
 Make it at least 14.49998pt.
 We now make it that large for the rest of the document.
 This may cause the page layout to be inconsistent, however.

[12]

LaTeX Warning: Citation `vanderSchaft_06' on page 13 undefined on input line 38
1.


LaTeX Warning: Citation `duindam2009geoplexbook' on page 13 undefined on input 
line 394.


LaTeX Warning: Reference `FIG:springmass' on page 13 undefined on input line 39
6.

(./springmass.eps_tex
Package epstopdf Info: Source file: <springmass.eps>
(epstopdf)                    date: 2016-03-23 11:34:24
(epstopdf)                    size: 5969 bytes
(epstopdf)             Output file: <springmass-eps-converted-to.pdf>
(epstopdf)                    date: 2016-03-23 11:34:24
(epstopdf)                    size: 3307 bytes
(epstopdf)             Command: <repstopdf --outfile=springmass-eps-converted-t
o.pdf springmass.eps>
(epstopdf)             \includegraphics on input line 52.
Package epstopdf Info: Output file is already uptodate.

<springmass-eps-converted-to.pdf, id=99, 271.0125pt x 59.22125pt>
File: springmass-eps-converted-to.pdf Graphic file (type pdf)

<use springmass-eps-converted-to.pdf>
Package pdftex.def Info: springmass-eps-converted-to.pdf used on input line 52.

(pdftex.def)             Requested size: 213.39566pt x 46.63245pt.
)

Package Fancyhdr Warning: \headheight is too small (12.0pt): 
 Make it at least 14.49998pt.
 We now make it that large for the rest of the document.
 This may cause the page layout to be inconsistent, however.

[13 <./springmass-eps-converted-to.pdf>]
LaTeX Font Info:    Try loading font information for OMS+cmr on input line 428.


(/usr/share/texlive/texmf-dist/tex/latex/base/omscmr.fd
File: omscmr.fd 1999/05/25 v2.5h Standard LaTeX font definitions
)
LaTeX Font Info:    Font shape `OMS/cmr/m/n' in size <12> not available
(Font)              Font shape `OMS/cmsy/m/n' tried instead on input line 428.


LaTeX Warning: Reference `TAB:PHSvar_mechanic' on page 14 undefined on input li
ne 432.


Overfull \hbox (1.93147pt too wide) in paragraph at lines 441--448
 [][] 
 []


LaTeX Warning: Reference `FIG:pHsstructure' on page 14 undefined on input line 
450.


LaTeX Warning: Reference `FIG:pHsstructure' on page 14 undefined on input line 
450.

(./diracstructure.eps_tex
Package epstopdf Info: Source file: <diracstructure.eps>
(epstopdf)                    date: 2016-05-19 17:15:37
(epstopdf)                    size: 4089 bytes
(epstopdf)             Output file: <diracstructure-eps-converted-to.pdf>
(epstopdf)                    date: 2016-05-19 17:15:43
(epstopdf)                    size: 2800 bytes
(epstopdf)             Command: <repstopdf --outfile=diracstructure-eps-convert
ed-to.pdf diracstructure.eps>
(epstopdf)             \includegraphics on input line 52.
Package epstopdf Info: Output file is already uptodate.

<diracstructure-eps-converted-to.pdf, id=112, 234.8775pt x 57.21375pt>
File: diracstructure-eps-converted-to.pdf Graphic file (type pdf)

<use diracstructure-eps-converted-to.pdf>
Package pdftex.def Info: diracstructure-eps-converted-to.pdf used on input line
 52.
(pdftex.def)             Requested size: 256.0774pt x 62.37744pt.
)

Package Fancyhdr Warning: \headheight is too small (12.0pt): 
 Make it at least 14.49998pt.
 We now make it that large for the rest of the document.
 This may cause the page layout to be inconsistent, however.

[14]

LaTeX Warning: Citation `vanderSchaft_06' on page 15 undefined on input line 47
2.


LaTeX Warning: Citation `vanderSchaft_06' on page 15 undefined on input line 47
7.


LaTeX Warning: Citation `Schaft_14' on page 15 undefined on input line 477.


LaTeX Warning: Reference `FIG:pHsstructure' on page 15 undefined on input line 
478.


Package Fancyhdr Warning: \headheight is too small (12.0pt): 
 Make it at least 14.49998pt.
 We now make it that large for the rest of the document.
 This may cause the page layout to be inconsistent, however.

[15 <./diracstructure-eps-converted-to.pdf>]

LaTeX Warning: Reference `EQ:mechanicalPHS' on page 16 undefined on input line 
491.


LaTeX Warning: Reference `EQ:storageport' on page 16 undefined on input line 52
7.


Package Fancyhdr Warning: \headheight is too small (12.0pt): 
 Make it at least 14.49998pt.
 We now make it that large for the rest of the document.
 This may cause the page layout to be inconsistent, however.

[16]

LaTeX Warning: Citation `Schaft_14' on page 17 undefined on input line 533.


Package Fancyhdr Warning: \headheight is too small (12.0pt): 
 Make it at least 14.49998pt.
 We now make it that large for the rest of the document.
 This may cause the page layout to be inconsistent, however.

[17]

LaTeX Warning: Reference `EQ:generalPHS' on page 18 undefined on input line 560
.


LaTeX Warning: Reference `EQ:PassivityDefinition' on page 18 undefined on input
 line 568.


LaTeX Warning: Reference `EQ:generalPHS' on page 18 undefined on input line 568
.


LaTeX Warning: Citation `Ortega_01' on page 18 undefined on input line 569.


LaTeX Warning: Citation `Stramigioli_01b' on page 18 undefined on input line 57
5.


Package Fancyhdr Warning: \headheight is too small (12.0pt): 
 Make it at least 14.49998pt.
 We now make it that large for the rest of the document.
 This may cause the page layout to be inconsistent, however.

[18]

LaTeX Warning: Citation `Stramigioli_01' on page 19 undefined on input line 593
.


LaTeX Warning: Reference `EQ:coordchange' on page 19 undefined on input line 59
5.

LaTeX Font Info:    Try loading font information for U+euf on input line 601.
(/usr/share/texlive/texmf-dist/tex/latex/amsfonts/ueuf.fd
File: ueuf.fd 2013/01/14 v3.01 Euler Fraktur
)

LaTeX Warning: Citation `Stramigioli_01' on page 19 undefined on input line 601
.


LaTeX Warning: Reference `EQ:twistrighttranslation' on page 19 undefined on inp
ut line 601.


Package Fancyhdr Warning: \headheight is too small (12.0pt): 
 Make it at least 14.49998pt.
 We now make it that large for the rest of the document.
 This may cause the page layout to be inconsistent, however.

[19]

LaTeX Warning: Citation `KinematicsHandbook' on page 20 undefined on input line
 636.


Underfull \hbox (badness 10000) in paragraph at lines 646--647

 []


Package Fancyhdr Warning: \headheight is too small (12.0pt): 
 Make it at least 14.49998pt.
 We now make it that large for the rest of the document.
 This may cause the page layout to be inconsistent, however.

[20]
Underfull \hbox (badness 10000) in paragraph at lines 674--676

 []


LaTeX Warning: Citation `Schaft_14' on page 21 undefined on input line 680.


Package Fancyhdr Warning: \headheight is too small (12.0pt): 
 Make it at least 14.49998pt.
 We now make it that large for the rest of the document.
 This may cause the page layout to be inconsistent, however.

[21]

LaTeX Warning: Citation `Stramigioli_01' on page 22 undefined on input line 698
.


LaTeX Warning: Citation `Stramigioli_99' on page 22 undefined on input line 707
.


Package Fancyhdr Warning: \headheight is too small (12.0pt): 
 Make it at least 14.49998pt.
 We now make it that large for the rest of the document.
 This may cause the page layout to be inconsistent, however.

[22]

LaTeX Warning: Citation `Stramigioli_01' on page 23 undefined on input line 738
.


LaTeX Warning: Citation `Stramigioli_01b' on page 23 undefined on input line 74
2.


Package Fancyhdr Warning: \headheight is too small (12.0pt): 
 Make it at least 14.49998pt.
 We now make it that large for the rest of the document.
 This may cause the page layout to be inconsistent, however.

[23]

LaTeX Warning: Reference `TAB:PHSvar_mechanic' on page 24 undefined on input li
ne 779.


LaTeX Warning: Reference `EQ:lefttranslation' on page 24 undefined on input lin
e 786.


Package Fancyhdr Warning: \headheight is too small (12.0pt): 
 Make it at least 14.49998pt.
 We now make it that large for the rest of the document.
 This may cause the page layout to be inconsistent, however.

[24]

LaTeX Warning: Reference `S:HSdescription' on page 25 undefined on input line 8
23.


LaTeX Warning: Reference `EQ:HSexample' on page 25 undefined on input line 823.



LaTeX Warning: Citation `Duindam_09' on page 25 undefined on input line 830.


LaTeX Warning: Reference `S:modelbasedcontrol' on page 25 undefined on input li
ne 830.


LaTeX Warning: Reference `EQ:PHSinertia' on page 25 undefined on input line 830
.


Overfull \hbox (4.16391pt too wide) in paragraph at lines 829--831
\OT1/cmr/m/n/12 This is the port-Hamiltonian rep-re-sen-ta-tion of a one-dimens
ional spring-mass-damper
 []


Package Fancyhdr Warning: \headheight is too small (12.0pt): 
 Make it at least 14.49998pt.
 We now make it that large for the rest of the document.
 This may cause the page layout to be inconsistent, however.

[25]
Underfull \vbox (badness 1184) has occurred while \output is active []



Package Fancyhdr Warning: \headheight is too small (12.0pt): 
 Make it at least 14.49998pt.
 We now make it that large for the rest of the document.
 This may cause the page layout to be inconsistent, however.

[26]

LaTeX Warning: Reference `EQ:PHSinertia' on page 27 undefined on input line 915
.


LaTeX Warning: Citation `Duindam_09' on page 27 undefined on input line 915.


LaTeX Warning: Citation `Erhart_16' on page 27 undefined on input line 915.


LaTeX Warning: Citation `duindam2009geoplexbook' on page 27 undefined on input 
line 919.


LaTeX Warning: Reference `S:HSdescription' on page 27 undefined on input line 9
27.


Package Fancyhdr Warning: \headheight is too small (12.0pt): 
 Make it at least 14.49998pt.
 We now make it that large for the rest of the document.
 This may cause the page layout to be inconsistent, however.

[27]

LaTeX Warning: Citation `Schaft_13' on page 28 undefined on input line 944.


LaTeX Warning: Citation `Duindam_09' on page 28 undefined on input line 944.


LaTeX Warning: Citation `Duindam_09' on page 28 undefined on input line 945.


LaTeX Warning: Reference `EQ:PHSpconstrained' on page 28 undefined on input lin
e 960.


Package Fancyhdr Warning: \headheight is too small (12.0pt): 
 Make it at least 14.49998pt.
 We now make it that large for the rest of the document.
 This may cause the page layout to be inconsistent, however.

[28]

LaTeX Warning: Reference `EQ:twistdecomposition' on page 29 undefined on input 
line 1024.


LaTeX Warning: Citation `Erhart_16' on page 29 undefined on input line 1058.


Underfull \hbox (badness 10000) in paragraph at lines 1057--1059

 []


LaTeX Warning: Reference `EQ:PHSpconstrained' on page 29 undefined on input lin
e 1060.


LaTeX Warning: Reference `EQ:adjointmapping' on page 29 undefined on input line
 1080.


Overfull \hbox (0.46487pt too wide) in paragraph at lines 1084--1086
\OT1/cmr/m/n/12 Here we as-sume that the in-er-tias are not con-fig-u-ra-tion d
e-pen-dent, i.e. time-invariant.
 []


Package Fancyhdr Warning: \headheight is too small (12.0pt): 
 Make it at least 14.49998pt.
 We now make it that large for the rest of the document.
 This may cause the page layout to be inconsistent, however.

[29]

LaTeX Warning: Reference `EQ:centripetaldetail' on page 30 undefined on input l
ine 1095.


Overfull \hbox (14.37227pt too wide) in alignment at lines 1096--1120
 [][][] []
 []


LaTeX Warning: Citation `Erhart_16' on page 30 undefined on input line 1121.


LaTeX Warning: Citation `Liu_02' on page 30 undefined on input line 1121.


Underfull \hbox (badness 10000) in paragraph at lines 1120--1144

 []


LaTeX Warning: Citation `Stramigioli_01' on page 30 undefined on input line 124
1.


LaTeX Warning: Reference `FIG:modelbasedcontrol' on page 30 undefined on input 
line 1243.


LaTeX Warning: Reference `SS:referencetrajectoryDIPC' on page 30 undefined on i
nput line 1246.


LaTeX Warning: Reference `SS:constrainedDIPC' on page 30 undefined on input lin
e 1246.


LaTeX Warning: Reference `SS:PHSinterconnection' on page 30 undefined on input 
line 1248.


LaTeX Warning: Citation `Stramigioli_01' on page 30 undefined on input line 124
8.

(./modellbasedcontrol.eps_tex
Package epstopdf Info: Source file: <modellbasedcontrol.eps>
(epstopdf)                    date: 2016-03-24 14:45:16
(epstopdf)                    size: 64879 bytes
(epstopdf)             Output file: <modellbasedcontrol-eps-converted-to.pdf>
(epstopdf)                    date: 2016-03-24 14:45:19
(epstopdf)                    size: 57022 bytes
(epstopdf)             Command: <repstopdf --outfile=modellbasedcontrol-eps-con
verted-to.pdf modellbasedcontrol.eps>
(epstopdf)             \includegraphics on input line 52.
Package epstopdf Info: Output file is already uptodate.

<modellbasedcontrol-eps-converted-to.pdf, id=271, 344.28625pt x 75.28125pt>
File: modellbasedcontrol-eps-converted-to.pdf Graphic file (type pdf)

<use modellbasedcontrol-eps-converted-to.pdf>
Package pdftex.def Info: modellbasedcontrol-eps-converted-to.pdf used on input 
line 52.
(pdftex.def)             Requested size: 422.52576pt x 92.38974pt.
)

LaTeX Warning: Citation `Stramigioli_01' on page 30 undefined on input line 125
7.


LaTeX Warning: Reference `C:Energy-aware control' on page 30 undefined on input
 line 1257.


Package Fancyhdr Warning: \headheight is too small (12.0pt): 
 Make it at least 14.49998pt.
 We now make it that large for the rest of the document.
 This may cause the page layout to be inconsistent, however.

[30]

LaTeX Warning: Reference `S:springmassdampers' on page 31 undefined on input li
ne 1260.


LaTeX Warning: Reference `EQ:externalimpedance' on page 31 undefined on input l
ine 1260.


LaTeX Warning: Reference `EQ:internalimpedance' on page 31 undefined on input l
ine 1260.


LaTeX Warning: Reference `EQ:externalimpedance' on page 31 undefined on input l
ine 1260.


LaTeX Warning: Reference `EQ:internalimpedance' on page 31 undefined on input l
ine 1260.


LaTeX Warning: Reference `FIG:referencetrajectory' on page 31 undefined on inpu
t line 1260.

(./referencetrajectory.eps_tex
Package epstopdf Info: Source file: <referencetrajectory.eps>
(epstopdf)                    date: 2016-03-23 19:40:00
(epstopdf)                    size: 44946 bytes
(epstopdf)             Output file: <referencetrajectory-eps-converted-to.pdf>
(epstopdf)                    date: 2016-03-23 19:40:04
(epstopdf)                    size: 42987 bytes
(epstopdf)             Command: <repstopdf --outfile=referencetrajectory-eps-co
nverted-to.pdf referencetrajectory.eps>
(epstopdf)             \includegraphics on input line 52.
Package epstopdf Info: Output file is already uptodate.

<referencetrajectory-eps-converted-to.pdf, id=281, 328.22626pt x 119.44624pt>
File: referencetrajectory-eps-converted-to.pdf Graphic file (type pdf)

<use referencetrajectory-eps-converted-to.pdf>
Package pdftex.def Info: referencetrajectory-eps-converted-to.pdf used on input
 line 52.
(pdftex.def)             Requested size: 341.43436pt x 124.25395pt.
)

Package Fancyhdr Warning: \headheight is too small (12.0pt): 
 Make it at least 14.49998pt.
 We now make it that large for the rest of the document.
 This may cause the page layout to be inconsistent, however.

[31 <./modellbasedcontrol-eps-converted-to.pdf>]
Overfull \hbox (20.00406pt too wide) in alignment at lines 1269--1303
 [][][] []
 []


Underfull \vbox (badness 10000) has occurred while \output is active []



Package Fancyhdr Warning: \headheight is too small (12.0pt): 
 Make it at least 14.49998pt.
 We now make it that large for the rest of the document.
 This may cause the page layout to be inconsistent, however.

[32 <./referencetrajectory-eps-converted-to.pdf>]

LaTeX Warning: Citation `Caccavale_08' on page 33 undefined on input line 1304.



LaTeX Warning: Reference `EQ:generalPHS' on page 33 undefined on input line 130
6.


LaTeX Warning: Reference `SS:DynamicsPhysicalComponents' on page 33 undefined o
n input line 1316.


LaTeX Warning: Citation `duindam2009geoplexbook' on page 33 undefined on input 
line 1316.


LaTeX Warning: Reference `FIG:admittancecontrol' on page 33 undefined on input 
line 1317.


LaTeX Warning: Reference `S:ImposingConstraints' on page 33 undefined on input 
line 1318.


Package Fancyhdr Warning: \headheight is too small (12.0pt): 
 Make it at least 14.49998pt.
 We now make it that large for the rest of the document.
 This may cause the page layout to be inconsistent, however.

[33] (./admittancecontrol.eps_tex
Package epstopdf Info: Source file: <admittancecontrol.eps>
(epstopdf)                    date: 2016-03-23 19:47:44
(epstopdf)                    size: 44715 bytes
(epstopdf)             Output file: <admittancecontrol-eps-converted-to.pdf>
(epstopdf)                    date: 2016-03-23 19:47:45
(epstopdf)                    size: 42719 bytes
(epstopdf)             Command: <repstopdf --outfile=admittancecontrol-eps-conv
erted-to.pdf admittancecontrol.eps>
(epstopdf)             \includegraphics on input line 52.
Package epstopdf Info: Output file is already uptodate.

<admittancecontrol-eps-converted-to.pdf, id=309, 333.245pt x 119.44624pt>
File: admittancecontrol-eps-converted-to.pdf Graphic file (type pdf)

<use admittancecontrol-eps-converted-to.pdf>
Package pdftex.def Info: admittancecontrol-eps-converted-to.pdf used on input l
ine 52.
(pdftex.def)             Requested size: 341.43436pt x 122.38943pt.
)

LaTeX Warning: Reference `S:ImposingConstraints' on page 34 undefined on input 
line 1354.


Underfull \vbox (badness 10000) has occurred while \output is active []



Package Fancyhdr Warning: \headheight is too small (12.0pt): 
 Make it at least 14.49998pt.
 We now make it that large for the rest of the document.
 This may cause the page layout to be inconsistent, however.

[34 <./admittancecontrol-eps-converted-to.pdf>]
Overfull \hbox (20.00635pt too wide) in alignment at lines 1370--1405
 [][][] []
 []


Underfull \vbox (badness 1082) has occurred while \output is active []



Package Fancyhdr Warning: \headheight is too small (12.0pt): 
 Make it at least 14.49998pt.
 We now make it that large for the rest of the document.
 This may cause the page layout to be inconsistent, however.

[35]

Package Fancyhdr Warning: \headheight is too small (12.0pt): 
 Make it at least 14.49998pt.
 We now make it that large for the rest of the document.
 This may cause the page layout to be inconsistent, however.

[36]
Chapter 3.

LaTeX Warning: Reference `S:modelbasedcontrol' on page 37 undefined on input li
ne 1449.


LaTeX Warning: Citation `Stramigioli_15' on page 37 undefined on input line 145
1.


LaTeX Warning: Citation `Hogan_89' on page 37 undefined on input line 1452.

(./passivityenvironment.eps_tex
Package epstopdf Info: Source file: <passivityenvironment.eps>
(epstopdf)                    date: 2016-03-31 20:46:52
(epstopdf)                    size: 48180 bytes
(epstopdf)             Output file: <passivityenvironment-eps-converted-to.pdf>

(epstopdf)                    date: 2016-03-31 20:46:54
(epstopdf)                    size: 52688 bytes
(epstopdf)             Command: <repstopdf --outfile=passivityenvironment-eps-c
onverted-to.pdf passivityenvironment.eps>
(epstopdf)             \includegraphics on input line 52.
Package epstopdf Info: Output file is already uptodate.

<passivityenvironment-eps-converted-to.pdf, id=334, 305.14pt x 100.375pt>
File: passivityenvironment-eps-converted-to.pdf Graphic file (type pdf)

<use passivityenvironment-eps-converted-to.pdf>
Package pdftex.def Info: passivityenvironment-eps-converted-to.pdf used on inpu
t line 52.
(pdftex.def)             Requested size: 405.45045pt x 133.37758pt.
)

LaTeX Warning: Reference `FIG:passivityenvironment' on page 37 undefined on inp
ut line 1462.


LaTeX Warning: Reference `FIG:energytank' on page 37 undefined on input line 14
63.


LaTeX Warning: Citation `Haddadin_14' on page 37 undefined on input line 1464.


LaTeX Warning: Citation `Wood_71' on page 37 undefined on input line 1464.


LaTeX Warning: Citation `Yoganandan_96' on page 37 undefined on input line 1464
.


Package Fancyhdr Warning: \headheight is too small (12.0pt): 
 Make it at least 14.49998pt.
 We now make it that large for the rest of the document.
 This may cause the page layout to be inconsistent, however.

[37

]

LaTeX Warning: Reference `S:modelbasedcontrol' on page 38 undefined on input li
ne 1473.


LaTeX Warning: Reference `SS:EnergyExchangeEnvironment' on page 38 undefined on
 input line 1587.


LaTeX Warning: Reference `S:modelbasedcontrol' on page 38 undefined on input li
ne 1587.


Underfull \vbox (badness 10000) has occurred while \output is active []



Package Fancyhdr Warning: \headheight is too small (12.0pt): 
 Make it at least 14.49998pt.
 We now make it that large for the rest of the document.
 This may cause the page layout to be inconsistent, however.

[38 <./passivityenvironment-eps-converted-to.pdf>]

LaTeX Warning: Reference `S:modelbasedcontrol' on page 39 undefined on input li
ne 1602.


Package Fancyhdr Warning: \headheight is too small (12.0pt): 
 Make it at least 14.49998pt.
 We now make it that large for the rest of the document.
 This may cause the page layout to be inconsistent, however.

[39]
Overfull \hbox (6.54405pt too wide) in paragraph at lines 1617--1619
\OT1/cmr/m/n/12 The com-bined Hamil-to-nian en-ergy func-tion of the in-ter-con
-nected sys-tem is $[](\OML/cmm/b/it/12 x\OML/cmm/m/it/12 ; x[]\OT1/cmr/m/n/12 
) =
 []


Package Fancyhdr Warning: \headheight is too small (12.0pt): 
 Make it at least 14.49998pt.
 We now make it that large for the rest of the document.
 This may cause the page layout to be inconsistent, however.

[40] (./energytank.eps_tex
Package epstopdf Info: Source file: <energytank.eps>
(epstopdf)                    date: 2016-03-31 21:07:21
(epstopdf)                    size: 51698 bytes
(epstopdf)             Output file: <energytank-eps-converted-to.pdf>
(epstopdf)                    date: 2016-03-31 21:07:24
(epstopdf)                    size: 53650 bytes
(epstopdf)             Command: <repstopdf --outfile=energytank-eps-converted-t
o.pdf energytank.eps>
(epstopdf)             \includegraphics on input line 52.
Package epstopdf Info: Output file is already uptodate.

<energytank-eps-converted-to.pdf, id=368, 305.14pt x 100.375pt>
File: energytank-eps-converted-to.pdf Graphic file (type pdf)

<use energytank-eps-converted-to.pdf>
Package pdftex.def Info: energytank-eps-converted-to.pdf used on input line 52.

(pdftex.def)             Requested size: 405.45045pt x 133.37758pt.
)

LaTeX Warning: Reference `SS:PHSinterconnection' on page 41 undefined on input 
line 1672.


LaTeX Warning: Reference `EQ:generalPHS' on page 41 undefined on input line 167
2.


LaTeX Warning: Citation `Hogan_84b' on page 41 undefined on input line 1690.


Package Fancyhdr Warning: \headheight is too small (12.0pt): 
 Make it at least 14.49998pt.
 We now make it that large for the rest of the document.
 This may cause the page layout to be inconsistent, however.

[41 <./energytank-eps-converted-to.pdf>]

LaTeX Warning: Reference `S:HSdescription' on page 42 undefined on input line 1
713.


LaTeX Warning: Reference `EQ:SpringEnergyFunction' on page 42 undefined on inpu
t line 1717.


LaTeX Warning: Citation `Stramigioli_01c' on page 42 undefined on input line 17
17.


LaTeX Warning: Reference `EQ:tankpower' on page 42 undefined on input line 1743
.


Package Fancyhdr Warning: \headheight is too small (12.0pt): 
 Make it at least 14.49998pt.
 We now make it that large for the rest of the document.
 This may cause the page layout to be inconsistent, however.

[42]

LaTeX Warning: Reference `EQ:generalPHS' on page 43 undefined on input line 175
8.


LaTeX Warning: Citation `Ott_04' on page 43 undefined on input line 1805.


LaTeX Warning: Citation `Tien_08' on page 43 undefined on input line 1806.


LaTeX Warning: Reference `S:PassivitySafety' on page 43 undefined on input line
 1808.


Package Fancyhdr Warning: \headheight is too small (12.0pt): 
 Make it at least 14.49998pt.
 We now make it that large for the rest of the document.
 This may cause the page layout to be inconsistent, however.

[43]
Underfull \vbox (badness 6575) has occurred while \output is active []



Package Fancyhdr Warning: \headheight is too small (12.0pt): 
 Make it at least 14.49998pt.
 We now make it that large for the rest of the document.
 This may cause the page layout to be inconsistent, however.

[44]

LaTeX Warning: Reference `S:modelbasedcontrol' on page 45 undefined on input li
ne 1812.


LaTeX Warning: Citation `Erhart_16' on page 45 undefined on input line 1821.


Package Fancyhdr Warning: \headheight is too small (12.0pt): 
 Make it at least 14.49998pt.
 We now make it that large for the rest of the document.
 This may cause the page layout to be inconsistent, however.

[45]

Package Fancyhdr Warning: \headheight is too small (12.0pt): 
 Make it at least 14.49998pt.
 We now make it that large for the rest of the document.
 This may cause the page layout to be inconsistent, however.

[46]
Chapter 4.

LaTeX Warning: Citation `Erhart_16' on page 47 undefined on input line 1831.


LaTeX Warning: Reference `TAB:generalsimulationprop' on page 47 undefined on in
put line 1832.


LaTeX Warning: Reference `FIG:ReferenceTrajectory' on page 47 undefined on inpu
t line 1832.

(./RefTrajectory.tex
PGFPlots: reading {../plotdata/ReferenceTrajectory.txt}
PGFPlots: reading {../plotdata/ReferenceTrajectory.txt}


LaTeX Warning: Reference `plots:RefRot' on page 47 undefined on input line 24.


LaTeX Warning: Reference `plots:RefTran' on page 47 undefined on input line 25.


)

LaTeX Warning: `h' float specifier changed to `ht'.


LaTeX Warning: Citation `Caccavale_01' on page 47 undefined on input line 1872.



LaTeX Warning: Citation `Caccavale_08' on page 47 undefined on input line 1872.



LaTeX Warning: Citation `Caccavale_08' on page 47 undefined on input line 1872.



LaTeX Warning: Reference `TAB:CaViParameters' on page 47 undefined on input lin
e 1872.


Underfull \vbox (badness 10000) has occurred while \output is active []



Package Fancyhdr Warning: \headheight is too small (12.0pt): 
 Make it at least 14.49998pt.
 We now make it that large for the rest of the document.
 This may cause the page layout to be inconsistent, however.

[47

]

LaTeX Warning: Reference `FIG:CaViSim' on page 48 undefined on input line 1907.



Package Fancyhdr Warning: \headheight is too small (12.0pt): 
 Make it at least 14.49998pt.
 We now make it that large for the rest of the document.
 This may cause the page layout to be inconsistent, however.

[48] (./CaVigroup.tex
PGFPlots: reading {../plotdata/CaVitrans_errPos.txt}
PGFPlots: reading {../plotdata/CaVirot_errOrient.txt}


LaTeX Warning: Reference `plots:errPos' on page 49 undefined on input line 24.


LaTeX Warning: Reference `plots:errOrient' on page 49 undefined on input line 2
5.

PGFPlots: reading {../plotdata/CaVitrans_errVeloc.txt}
PGFPlots: reading {../plotdata/CaVirot_errAngVel.txt}

LaTeX Warning: Reference `plots:errVeloc' on page 49 undefined on input line 53
.


LaTeX Warning: Reference `plots:errAngVel' on page 49 undefined on input line 5
4.

PGFPlots: reading {"../plotdata/CaVitrans_Manipulator wrench_tx.txt"}
PGFPlots: reading {"../plotdata/CaVitrans_Manipulator wrench_ty.txt"}
PGFPlots: reading {"../plotdata/CaVitrans_Manipulator wrench_rz.txt"}
PGFPlots: reading {"../plotdata/CaVirot_Manipulator wrench_tx.txt"}
PGFPlots: reading {"../plotdata/CaVirot_Manipulator wrench_ty.txt"}
PGFPlots: reading {"../plotdata/CaVirot_Manipulator wrench_rz.txt"}

LaTeX Warning: Reference `plots:forcex' on page 49 undefined on input line 86.


LaTeX Warning: Reference `plots:forcey' on page 49 undefined on input line 87.


LaTeX Warning: Reference `plots:torquez' on page 49 undefined on input line 88.


PGFPlots: reading {"../plotdata/CaVitrans_Internal wrench_tx.txt"}
PGFPlots: reading {"../plotdata/CaVitrans_Internal wrench_ty.txt"}
PGFPlots: reading {"../plotdata/CaVitrans_Internal wrench_rz.txt"}
PGFPlots: reading {"../plotdata/CaVirot_Internal Wrench_tx.txt"}
PGFPlots: reading {"../plotdata/CaVirot_Internal Wrench_ty.txt"}
PGFPlots: reading {"../plotdata/CaVirot_Internal Wrench_rz.txt"}

LaTeX Warning: Reference `plots:forceix' on page 49 undefined on input line 119
.


LaTeX Warning: Reference `plots:forceiy' on page 49 undefined on input line 120
.


LaTeX Warning: Reference `plots:torqueiz' on page 49 undefined on input line 12
1.

)

LaTeX Warning: Float too large for page by 62.06035pt on input line 1926.


LaTeX Warning: `h' float specifier changed to `ht'.


LaTeX Warning: Citation `Erhart_16' on page 49 undefined on input line 1935.


LaTeX Warning: Citation `Caccavale_08' on page 49 undefined on input line 1935.



LaTeX Warning: Reference `TAB:DePaParameters' on page 49 undefined on input lin
e 1937.


LaTeX Warning: Reference `FIG:DePaSim' on page 49 undefined on input line 1937.


(./Depasgroup.tex
PGFPlots: reading {../plotdata/DePastrans_errPos.txt}
PGFPlots: reading {../plotdata/DePasrot_errOrient.txt}


LaTeX Warning: Reference `plots:errPos' on page 49 undefined on input line 24.


LaTeX Warning: Reference `plots:errOrient' on page 49 undefined on input line 2
5.

PGFPlots: reading {../plotdata/DePastrans_errVeloc.txt}
PGFPlots: reading {../plotdata/DePasrot_errAngVel.txt}

LaTeX Warning: Reference `plots:errVeloc' on page 49 undefined on input line 53
.


LaTeX Warning: Reference `plots:errAngVel' on page 49 undefined on input line 5
4.

PGFPlots: reading {"../plotdata/DePastrans_Manipulator wrench_tx.txt"}
PGFPlots: reading {"../plotdata/DePastrans_Manipulator wrench_ty.txt"}
PGFPlots: reading {"../plotdata/DePastrans_Manipulator wrench_rz.txt"}
PGFPlots: reading {"../plotdata/DePasrot_Manipulator wrench_tx.txt"}
PGFPlots: reading {"../plotdata/DePasrot_Manipulator wrench_ty.txt"}
PGFPlots: reading {"../plotdata/DePasrot_Manipulator wrench_rz.txt"}

LaTeX Warning: Reference `plots:forcex' on page 49 undefined on input line 86.


LaTeX Warning: Reference `plots:forcey' on page 49 undefined on input line 87.


LaTeX Warning: Reference `plots:torquez' on page 49 undefined on input line 88.


PGFPlots: reading {"../plotdata/DePastrans_Internal wrench_tx.txt"}
PGFPlots: reading {"../plotdata/DePastrans_Internal wrench_ty.txt"}
PGFPlots: reading {"../plotdata/DePastrans_Internal wrench_rz.txt"}
PGFPlots: reading {"../plotdata/DePasrot_Internal wrench_tx.txt"}
PGFPlots: reading {"../plotdata/DePasrot_Internal wrench_ty.txt"}
PGFPlots: reading {"../plotdata/DePasrot_Internal wrench_rz.txt"}

LaTeX Warning: Reference `plots:forceix' on page 49 undefined on input line 119
.


LaTeX Warning: Reference `plots:forceiy' on page 49 undefined on input line 120
.


LaTeX Warning: Reference `plots:torqueiz' on page 49 undefined on input line 12
1.

)

LaTeX Warning: Float too large for page by 62.05772pt on input line 1960.


LaTeX Warning: `h' float specifier changed to `ht'.


LaTeX Warning: Citation `Stramigioli_01' on page 49 undefined on input line 197
8.


LaTeX Warning: Citation `Wimboeck_08' on page 49 undefined on input line 1978.


LaTeX Warning: Reference `TAB:IPCParameters' on page 49 undefined on input line
 1979.


LaTeX Warning: Reference `FIG:IPCSim' on page 49 undefined on input line 1979.


LaTeX Warning: Reference `FIG:ImpedanceIPC' on page 49 undefined on input line 
1979.

(./ImpedanceIPC.eps_tex
Package epstopdf Info: Source file: <ImpedanceIPC.eps>
(epstopdf)                    date: 2016-04-23 17:01:09
(epstopdf)                    size: 39588 bytes
(epstopdf)             Output file: <ImpedanceIPC-eps-converted-to.pdf>
(epstopdf)                    date: 2016-04-23 17:01:41
(epstopdf)                    size: 30253 bytes
(epstopdf)             Command: <repstopdf --outfile=ImpedanceIPC-eps-converted
-to.pdf ImpedanceIPC.eps>
(epstopdf)             \includegraphics on input line 52.
Package epstopdf Info: Output file is already uptodate.

<ImpedanceIPC-eps-converted-to.pdf, id=433, 403.5075pt x 80.3pt>
File: ImpedanceIPC-eps-converted-to.pdf Graphic file (type pdf)

<use ImpedanceIPC-eps-converted-to.pdf>
Package pdftex.def Info: ImpedanceIPC-eps-converted-to.pdf used on input line 5
2.
(pdftex.def)             Requested size: 405.45045pt x 80.68697pt.
)
Overfull \hbox (1.81688pt too wide) in paragraph at lines 1978--1987
\OT1/cmr/m/n/12 The IPC was in-tro-duced by Strami-gi-oli [[]] and ex-per-i-men
-tally eval-u-ated by Wimb^^?ock
 []


Underfull \hbox (badness 10000) in paragraph at lines 1978--1987

 []


Package Fancyhdr Warning: \headheight is too small (12.0pt): 
 Make it at least 14.49998pt.
 We now make it that large for the rest of the document.
 This may cause the page layout to be inconsistent, however.

[49]

LaTeX Warning: Citation `SimulinkHelp:Solver' on page 50 undefined on input lin
e 1988.

(./StrIPCgroup.tex
PGFPlots: reading {../plotdata/StrIPCtrans_errPos.txt}
PGFPlots: reading {../plotdata/StrIPCrot_errOrient.txt}


LaTeX Warning: Reference `plots:errPos' on page 50 undefined on input line 24.


LaTeX Warning: Reference `plots:errOrient' on page 50 undefined on input line 2
5.

PGFPlots: reading {../plotdata/StrIPCtrans_errVeloc.txt}
PGFPlots: reading {../plotdata/StrIPCrot_errAngVel.txt}

LaTeX Warning: Reference `plots:errVeloc' on page 50 undefined on input line 53
.


LaTeX Warning: Reference `plots:errAngVel' on page 50 undefined on input line 5
4.

PGFPlots: reading {"../plotdata/StrIPCtrans_Manipulator wrench_tx.txt"}
PGFPlots: reading {"../plotdata/StrIPCtrans_Manipulator wrench_ty.txt"}
PGFPlots: reading {"../plotdata/StrIPCtrans_Manipulator wrench_rz.txt"}
PGFPlots: reading {"../plotdata/StrIPCrot_Manipulator wrench_tx.txt"}
PGFPlots: reading {"../plotdata/StrIPCrot_Manipulator wrench_ty.txt"}
PGFPlots: reading {"../plotdata/StrIPCrot_Manipulator wrench_rz.txt"}

LaTeX Warning: Reference `plots:forcex' on page 50 undefined on input line 86.


LaTeX Warning: Reference `plots:forcey' on page 50 undefined on input line 87.


LaTeX Warning: Reference `plots:torquez' on page 50 undefined on input line 88.


PGFPlots: reading {"../plotdata/StrIPCtrans_Internal wrench_tx.txt"}
PGFPlots: reading {"../plotdata/StrIPCtrans_Internal wrench_ty.txt"}
PGFPlots: reading {"../plotdata/StrIPCtrans_Internal wrench_rz.txt"}
PGFPlots: reading {"../plotdata/StrIPCrot_Internal wrench_tx.txt"}
PGFPlots: reading {"../plotdata/StrIPCrot_Internal wrench_ty.txt"}
PGFPlots: reading {"../plotdata/StrIPCrot_Internal wrench_rz.txt"}

LaTeX Warning: Reference `plots:forceix' on page 50 undefined on input line 119
.


LaTeX Warning: Reference `plots:forceiy' on page 50 undefined on input line 120
.


LaTeX Warning: Reference `plots:torqueiz' on page 50 undefined on input line 12
1.

)

LaTeX Warning: Float too large for page by 47.56096pt on input line 2021.


Package Fancyhdr Warning: \headheight is too small (12.0pt): 
 Make it at least 14.49998pt.
 We now make it that large for the rest of the document.
 This may cause the page layout to be inconsistent, however.

[50 <./ImpedanceIPC-eps-converted-to.pdf>]

Package Fancyhdr Warning: \headheight is too small (12.0pt): 
 Make it at least 14.49998pt.
 We now make it that large for the rest of the document.
 This may cause the page layout to be inconsistent, however.

[51]

Package Fancyhdr Warning: \headheight is too small (12.0pt): 
 Make it at least 14.49998pt.
 We now make it that large for the rest of the document.
 This may cause the page layout to be inconsistent, however.

[52]

Package Fancyhdr Warning: \headheight is too small (12.0pt): 
 Make it at least 14.49998pt.
 We now make it that large for the rest of the document.
 This may cause the page layout to be inconsistent, however.

[53]

LaTeX Warning: Reference `S:modelbasedcontrol' on page 54 undefined on input li
ne 2026.


LaTeX Warning: Reference `FIG:DIPCcSim' on page 54 undefined on input line 2026
.


LaTeX Warning: Reference `TAB:DIPCcParameters' on page 54 undefined on input li
ne 2026.

(./DIPCcgroup.tex
PGFPlots: reading {../plotdata/DIPCctrans_errPos.txt}
PGFPlots: reading {../plotdata/DIPCcrot_errOrient.txt}


LaTeX Warning: Reference `plots:errPos' on page 54 undefined on input line 24.


LaTeX Warning: Reference `plots:errOrient' on page 54 undefined on input line 2
5.

PGFPlots: reading {../plotdata/DIPCctrans_errVeloc.txt}
PGFPlots: reading {../plotdata/DIPCcrot_errAngVel.txt}

LaTeX Warning: Reference `plots:errVeloc' on page 54 undefined on input line 53
.


LaTeX Warning: Reference `plots:errAngVel' on page 54 undefined on input line 5
4.

PGFPlots: reading {"../plotdata/DIPCctrans_Manipulator wrench_tx.txt"}
PGFPlots: reading {"../plotdata/DIPCctrans_Manipulator wrench_ty.txt"}
PGFPlots: reading {"../plotdata/DIPCctrans_Manipulator wrench_rz.txt"}
PGFPlots: reading {"../plotdata/DIPCcrot_Manipulator wrench_tx.txt"}
PGFPlots: reading {"../plotdata/DIPCcrot_Manipulator wrench_ty.txt"}
PGFPlots: reading {"../plotdata/DIPCcrot_Manipulator wrench_rz.txt"}

LaTeX Warning: Reference `plots:forcex' on page 54 undefined on input line 86.


LaTeX Warning: Reference `plots:forcey' on page 54 undefined on input line 87.


LaTeX Warning: Reference `plots:torquez' on page 54 undefined on input line 88.


PGFPlots: reading {"../plotdata/DIPCctrans_Internal wrench_tx.txt"}
PGFPlots: reading {"../plotdata/DIPCctrans_Internal wrench_ty.txt"}
PGFPlots: reading {"../plotdata/DIPCctrans_Internal wrench_rz.txt"}
PGFPlots: reading {"../plotdata/DIPCcrot_Internal wrench_tx.txt"}
PGFPlots: reading {"../plotdata/DIPCcrot_Internal wrench_ty.txt"}
PGFPlots: reading {"../plotdata/DIPCcrot_Internal wrench_rz.txt"}

LaTeX Warning: Reference `plots:forceix' on page 54 undefined on input line 119
.


LaTeX Warning: Reference `plots:forceiy' on page 54 undefined on input line 120
.


LaTeX Warning: Reference `plots:torqueiz' on page 54 undefined on input line 12
1.

)

LaTeX Warning: Float too large for page by 47.56192pt on input line 2048.


LaTeX Warning: Citation `Caccavale_08' on page 54 undefined on input line 2051.



LaTeX Warning: Reference `TAB:DIPCrParameters' on page 54 undefined on input li
ne 2051.


LaTeX Warning: Reference `FIG:DIPCrSim' on page 54 undefined on input line 2051
.


Package Fancyhdr Warning: \headheight is too small (12.0pt): 
 Make it at least 14.49998pt.
 We now make it that large for the rest of the document.
 This may cause the page layout to be inconsistent, however.

[54

]

Package Fancyhdr Warning: \headheight is too small (12.0pt): 
 Make it at least 14.49998pt.
 We now make it that large for the rest of the document.
 This may cause the page layout to be inconsistent, however.

[55] (./DIPCrgroup.tex
PGFPlots: reading {../plotdata/DIPCrtrans_errPos.txt}
PGFPlots: reading {../plotdata/DIPCrrot_errOrient.txt}


LaTeX Warning: Reference `plots:errPos' on page 56 undefined on input line 24.


LaTeX Warning: Reference `plots:errOrient' on page 56 undefined on input line 2
5.

PGFPlots: reading {../plotdata/DIPCrtrans_errVeloc.txt}
PGFPlots: reading {../plotdata/DIPCrrot_errAngVel.txt}

LaTeX Warning: Reference `plots:errVeloc' on page 56 undefined on input line 53
.


LaTeX Warning: Reference `plots:errAngVel' on page 56 undefined on input line 5
4.

PGFPlots: reading {"../plotdata/DIPCrtrans_Manipulator wrench_tx.txt"}
PGFPlots: reading {"../plotdata/DIPCrtrans_Manipulator wrench_ty.txt"}
PGFPlots: reading {"../plotdata/DIPCrtrans_Manipulator wrench_rz.txt"}
PGFPlots: reading {"../plotdata/DIPCrrot_Manipulator wrench_tx.txt"}
PGFPlots: reading {"../plotdata/DIPCrrot_Manipulator wrench_ty.txt"}
PGFPlots: reading {"../plotdata/DIPCrrot_Manipulator wrench_rz.txt"}

LaTeX Warning: Reference `plots:forcex' on page 56 undefined on input line 86.


LaTeX Warning: Reference `plots:forcey' on page 56 undefined on input line 87.


LaTeX Warning: Reference `plots:torquez' on page 56 undefined on input line 88.


PGFPlots: reading {"../plotdata/DIPCrtrans_Internal wrench_tx.txt"}
PGFPlots: reading {"../plotdata/DIPCrtrans_Internal wrench_ty.txt"}
PGFPlots: reading {"../plotdata/DIPCrtrans_Internal wrench_rz.txt"}
PGFPlots: reading {"../plotdata/DIPCrrot_Internal wrench_tx.txt"}
PGFPlots: reading {"../plotdata/DIPCrrot_Internal wrench_ty.txt"}
PGFPlots: reading {"../plotdata/DIPCrrot_Internal wrench_rz.txt"}

LaTeX Warning: Reference `plots:forceix' on page 56 undefined on input line 119
.


LaTeX Warning: Reference `plots:forceiy' on page 56 undefined on input line 120
.


LaTeX Warning: Reference `plots:torqueiz' on page 56 undefined on input line 12
1.

)

LaTeX Warning: Float too large for page by 46.79916pt on input line 2075.


Package Fancyhdr Warning: \headheight is too small (12.0pt): 
 Make it at least 14.49998pt.
 We now make it that large for the rest of the document.
 This may cause the page layout to be inconsistent, however.

[56]

Package Fancyhdr Warning: \headheight is too small (12.0pt): 
 Make it at least 14.49998pt.
 We now make it that large for the rest of the document.
 This may cause the page layout to be inconsistent, however.

[57]

LaTeX Warning: Reference `S:EnergyTanks' on page 58 undefined on input line 207
9.


LaTeX Warning: Reference `S:PassivitySafety' on page 58 undefined on input line
 2079.


LaTeX Warning: Reference `SS:EnergyAdaptedStiffness' on page 58 undefined on in
put line 2079.


LaTeX Warning: Reference `S:modelbasedcontrol' on page 58 undefined on input li
ne 2079.


LaTeX Warning: Reference `FIG:VarStiff' on page 58 undefined on input line 2080
.


LaTeX Warning: Reference `FIG:VarStiff' on page 58 undefined on input line 2080
.

(./VarStifftrans.tex
PGFPlots: reading {"../plotdata/VarStifftrans_desired position.txt"}
PGFPlots: reading {../plotdata/VarStifftrans_position.txt}
PGFPlots: reading {"../plotdata/VarStifftrans_desired velocity.txt"}
PGFPlots: reading {../plotdata/VarStifftrans_Velocity.txt}
PGFPlots: reading {../plotdata/VarStifftrans_TankLevel.txt}
PGFPlots: reading {"../plotdata/VarStifftrans_Manipulator wrench_tx.txt"}
PGFPlots: reading {"../plotdata/VarStifftrans_Manipulator wrench_ty.txt"}
PGFPlots: reading {"../plotdata/VarStifftrans_Manipulator wrench_rz.txt"}

Overfull \hbox (3.2637pt too wide) in paragraph at lines 62--63
[][] 
 []

)

LaTeX Warning: Float too large for page by 1.94057pt on input line 2085.


Package Fancyhdr Warning: \headheight is too small (12.0pt): 
 Make it at least 14.49998pt.
 We now make it that large for the rest of the document.
 This may cause the page layout to be inconsistent, however.

[58

]

Package Fancyhdr Warning: \headheight is too small (12.0pt): 
 Make it at least 14.49998pt.
 We now make it that large for the rest of the document.
 This may cause the page layout to be inconsistent, however.

[59]

Package Fancyhdr Warning: \headheight is too small (12.0pt): 
 Make it at least 14.49998pt.
 We now make it that large for the rest of the document.
 This may cause the page layout to be inconsistent, however.

[60

]
Chapter 5.

Underfull \vbox (badness 2662) has occurred while \output is active []



Package Fancyhdr Warning: \headheight is too small (12.0pt): 
 Make it at least 14.49998pt.
 We now make it that large for the rest of the document.
 This may cause the page layout to be inconsistent, however.

[61]

Package Fancyhdr Warning: \headheight is too small (12.0pt): 
 Make it at least 14.49998pt.
 We now make it that large for the rest of the document.
 This may cause the page layout to be inconsistent, however.

[62]
\tf@lof=\write7
\openout7 = `MAngerer_draft4.lof'.



Package Fancyhdr Warning: \headheight is too small (12.0pt): 
 Make it at least 14.49998pt.
 We now make it that large for the rest of the document.
 This may cause the page layout to be inconsistent, however.

[63


]

Package Fancyhdr Warning: \headheight is too small (12.0pt): 
 Make it at least 14.49998pt.
 We now make it that large for the rest of the document.
 This may cause the page layout to be inconsistent, however.

[64

]
No file MAngerer_draft4.bbl.

Package Fancyhdr Warning: \headheight is too small (12.0pt): 
 Make it at least 14.49998pt.
 We now make it that large for the rest of the document.
 This may cause the page layout to be inconsistent, however.

[65


]
Package atveryend Info: Empty hook `BeforeClearDocument' on input line 2166.
Package atveryend Info: Empty hook `AfterLastShipout' on input line 2166.
 (./MAngerer_draft4.aux)
Package atveryend Info: Executing hook `AtVeryEndDocument' on input line 2166.
Package atveryend Info: Executing hook `AtEndAfterFileList' on input line 2166.



Package rerunfilecheck Warning: File `MAngerer_draft4.out' has changed.
(rerunfilecheck)                Rerun to get outlines right
(rerunfilecheck)                or use package `bookmark'.

Package rerunfilecheck Info: Checksums for `MAngerer_draft4.out':
(rerunfilecheck)             Before: <no file>
(rerunfilecheck)             After:  CDA2FD87F41BD892C2CFE2943DD4DA75;2792.

LaTeX Font Warning: Some font shapes were not available, defaults substituted.


LaTeX Warning: There were undefined references.


LaTeX Warning: Label(s) may have changed. Rerun to get cross-references right.

Package atveryend Info: Empty hook `AtVeryVeryEnd' on input line 2166.
 ) 
Here is how much of TeX's memory you used:
 29888 strings out of 493304
 699536 string characters out of 6139871
 1389345 words of memory out of 5000000
 32305 multiletter control sequences out of 15000+600000
 18692 words of font info for 64 fonts, out of 8000000 for 9000
 957 hyphenation exceptions out of 8191
 71i,22n,100p,1850b,2189s stack positions out of 5000i,500n,10000p,200000b,80000s
{/usr/share/texlive/texmf-dist/fonts/enc/dvips/base/8r.enc}</usr/share/texliv
e/texmf-dist/fonts/type1/public/amsfonts/cm/cmbx10.pfb></usr/share/texlive/texm
f-dist/fonts/type1/public/amsfonts/cm/cmbx12.pfb></usr/share/texlive/texmf-dist
/fonts/type1/public/amsfonts/cm/cmcsc10.pfb></usr/share/texlive/texmf-dist/font
s/type1/public/amsfonts/cm/cmex10.pfb></usr/share/texlive/texmf-dist/fonts/type
1/public/amsfonts/cm/cmmi10.pfb></usr/share/texlive/texmf-dist/fonts/type1/publ
ic/amsfonts/cm/cmmi12.pfb></usr/share/texlive/texmf-dist/fonts/type1/public/ams
fonts/cm/cmmi6.pfb></usr/share/texlive/texmf-dist/fonts/type1/public/amsfonts/c
m/cmmi8.pfb></usr/share/texlive/texmf-dist/fonts/type1/public/amsfonts/cm/cmmib
10.pfb></usr/share/texlive/texmf-dist/fonts/type1/public/amsfonts/cmextra/cmmib
8.pfb></usr/share/texlive/texmf-dist/fonts/type1/public/amsfonts/cm/cmr10.pfb><
/usr/share/texlive/texmf-dist/fonts/type1/public/amsfonts/cm/cmr12.pfb></usr/sh
are/texlive/texmf-dist/fonts/type1/public/amsfonts/cm/cmr17.pfb></usr/share/tex
live/texmf-dist/fonts/type1/public/amsfonts/cm/cmr6.pfb></usr/share/texlive/tex
mf-dist/fonts/type1/public/amsfonts/cm/cmr8.pfb></usr/share/texlive/texmf-dist/
fonts/type1/public/amsfonts/cm/cmsy10.pfb></usr/share/texlive/texmf-dist/fonts/
type1/public/amsfonts/cm/cmsy8.pfb></usr/share/texlive/texmf-dist/fonts/type1/p
ublic/amsfonts/cm/cmti12.pfb></usr/share/texlive/texmf-dist/fonts/type1/public/
amsfonts/euler/eufm10.pfb></usr/share/texlive/texmf-dist/fonts/type1/public/ams
fonts/symbols/msbm10.pfb></usr/share/texlive/texmf-dist/fonts/type1/urw/helveti
c/uhvr8a.pfb>
Output written on MAngerer_draft4.pdf (69 pages, 1206112 bytes).
PDF statistics:
 711 PDF objects out of 1000 (max. 8388607)
 597 compressed objects within 6 object streams
 294 named destinations out of 1000 (max. 500000)
 63 words of extra memory for PDF output out of 10000 (max. 10000000)

